2023-10-22 09:14:12.828 [info] Log level: Info
2023-10-22 09:14:12.828 [info] Validating found git in: "git"
2023-10-22 09:14:12.828 [info] Using git "2.42.0" from "git"
2023-10-22 09:14:12.828 [info] > git rev-parse --show-toplevel [1368ms]
2023-10-22 09:14:12.828 [info] fatal: not a git repository (or any parent up to mount point /)
Stopping at filesystem boundary (GIT_DISCOVERY_ACROSS_FILESYSTEM not set).
2023-10-22 09:14:13.094 [info] > git rev-parse --show-toplevel [298ms]
2023-10-22 09:14:13.094 [info] fatal: not a git repository (or any parent up to mount point /)
Stopping at filesystem boundary (GIT_DISCOVERY_ACROSS_FILESYSTEM not set).
2023-10-22 09:14:13.116 [info] > git rev-parse --show-toplevel [5ms]
2023-10-22 09:14:13.116 [info] fatal: not a git repository (or any parent up to mount point /)
Stopping at filesystem boundary (GIT_DISCOVERY_ACROSS_FILESYSTEM not set).
2023-10-22 09:14:13.128 [info] > git rev-parse --show-toplevel [2ms]
2023-10-22 09:14:13.128 [info] fatal: not a git repository (or any parent up to mount point /)
Stopping at filesystem boundary (GIT_DISCOVERY_ACROSS_FILESYSTEM not set).
2023-10-22 09:14:13.177 [info] > git rev-parse --show-toplevel [35ms]
2023-10-22 09:14:13.177 [info] fatal: not a git repository (or any parent up to mount point /)
Stopping at filesystem boundary (GIT_DISCOVERY_ACROSS_FILESYSTEM not set).
2023-10-22 09:14:13.195 [info] > git rev-parse --show-toplevel [2ms]
2023-10-22 09:14:13.195 [info] fatal: not a git repository (or any parent up to mount point /)
Stopping at filesystem boundary (GIT_DISCOVERY_ACROSS_FILESYSTEM not set).
2023-10-22 09:14:13.217 [info] > git rev-parse --show-toplevel [3ms]
2023-10-22 09:14:13.242 [info] > git rev-parse --git-dir --git-common-dir [6ms]
2023-10-22 09:14:13.289 [info] Open repository: /home/karuto/Downloads/hyprland-dots
2023-10-22 09:14:13.336 [info] > git config --get commit.template [17ms]
2023-10-22 09:14:13.339 [info] > git rev-parse --show-toplevel [5ms]
2023-10-22 09:14:13.339 [info] fatal: not a git repository (or any parent up to mount point /)
Stopping at filesystem boundary (GIT_DISCOVERY_ACROSS_FILESYSTEM not set).
2023-10-22 09:14:14.014 [info] > git for-each-ref --format=%(refname)%00%(upstream:short)%00%(objectname)%00%(upstream:track)%00%(upstream:remotename)%00%(upstream:remoteref) refs/heads/Sakura refs/remotes/Sakura [630ms]
2023-10-22 09:14:14.089 [info] > git rev-parse --show-toplevel [3ms]
2023-10-22 09:14:14.090 [info] fatal: not a git repository (or any parent up to mount point /)
Stopping at filesystem boundary (GIT_DISCOVERY_ACROSS_FILESYSTEM not set).
2023-10-22 09:14:14.205 [info] > git check-ignore -v -z --stdin [206ms]
