2023-10-07 19:13:17.085 [info] Reading sessions from keychain...
2023-10-07 19:13:17.085 [info] Getting sessions for all scopes...
2023-10-07 19:13:17.085 [info] Getting sessions for user:email...
2023-10-07 19:13:18.584 [info] Got stored sessions!
2023-10-07 19:13:18.596 [info] Got 1 verified sessions.
2023-10-07 19:13:18.596 [info] Got 1 sessions for ...
2023-10-07 19:13:18.597 [info] Got 1 sessions for user:email...
2023-10-07 19:13:18.712 [info] Getting sessions for all scopes...
2023-10-07 19:13:18.712 [info] Got 1 sessions for ...
2023-10-07 19:13:18.732 [info] Getting sessions for read:user,repo,user:email,workflow...
2023-10-07 19:13:18.732 [info] Got 0 sessions for read:user,repo,user:email,workflow...
2023-10-07 19:13:41.432 [info] Reading sessions from keychain...
2023-10-07 19:13:41.432 [info] Getting sessions for all scopes...
2023-10-07 19:13:41.433 [info] Getting sessions for all scopes...
2023-10-07 19:13:41.433 [info] Got stored sessions!
2023-10-07 19:13:41.433 [info] Got 1 verified sessions.
2023-10-07 19:13:41.433 [info] Got 1 sessions for ...
2023-10-07 19:13:41.433 [info] Got 1 sessions for ...
2023-10-07 19:13:41.433 [info] Getting sessions for read:user,repo,user:email,workflow...
2023-10-07 19:13:41.433 [info] Got 0 sessions for read:user,repo,user:email,workflow...
2023-10-07 19:13:42.724 [info] Logging in for the following scopes: read:user repo user:email workflow
2023-10-07 19:13:42.733 [info] Trying without local server... (read:user repo user:email workflow)
2023-10-07 19:13:50.475 [info] Exchanging code for token...
2023-10-07 19:13:51.113 [info] Token exchange success!
2023-10-07 19:13:51.121 [info] Getting user info...
2023-10-07 19:13:52.129 [info] Got account info!
2023-10-07 19:13:52.131 [info] Storing 2 sessions...
2023-10-07 19:13:52.140 [info] Reading sessions from keychain...
2023-10-07 19:13:52.140 [info] Stored 2 sessions!
2023-10-07 19:13:52.141 [info] Login success!
2023-10-07 19:13:52.149 [info] Got stored sessions!
2023-10-07 19:13:52.149 [info] Got 2 verified sessions.
2023-10-07 19:14:27.491 [info] Reading sessions from keychain...
2023-10-07 19:14:27.491 [info] Getting sessions for all scopes...
2023-10-07 19:14:27.513 [info] Got stored sessions!
2023-10-07 19:14:27.514 [info] Got 2 verified sessions.
2023-10-07 19:14:27.514 [info] Got 2 sessions for ...
2023-10-07 19:14:27.542 [info] Getting sessions for read:user,repo,user:email,workflow...
2023-10-07 19:14:27.543 [info] Got 1 sessions for read:user,repo,user:email,workflow...
2023-10-07 19:14:27.585 [info] Getting sessions for user:email...
2023-10-07 19:14:27.585 [info] Got 1 sessions for user:email...
2023-10-07 19:14:28.097 [info] Getting sessions for all scopes...
2023-10-07 19:14:28.097 [info] Got 2 sessions for ...
2023-10-07 19:14:30.470 [info] Getting sessions for read:user,repo,user:email,workflow...
2023-10-07 19:14:30.471 [info] Got 1 sessions for read:user,repo,user:email,workflow...
