2023-10-04 12:54:19 Loading main app package /usr/lib/obsidian/obsidian.asar
2023-10-04 12:54:19 Checking for update using Github
2023-10-04 12:54:21 Success.
2023-10-04 12:54:21 Latest version is 1.4.14
2023-10-04 12:54:21 App is up to date.
2023-10-19 12:37:03 Loading main app package /usr/lib/obsidian/obsidian.asar
2023-10-19 12:37:11 Checking for update using Github
2023-10-19 12:37:15 Success.
2023-10-19 12:37:15 Latest version is 1.4.16
2023-10-19 12:37:15 App is up to date.
2023-10-19 12:53:19 Loading main app package /usr/lib/obsidian/obsidian.asar
2023-10-19 12:53:21 Checking for update using Github
2023-10-19 12:53:22 Success.
2023-10-19 12:53:22 Latest version is 1.4.16
2023-10-19 12:53:22 App is up to date.
2023-10-19 12:53:50 Loading main app package /usr/lib/obsidian/obsidian.asar
2023-10-19 12:53:50 Checking for update using Github
2023-10-19 12:53:50 Success.
2023-10-19 12:53:50 Latest version is 1.4.16
2023-10-19 12:53:50 App is up to date.
2023-10-19 12:59:03 Loading main app package /usr/lib/obsidian/obsidian.asar
2023-10-19 12:59:04 Checking for update using Github
2023-10-19 12:59:06 Success.
2023-10-19 12:59:06 Latest version is 1.4.16
2023-10-19 12:59:06 App is up to date.
2023-10-19 13:05:08 Loading main app package /usr/lib/obsidian/obsidian.asar
2023-10-19 13:05:09 Checking for update using Github
2023-10-19 13:05:11 Success.
2023-10-19 13:05:11 Latest version is 1.4.16
2023-10-19 13:05:11 App is up to date.
2023-10-19 13:13:52 Loading main app package /usr/lib/obsidian/obsidian.asar
2023-10-19 13:13:54 Checking for update using Github
2023-10-19 13:13:56 Success.
2023-10-19 13:13:56 Latest version is 1.4.16
2023-10-19 13:13:56 App is up to date.
2023-10-19 14:13:52 Checking for update using Github
2023-10-19 14:13:54 Success.
2023-10-19 14:13:54 Latest version is 1.4.16
2023-10-19 14:13:54 App is up to date.
