2023-10-07 18:42:52.759 [info] Log level: Info
2023-10-07 18:42:52.759 [info] Validating found git in: "git"
2023-10-07 18:42:52.759 [info] Using git "2.42.0" from "git"
2023-10-07 18:53:17.051 [info] Log level: Info
2023-10-07 18:53:17.084 [info] Validating found git in: "git"
2023-10-07 18:53:17.084 [info] Using git "2.42.0" from "git"
2023-10-07 18:53:17.084 [info] > git rev-parse --show-toplevel [11ms]
2023-10-07 18:53:17.098 [info] > git rev-parse --git-dir --git-common-dir [2ms]
2023-10-07 18:53:17.143 [info] Open repository: /home/karuto/tflat_search
2023-10-07 18:53:17.178 [info] > git config --get commit.template [8ms]
2023-10-07 18:53:17.204 [info] > git for-each-ref --format=%(refname)%00%(upstream:short)%00%(objectname)%00%(upstream:track)%00%(upstream:remotename)%00%(upstream:remoteref) refs/heads/main refs/remotes/main [12ms]
2023-10-07 18:53:17.220 [info] > git status -z -uall [4ms]
2023-10-07 18:53:17.275 [info] > git config --get commit.template [7ms]
2023-10-07 18:53:17.296 [info] > git for-each-ref --format=%(refname)%00%(upstream:short)%00%(objectname)%00%(upstream:track)%00%(upstream:remotename)%00%(upstream:remoteref) refs/heads/main refs/remotes/main [5ms]
2023-10-07 18:53:17.315 [info] > git status -z -uall [3ms]
2023-10-07 18:53:17.706 [info] > git check-ignore -v -z --stdin [11ms]
2023-10-07 18:53:20.760 [info] > git show --textconv :dict.py [24ms]
2023-10-07 18:53:20.761 [info] > git ls-files --stage -- /home/karuto/tflat_search/dict.py [12ms]
2023-10-07 18:53:20.789 [info] > git cat-file -s b487fb96da960100fbc238bc0fd0e1bdbfebe270 [18ms]
2023-10-07 18:53:26.521 [info] > git log --oneline --cherry main...main@{upstream} -- [18ms]
2023-10-07 18:53:27.973 [info] > git ls-files --stage -- /home/karuto/tflat_search/dict.py [5ms]
2023-10-07 18:53:28.007 [info] > git cat-file -s b487fb96da960100fbc238bc0fd0e1bdbfebe270 [6ms]
2023-10-07 18:53:28.054 [info] > git show --textconv :dict.py [3ms]
2023-10-07 18:53:28.444 [info] > git pull --tags origin main [1882ms]
2023-10-07 18:53:28.445 [info] git@github.com: Permission denied (publickey).
fatal: Could not read from remote repository.

Please make sure you have the correct access rights
and the repository exists.
2023-10-07 18:53:28.515 [info] > git config --get commit.template [34ms]
2023-10-07 18:53:28.521 [info] > git for-each-ref --format=%(refname)%00%(upstream:short)%00%(objectname)%00%(upstream:track)%00%(upstream:remotename)%00%(upstream:remoteref) refs/heads/main refs/remotes/main [13ms]
2023-10-07 18:53:28.572 [info] > git status -z -uall [12ms]
2023-10-07 18:54:44.120 [info] > git config --get commit.template [4ms]
2023-10-07 18:54:44.142 [info] > git for-each-ref --format=%(refname)%00%(upstream:short)%00%(objectname)%00%(upstream:track)%00%(upstream:remotename)%00%(upstream:remoteref) refs/heads/main refs/remotes/main [5ms]
2023-10-07 18:54:44.166 [info] > git status -z -uall [5ms]
2023-10-07 18:54:44.222 [info] > git ls-files --stage -- /home/karuto/tflat_search/dict.py [5ms]
2023-10-07 18:54:44.248 [info] > git cat-file -s b487fb96da960100fbc238bc0fd0e1bdbfebe270 [6ms]
2023-10-07 18:54:44.284 [info] > git show --textconv :dict.py [6ms]
2023-10-07 18:54:48.373 [info] > git log --oneline --cherry main...main@{upstream} -- [6ms]
2023-10-07 18:54:49.632 [info] > git ls-files --stage -- /home/karuto/tflat_search/dict.py [4ms]
2023-10-07 18:54:49.653 [info] > git cat-file -s b487fb96da960100fbc238bc0fd0e1bdbfebe270 [3ms]
2023-10-07 18:54:49.682 [info] > git show --textconv :dict.py [5ms]
2023-10-07 18:54:50.278 [info] > git pull --tags origin main [1881ms]
2023-10-07 18:54:50.279 [info] git@github.com: Permission denied (publickey).
fatal: Could not read from remote repository.

Please make sure you have the correct access rights
and the repository exists.
2023-10-07 18:54:50.323 [info] > git config --get commit.template [17ms]
2023-10-07 18:54:50.352 [info] > git for-each-ref --format=%(refname)%00%(upstream:short)%00%(objectname)%00%(upstream:track)%00%(upstream:remotename)%00%(upstream:remoteref) refs/heads/main refs/remotes/main [5ms]
2023-10-07 18:54:50.377 [info] > git status -z -uall [7ms]
2023-10-07 18:58:59.960 [info] > git log --oneline --cherry main...main@{upstream} -- [4ms]
2023-10-07 18:59:01.222 [info] > git ls-files --stage -- /home/karuto/tflat_search/dict.py [6ms]
2023-10-07 18:59:01.245 [info] > git cat-file -s b487fb96da960100fbc238bc0fd0e1bdbfebe270 [4ms]
2023-10-07 18:59:01.274 [info] > git show --textconv :dict.py [3ms]
2023-10-07 18:59:01.841 [info] > git pull --tags origin main [1853ms]
2023-10-07 18:59:01.841 [info] git@github.com: Permission denied (publickey).
fatal: Could not read from remote repository.

Please make sure you have the correct access rights
and the repository exists.
2023-10-07 18:59:01.903 [info] > git config --get commit.template [38ms]
2023-10-07 18:59:01.905 [info] > git for-each-ref --format=%(refname)%00%(upstream:short)%00%(objectname)%00%(upstream:track)%00%(upstream:remotename)%00%(upstream:remoteref) refs/heads/main refs/remotes/main [16ms]
2023-10-07 18:59:01.934 [info] > git status -z -uall [8ms]
2023-10-07 18:59:13.391 [info] > git log --oneline --cherry main...main@{upstream} -- [4ms]
2023-10-07 18:59:14.655 [info] > git ls-files --stage -- /home/karuto/tflat_search/dict.py [4ms]
2023-10-07 18:59:14.672 [info] > git cat-file -s b487fb96da960100fbc238bc0fd0e1bdbfebe270 [7ms]
2023-10-07 18:59:14.711 [info] > git show --textconv :dict.py [6ms]
2023-10-07 18:59:15.264 [info] > git pull --tags origin main [1851ms]
2023-10-07 18:59:15.264 [info] git@github.com: Permission denied (publickey).
fatal: Could not read from remote repository.

Please make sure you have the correct access rights
and the repository exists.
2023-10-07 18:59:15.338 [info] > git config --get commit.template [40ms]
2023-10-07 18:59:15.343 [info] > git for-each-ref --format=%(refname)%00%(upstream:short)%00%(objectname)%00%(upstream:track)%00%(upstream:remotename)%00%(upstream:remoteref) refs/heads/main refs/remotes/main [9ms]
2023-10-07 18:59:15.363 [info] > git status -z -uall [2ms]
2023-10-07 19:00:44.833 [info] > git log --oneline --cherry main...main@{upstream} -- [5ms]
2023-10-07 19:00:49.198 [info] > git pull --tags origin main [4344ms]
2023-10-07 19:00:49.198 [info] Warning: Permanently added 'github.com' (ED25519) to the list of known hosts.
git@github.com: Permission denied (publickey).
fatal: Could not read from remote repository.

Please make sure you have the correct access rights
and the repository exists.
2023-10-07 19:00:49.259 [info] > git config --get commit.template [32ms]
2023-10-07 19:00:49.260 [info] > git for-each-ref --format=%(refname)%00%(upstream:short)%00%(objectname)%00%(upstream:track)%00%(upstream:remotename)%00%(upstream:remoteref) refs/heads/main refs/remotes/main [4ms]
2023-10-07 19:00:49.288 [info] > git status -z -uall [8ms]
2023-10-07 19:01:01.055 [info] > git log --oneline --cherry main...main@{upstream} -- [3ms]
2023-10-07 19:01:02.876 [info] > git pull --tags origin main [1801ms]
2023-10-07 19:01:02.876 [info] git@github.com: Permission denied (publickey).
fatal: Could not read from remote repository.

Please make sure you have the correct access rights
and the repository exists.
2023-10-07 19:01:03.008 [info] > git config --get commit.template [98ms]
2023-10-07 19:01:03.011 [info] > git for-each-ref --format=%(refname)%00%(upstream:short)%00%(objectname)%00%(upstream:track)%00%(upstream:remotename)%00%(upstream:remoteref) refs/heads/main refs/remotes/main [11ms]
2023-10-07 19:01:03.074 [info] > git status -z -uall [18ms]
2023-10-07 19:01:23.215 [info] > git log --oneline --cherry main...main@{upstream} -- [5ms]
2023-10-07 19:01:24.966 [info] > git pull --tags origin main [1732ms]
2023-10-07 19:01:24.968 [info] git@github.com: Permission denied (publickey).
fatal: Could not read from remote repository.

Please make sure you have the correct access rights
and the repository exists.
2023-10-07 19:01:25.058 [info] > git config --get commit.template [50ms]
2023-10-07 19:01:25.061 [info] > git for-each-ref --format=%(refname)%00%(upstream:short)%00%(objectname)%00%(upstream:track)%00%(upstream:remotename)%00%(upstream:remoteref) refs/heads/main refs/remotes/main [8ms]
2023-10-07 19:01:25.095 [info] > git status -z -uall [5ms]
2023-10-07 19:02:18.550 [info] > git log --oneline --cherry main...main@{upstream} -- [4ms]
2023-10-07 19:02:20.365 [info] > git pull --tags origin main [1795ms]
2023-10-07 19:02:20.365 [info] git@github.com: Permission denied (publickey).
fatal: Could not read from remote repository.

Please make sure you have the correct access rights
and the repository exists.
2023-10-07 19:02:20.423 [info] > git config --get commit.template [31ms]
2023-10-07 19:02:20.427 [info] > git for-each-ref --format=%(refname)%00%(upstream:short)%00%(objectname)%00%(upstream:track)%00%(upstream:remotename)%00%(upstream:remoteref) refs/heads/main refs/remotes/main [8ms]
2023-10-07 19:02:20.460 [info] > git status -z -uall [10ms]
2023-10-07 19:10:43.084 [info] > git config --get commit.template [19ms]
2023-10-07 19:10:43.094 [info] > git for-each-ref --format=%(refname)%00%(upstream:short)%00%(objectname)%00%(upstream:track)%00%(upstream:remotename)%00%(upstream:remoteref) refs/heads/main refs/remotes/main [11ms]
2023-10-07 19:10:43.118 [info] > git status -z -uall [6ms]
