2023-10-07 18:43:13.676 [info] Reading sessions from keychain...
2023-10-07 18:43:13.676 [info] Getting sessions for all scopes...
2023-10-07 18:43:13.676 [info] Got 0 sessions for ...
2023-10-07 18:43:13.676 [info] Getting sessions for all scopes...
2023-10-07 18:43:13.676 [info] Got 0 sessions for ...
2023-10-07 18:43:13.676 [info] Getting sessions for user:email...
2023-10-07 18:43:13.676 [info] Got 0 sessions for user:email...
2023-10-07 18:43:19.260 [info] Logging in for the following scopes: user:email
2023-10-07 18:43:19.268 [info] Trying without local server... (user:email)
2023-10-07 18:43:48.466 [info] Exchanging code for token...
2023-10-07 18:43:49.066 [info] Token exchange success!
2023-10-07 18:43:49.073 [info] Getting user info...
2023-10-07 18:43:49.759 [info] Got account info!
2023-10-07 18:43:49.760 [info] Storing 1 sessions...
2023-10-07 18:43:57.092 [info] Reading sessions from keychain...
2023-10-07 18:43:57.092 [info] Stored 1 sessions!
2023-10-07 18:43:57.093 [info] Login success!
2023-10-07 18:43:57.300 [info] Got stored sessions!
2023-10-07 18:43:57.300 [info] Got 1 verified sessions.
2023-10-07 18:53:13.426 [info] Reading sessions from keychain...
2023-10-07 18:53:13.426 [info] Got stored sessions!
2023-10-07 18:53:13.426 [info] Got 1 verified sessions.
2023-10-07 18:53:13.426 [info] Getting sessions for all scopes...
2023-10-07 18:53:13.426 [info] Got 1 sessions for ...
2023-10-07 18:53:13.426 [info] Getting sessions for all scopes...
2023-10-07 18:53:13.426 [info] Got 1 sessions for ...
2023-10-07 18:53:13.426 [info] Getting sessions for user:email...
2023-10-07 18:53:13.426 [info] Got 1 sessions for user:email...
2023-10-07 18:53:17.276 [info] Getting sessions for read:user,repo,user:email,workflow...
2023-10-07 18:53:17.276 [info] Got 0 sessions for read:user,repo,user:email,workflow...
