2023-10-07 19:14:31.708 [info] Experiment 'python.createEnvironment.trigger' is active
2023-10-07 19:14:31.708 [info] Experiment 'pythonPromptNewFormatterExt' is active
2023-10-07 19:14:31.708 [info] Experiment 'pythonPromptNewToolsExt' is active
2023-10-07 19:14:31.708 [info] Experiment 'pythonTerminalEnvVarActivation' is active
2023-10-07 19:14:31.708 [info] Experiment 'pythonTestAdapter' is active
2023-10-07 19:14:31.708 [info] Test server listening.
2023-10-07 19:14:31.750 [info] Python interpreter path: /bin/python
2023-10-07 19:14:32.690 [warning] Retry failed, storage update failed for key PYTHON_GLOBAL_STORAGE_KEYS
2023-10-07 19:14:32.694 [warning] Retry failed, storage update failed for key PYTHON_WORKSPACE_STORAGE_KEYS
2023-10-07 19:14:32.694 [warning] Retry failed, storage update failed for key PYTHON_WORKSPACE_STORAGE_KEYS
2023-10-07 19:14:32.694 [warning] Retry failed, storage update failed for key PYTHON_WORKSPACE_STORAGE_KEYS
2023-10-07 19:14:32.694 [warning] Retry failed, storage update failed for key PYTHON_WORKSPACE_STORAGE_KEYS
2023-10-07 19:14:35.553 [info] Starting Pylance language server.
2023-10-07 19:22:26.783 [info] Discover tests for workspace name: tflat_search-1 - uri: /home/karuto/tflat_search-1/dict.py
2023-10-07 19:22:32.476 [info] Discover tests for workspace name: tflat_search-1 - uri: /home/karuto/tflat_search-1/dict.py
2023-10-07 19:22:48.209 [info] Discover tests for workspace name: tflat_search-1 - uri: /home/karuto/tflat_search-1/dict.py
2023-10-07 19:22:50.699 [info] Discover tests for workspace name: tflat_search-1 - uri: /home/karuto/tflat_search-1/dict.py
2023-10-07 19:22:52.838 [info] Discover tests for workspace name: tflat_search-1 - uri: /home/karuto/tflat_search-1/dict.py
2023-10-07 19:22:56.782 [info] Discover tests for workspace name: tflat_search-1 - uri: /home/karuto/tflat_search-1/dict.py
2023-10-07 19:22:58.436 [info] Discover tests for workspace name: tflat_search-1 - uri: /home/karuto/tflat_search-1/dict.py
2023-10-07 19:23:00.794 [info] Discover tests for workspace name: tflat_search-1 - uri: /home/karuto/tflat_search-1/dict.py
2023-10-07 19:23:02.635 [info] Discover tests for workspace name: tflat_search-1 - uri: /home/karuto/tflat_search-1/dict.py
2023-10-07 19:23:06.959 [info] Discover tests for workspace name: tflat_search-1 - uri: /home/karuto/tflat_search-1/dict.py
2023-10-07 20:01:30.526 [info] Discover tests for workspace name: tflat_search-1 - uri: /home/karuto/tflat_search-1/dict.py
2023-10-07 20:01:34.852 [info] Discover tests for workspace name: tflat_search-1 - uri: /home/karuto/tflat_search-1/dict.py
2023-10-07 20:01:42.877 [info] Discover tests for workspace name: tflat_search-1 - uri: /home/karuto/tflat_search-1/dict.py
2023-10-07 20:01:44.164 [info] Discover tests for workspace name: tflat_search-1 - uri: /home/karuto/tflat_search-1/dict.py
2023-10-07 20:02:33.563 [info] Discover tests for workspace name: tflat_search-1 - uri: /home/karuto/tflat_search-1/dict.py
2023-10-07 20:02:35.412 [info] Discover tests for workspace name: tflat_search-1 - uri: /home/karuto/tflat_search-1/dict.py
2023-10-07 20:02:39.213 [info] Discover tests for workspace name: tflat_search-1 - uri: /home/karuto/tflat_search-1/dict.py
2023-10-07 20:02:41.620 [info] Discover tests for workspace name: tflat_search-1 - uri: /home/karuto/tflat_search-1/dict.py
2023-10-07 20:02:51.510 [info] Discover tests for workspace name: tflat_search-1 - uri: /home/karuto/tflat_search-1/dict.py
2023-10-07 20:02:56.545 [info] Discover tests for workspace name: tflat_search-1 - uri: /home/karuto/tflat_search-1/dict.py
2023-10-07 20:02:58.975 [info] Discover tests for workspace name: tflat_search-1 - uri: /home/karuto/tflat_search-1/dict.py
2023-10-07 20:03:00.229 [info] Discover tests for workspace name: tflat_search-1 - uri: /home/karuto/tflat_search-1/dict.py
2023-10-07 20:03:02.179 [info] Discover tests for workspace name: tflat_search-1 - uri: /home/karuto/tflat_search-1/dict.py
2023-10-07 20:03:05.098 [info] DAP Server launched with command: /bin/python /home/karuto/.vscode/extensions/ms-python.python-2023.18.0/pythonFiles/lib/python/debugpy/adapter
2023-10-07 20:03:08.997 [info] Send text to terminal:  /usr/bin/env /bin/python /home/karuto/.vscode/extensions/ms-python.python-2023.18.0/pythonFiles/lib/python/debugpy/adapter/../../debugpy/launcher 50867 -- /home/karuto/tflat_search-1/dict.py 
2023-10-07 20:05:23.831 [info] Discover tests for workspace name: tflat_search-1 - uri: /home/karuto/tflat_search-1/dict.py
2023-10-07 20:05:26.152 [info] Discover tests for workspace name: tflat_search-1 - uri: /home/karuto/tflat_search-1/dict.py
2023-10-07 20:05:28.764 [info] DAP Server launched with command: /bin/python /home/karuto/.vscode/extensions/ms-python.python-2023.18.0/pythonFiles/lib/python/debugpy/adapter
2023-10-07 20:05:30.698 [info] Send text to terminal:  cd /home/karuto/tflat_search-1 ; /usr/bin/env /bin/python /home/karuto/.vscode/extensions/ms-python.python-2023.18.0/pythonFiles/lib/python/debugpy/adapter/../../debugpy/launcher 43221 -- /home/karuto/tflat_search-1/dict.py 
2023-10-07 20:05:58.326 [info] Discover tests for workspace name: tflat_search-1 - uri: /home/karuto/tflat_search-1/dict.py
2023-10-07 20:05:59.615 [info] Discover tests for workspace name: tflat_search-1 - uri: /home/karuto/tflat_search-1/dict.py
2023-10-07 20:06:12.965 [info] Discover tests for workspace name: tflat_search-1 - uri: /home/karuto/tflat_search-1/dict.py
2023-10-07 20:06:14.587 [info] Discover tests for workspace name: tflat_search-1 - uri: /home/karuto/tflat_search-1/dict.py
2023-10-07 20:06:19.557 [info] Discover tests for workspace name: tflat_search-1 - uri: /home/karuto/tflat_search-1/dict.py
2023-10-07 20:06:21.489 [info] Discover tests for workspace name: tflat_search-1 - uri: /home/karuto/tflat_search-1/dict.py
2023-10-07 20:06:28.089 [info] Discover tests for workspace name: tflat_search-1 - uri: /home/karuto/tflat_search-1/dict.py
2023-10-07 20:06:29.258 [info] Discover tests for workspace name: tflat_search-1 - uri: /home/karuto/tflat_search-1/dict.py
2023-10-07 20:06:35.987 [info] Discover tests for workspace name: tflat_search-1 - uri: /home/karuto/tflat_search-1/dict.py
2023-10-07 20:06:47.300 [info] Discover tests for workspace name: tflat_search-1 - uri: /home/karuto/tflat_search-1/dict.py
2023-10-07 20:06:48.723 [info] Discover tests for workspace name: tflat_search-1 - uri: /home/karuto/tflat_search-1/dict.py
2023-10-07 20:06:51.902 [info] Discover tests for workspace name: tflat_search-1 - uri: /home/karuto/tflat_search-1/dict.py
2023-10-07 20:07:30.212 [info] Discover tests for workspace name: tflat_search-1 - uri: /home/karuto/tflat_search-1/dict.py
2023-10-07 20:07:32.928 [info] Discover tests for workspace name: tflat_search-1 - uri: /home/karuto/tflat_search-1/dict.py
2023-10-07 20:07:35.992 [info] Discover tests for workspace name: tflat_search-1 - uri: /home/karuto/tflat_search-1/dict.py
2023-10-07 20:07:38.359 [info] Discover tests for workspace name: tflat_search-1 - uri: /home/karuto/tflat_search-1/dict.py
2023-10-07 20:07:50.619 [info] Discover tests for workspace name: tflat_search-1 - uri: /home/karuto/tflat_search-1/dict.py
2023-10-07 20:07:53.061 [info] Discover tests for workspace name: tflat_search-1 - uri: /home/karuto/tflat_search-1/dict.py
2023-10-07 20:07:55.683 [info] Discover tests for workspace name: tflat_search-1 - uri: /home/karuto/tflat_search-1/dict.py
2023-10-07 20:08:11.590 [info] Discover tests for workspace name: tflat_search-1 - uri: /home/karuto/tflat_search-1/dict.py
2023-10-07 20:08:12.822 [info] Discover tests for workspace name: tflat_search-1 - uri: /home/karuto/tflat_search-1/dict.py
2023-10-07 20:08:14.133 [info] Discover tests for workspace name: tflat_search-1 - uri: /home/karuto/tflat_search-1/dict.py
2023-10-07 20:09:26.961 [info] Discover tests for workspace name: tflat_search-1 - uri: /home/karuto/tflat_search-1/dict.py
2023-10-07 20:09:31.737 [info] Discover tests for workspace name: tflat_search-1 - uri: /home/karuto/tflat_search-1/dict.py
2023-10-07 20:09:54.917 [info] Discover tests for workspace name: tflat_search-1 - uri: /home/karuto/tflat_search-1/dict.py
2023-10-07 20:10:07.299 [info] Discover tests for workspace name: tflat_search-1 - uri: /home/karuto/tflat_search-1/dict.py
2023-10-07 20:10:12.194 [info] Discover tests for workspace name: tflat_search-1 - uri: /home/karuto/tflat_search-1/dict.py
2023-10-07 20:10:40.461 [info] Discover tests for workspace name: tflat_search-1 - uri: /home/karuto/tflat_search-1/dict.py
2023-10-07 20:10:45.515 [info] Discover tests for workspace name: tflat_search-1 - uri: /home/karuto/tflat_search-1/dict.py
2023-10-07 20:10:48.344 [info] Discover tests for workspace name: tflat_search-1 - uri: /home/karuto/tflat_search-1/dict.py
2023-10-07 20:11:26.400 [info] Discover tests for workspace name: tflat_search-1 - uri: /home/karuto/tflat_search-1/dict.py
2023-10-07 20:11:30.471 [info] Discover tests for workspace name: tflat_search-1 - uri: /home/karuto/tflat_search-1/dict.py
2023-10-07 20:11:34.044 [info] Discover tests for workspace name: tflat_search-1 - uri: /home/karuto/tflat_search-1/dict.py
2023-10-07 20:11:39.679 [info] Discover tests for workspace name: tflat_search-1 - uri: /home/karuto/tflat_search-1/dict.py
2023-10-07 20:11:46.254 [info] Discover tests for workspace name: tflat_search-1 - uri: /home/karuto/tflat_search-1/dict.py
2023-10-07 20:11:49.982 [info] Discover tests for workspace name: tflat_search-1 - uri: /home/karuto/tflat_search-1/dict.py
2023-10-07 20:11:52.233 [info] Discover tests for workspace name: tflat_search-1 - uri: /home/karuto/tflat_search-1/dict.py
2023-10-07 20:11:59.205 [info] Discover tests for workspace name: tflat_search-1 - uri: /home/karuto/tflat_search-1/dict.py
2023-10-07 20:12:05.841 [info] Discover tests for workspace name: tflat_search-1 - uri: /home/karuto/tflat_search-1/dict.py
2023-10-07 20:12:08.813 [info] Discover tests for workspace name: tflat_search-1 - uri: /home/karuto/tflat_search-1/dict.py
2023-10-07 20:12:12.300 [info] Discover tests for workspace name: tflat_search-1 - uri: /home/karuto/tflat_search-1/dict.py
2023-10-07 20:12:35.018 [info] Discover tests for workspace name: tflat_search-1 - uri: /home/karuto/tflat_search-1/dict.py
2023-10-07 20:12:37.600 [info] Discover tests for workspace name: tflat_search-1 - uri: /home/karuto/tflat_search-1/dict.py
2023-10-07 20:12:40.518 [info] Discover tests for workspace name: tflat_search-1 - uri: /home/karuto/tflat_search-1/dict.py
2023-10-07 20:12:43.641 [info] Discover tests for workspace name: tflat_search-1 - uri: /home/karuto/tflat_search-1/dict.py
2023-10-07 20:12:57.804 [info] Discover tests for workspace name: tflat_search-1 - uri: /home/karuto/tflat_search-1/dict.py
2023-10-07 20:13:01.324 [info] Discover tests for workspace name: tflat_search-1 - uri: /home/karuto/tflat_search-1/dict.py
2023-10-07 20:13:03.943 [info] Discover tests for workspace name: tflat_search-1 - uri: /home/karuto/tflat_search-1/dict.py
2023-10-07 20:13:07.287 [info] Discover tests for workspace name: tflat_search-1 - uri: /home/karuto/tflat_search-1/dict.py
2023-10-07 20:13:10.564 [info] Discover tests for workspace name: tflat_search-1 - uri: /home/karuto/tflat_search-1/dict.py
2023-10-07 20:13:26.562 [info] Discover tests for workspace name: tflat_search-1 - uri: /home/karuto/tflat_search-1/dict.py
2023-10-07 20:13:33.325 [info] Discover tests for workspace name: tflat_search-1 - uri: /home/karuto/tflat_search-1/dict.py
2023-10-07 20:13:35.119 [info] Discover tests for workspace name: tflat_search-1 - uri: /home/karuto/tflat_search-1/dict.py
2023-10-07 20:14:01.770 [info] Discover tests for workspace name: tflat_search-1 - uri: /home/karuto/tflat_search-1/dict.py
2023-10-07 20:14:05.601 [info] Discover tests for workspace name: tflat_search-1 - uri: /home/karuto/tflat_search-1/dict.py
2023-10-07 20:14:12.937 [info] Discover tests for workspace name: tflat_search-1 - uri: /home/karuto/tflat_search-1/dict.py
2023-10-07 20:14:33.637 [info] Discover tests for workspace name: tflat_search-1 - uri: /home/karuto/tflat_search-1/dict.py
2023-10-07 20:14:35.997 [info] Discover tests for workspace name: tflat_search-1 - uri: /home/karuto/tflat_search-1/dict.py
2023-10-07 20:14:37.561 [info] Discover tests for workspace name: tflat_search-1 - uri: /home/karuto/tflat_search-1/dict.py
2023-10-07 20:14:42.621 [info] Discover tests for workspace name: tflat_search-1 - uri: /home/karuto/tflat_search-1/dict.py
2023-10-07 20:14:45.740 [info] Discover tests for workspace name: tflat_search-1 - uri: /home/karuto/tflat_search-1/dict.py
2023-10-07 20:14:46.984 [info] Discover tests for workspace name: tflat_search-1 - uri: /home/karuto/tflat_search-1/dict.py
2023-10-07 20:15:22.812 [info] Discover tests for workspace name: tflat_search-1 - uri: /home/karuto/tflat_search-1/dict.py
2023-10-07 20:15:24.849 [info] Discover tests for workspace name: tflat_search-1 - uri: /home/karuto/tflat_search-1/dict.py
2023-10-07 20:15:27.873 [info] Discover tests for workspace name: tflat_search-1 - uri: /home/karuto/tflat_search-1/dict.py
2023-10-07 20:21:29.068 [info] Discover tests for workspace name: tflat_search-1 - uri: /home/karuto/tflat_search-1/dict.py
2023-10-07 20:21:30.707 [info] Discover tests for workspace name: tflat_search-1 - uri: /home/karuto/tflat_search-1/dict.py
2023-10-07 20:21:54.622 [info] Discover tests for workspace name: tflat_search-1 - uri: /home/karuto/tflat_search-1/dict.py
