2023-10-07 21:12:38.467 [info] Log level: Info
2023-10-07 21:12:38.467 [info] Validating found git in: "git"
2023-10-07 21:12:38.467 [info] Using git "2.42.0" from "git"
2023-10-07 21:12:38.467 [info] > git rev-parse --show-toplevel [179ms]
2023-10-07 21:12:38.477 [info] > git rev-parse --git-dir --git-common-dir [18ms]
2023-10-07 21:12:38.531 [info] Open repository: /home/karuto/tflat_search-1
2023-10-07 21:12:39.943 [info] > git config --get commit.template [1355ms]
2023-10-07 21:12:40.495 [info] > git show --textconv :dict.py [173ms]
2023-10-07 21:12:40.500 [info] > git ls-files --stage -- /home/karuto/tflat_search-1/output.json [48ms]
2023-10-07 21:12:40.546 [info] > git ls-files --stage -- /home/karuto/tflat_search-1/dict.py [187ms]
2023-10-07 21:12:40.583 [info] > git for-each-ref --format=%(refname)%00%(upstream:short)%00%(objectname)%00%(upstream:track)%00%(upstream:remotename)%00%(upstream:remoteref) refs/heads/main refs/remotes/main [472ms]
2023-10-07 21:12:40.828 [info] > git check-ignore -v -z --stdin [59ms]
2023-10-07 21:12:40.833 [info] > git cat-file -s b487fb96da960100fbc238bc0fd0e1bdbfebe270 [254ms]
2023-10-07 21:12:40.837 [info] > git cat-file -s 0c45c21b2f74ac558d493941265f7bce5e9f60c3 [293ms]
2023-10-07 21:12:41.195 [info] > git status -z -uall [548ms]
2023-10-07 21:12:41.308 [info] > git config --get commit.template [24ms]
2023-10-07 21:12:41.427 [info] > git for-each-ref --format=%(refname)%00%(upstream:short)%00%(objectname)%00%(upstream:track)%00%(upstream:remotename)%00%(upstream:remoteref) refs/heads/main refs/remotes/main [51ms]
2023-10-07 21:12:41.820 [info] > git show --textconv :output.json [1404ms]
2023-10-07 21:12:42.525 [info] > git status -z -uall [1043ms]
2023-10-07 21:12:54.544 [info] > git rev-parse --show-toplevel [1035ms]
2023-10-07 21:12:54.544 [info] fatal: not a git repository (or any parent up to mount point /)
Stopping at filesystem boundary (GIT_DISCOVERY_ACROSS_FILESYSTEM not set).
2023-10-07 21:12:54.615 [info] > git config --get commit.template [42ms]
2023-10-07 21:12:54.964 [info] > git for-each-ref --format=%(refname)%00%(upstream:short)%00%(objectname)%00%(upstream:track)%00%(upstream:remotename)%00%(upstream:remoteref) refs/heads/main refs/remotes/main [324ms]
2023-10-07 21:12:56.855 [info] > git status -z -uall [1869ms]
2023-10-07 21:13:08.162 [info] > git add -A -- . [854ms]
2023-10-07 21:13:12.339 [info] > git show --textconv :.git/COMMIT_EDITMSG [65ms]
2023-10-07 21:13:12.346 [info] > git ls-files --stage -- /home/karuto/tflat_search-1/.git/COMMIT_EDITMSG [10ms]
2023-10-07 21:13:12.642 [info] > git check-ignore -v -z --stdin [34ms]
2023-10-07 21:13:18.136 [info] > git ls-files --stage -- /home/karuto/tflat_search-1/dict.py [57ms]
2023-10-07 21:13:18.204 [info] > git ls-files --stage -- /home/karuto/tflat_search-1/.git/COMMIT_EDITMSG [72ms]
2023-10-07 21:13:18.208 [info] > git cat-file -s 4dc531c6869a35f4c6af3693d494aa9468c0604b [8ms]
2023-10-07 21:13:18.300 [info] > git show --textconv :.git/COMMIT_EDITMSG [38ms]
2023-10-07 21:13:18.305 [info] > git show --textconv :dict.py [6ms]
2023-10-07 21:13:21.699 [info] > git ls-files --stage -- /home/karuto/tflat_search-1/dict.py [45ms]
2023-10-07 21:13:21.744 [info] > git ls-files --stage -- /home/karuto/tflat_search-1/.git/COMMIT_EDITMSG [46ms]
2023-10-07 21:13:21.749 [info] > git cat-file -s 4dc531c6869a35f4c6af3693d494aa9468c0604b [9ms]
2023-10-07 21:13:21.825 [info] > git show --textconv :.git/COMMIT_EDITMSG [45ms]
2023-10-07 21:13:21.831 [info] > git show --textconv :dict.py [9ms]
2023-10-07 21:13:22.529 [info] > git -c user.useConfigOnly=true commit --quiet [14114ms]
2023-10-07 21:13:22.591 [info] > git config --get commit.template [20ms]
2023-10-07 21:13:22.650 [info] > git for-each-ref --format=%(refname)%00%(upstream:short)%00%(objectname)%00%(upstream:track)%00%(upstream:remotename)%00%(upstream:remoteref) refs/heads/main refs/remotes/main [7ms]
2023-10-07 21:13:23.709 [info] > git status -z -uall [1012ms]
2023-10-07 21:13:24.329 [info] > git ls-files --stage -- /home/karuto/tflat_search-1/output.json [9ms]
2023-10-07 21:13:24.379 [info] > git cat-file -s 0c45c21b2f74ac558d493941265f7bce5e9f60c3 [5ms]
2023-10-07 21:13:24.579 [info] > git show --textconv :output.json [366ms]
2023-10-07 21:13:35.802 [info] > git push origin main:main [11965ms]
2023-10-07 21:13:35.802 [info] To https://github.com/Taki132/tflat_search.git
   72a058b..da369e3  main -> main
2023-10-07 21:13:35.893 [info] > git config --get commit.template [18ms]
2023-10-07 21:13:35.953 [info] > git for-each-ref --format=%(refname)%00%(upstream:short)%00%(objectname)%00%(upstream:track)%00%(upstream:remotename)%00%(upstream:remoteref) refs/heads/main refs/remotes/main [10ms]
2023-10-07 21:13:36.013 [info] > git status -z -uall [12ms]
2023-10-07 21:13:36.466 [info] > git config --get commit.template [46ms]
2023-10-07 21:13:36.467 [info] > git for-each-ref --format=%(refname)%00%(upstream:short)%00%(objectname)%00%(upstream:track)%00%(upstream:remotename)%00%(upstream:remoteref) refs/heads/main refs/remotes/main [4ms]
2023-10-07 21:13:36.504 [info] > git status -z -uall [1ms]
2023-10-07 21:13:37.097 [info] > git ls-files --stage -- /home/karuto/tflat_search-1/dict.py [50ms]
2023-10-07 21:13:37.146 [info] > git cat-file -s 4dc531c6869a35f4c6af3693d494aa9468c0604b [12ms]
2023-10-07 21:13:37.150 [info] > git ls-files --stage -- /home/karuto/tflat_search-1/output.json [56ms]
2023-10-07 21:13:37.263 [info] > git cat-file -s 0c45c21b2f74ac558d493941265f7bce5e9f60c3 [55ms]
2023-10-07 21:13:37.268 [info] > git show --textconv :dict.py [8ms]
2023-10-07 21:13:37.884 [info] > git show --textconv :output.json [556ms]
