2023-10-07 18:42:48.571 [info] Added views:workbench.panel.markers.view in workbench.panel.markers
2023-10-07 18:42:48.571 [info] Added views:workbench.panel.output in workbench.panel.output
2023-10-07 18:42:48.571 [info] Added views:terminal in terminal
2023-10-07 18:42:48.571 [info] Added views:outline in workbench.view.explorer
2023-10-07 18:42:48.571 [info] Added views:workbench.scm in workbench.view.scm
2023-10-07 18:42:48.571 [info] Added views:workbench.view.search in workbench.view.search
2023-10-07 18:42:48.571 [info] Added views:timeline in workbench.view.explorer
2023-10-07 18:42:48.571 [info] Added views:workbench.explorer.emptyView in workbench.view.explorer
2023-10-07 18:42:49.952 [info] Added views:workbench.debug.variablesView,workbench.debug.watchExpressionsView,workbench.debug.callStackView,workbench.debug.breakPointsView in workbench.view.debug
2023-10-07 18:42:51.442 [info] Added views:~remote.forwardedPorts in ~remote.forwardedPortsContainer
2023-10-07 18:42:51.767 [info] Added views:workbench.panel.repl.view in workbench.panel.repl
2023-10-07 18:42:51.768 [info] Removed views:workbench.debug.breakPointsView,workbench.debug.callStackView,workbench.debug.watchExpressionsView,workbench.debug.variablesView from workbench.view.debug
2023-10-07 18:42:51.770 [info] Added views:workbench.debug.welcome in workbench.view.debug
2023-10-07 18:44:05.500 [info] Added views:workbench.views.extensions.installed,workbench.views.extensions.popular,extensions.recommendedList in workbench.view.extensions
2023-10-07 18:44:05.516 [info] Removed views:workbench.views.extensions.popular from workbench.view.extensions
2023-10-07 18:44:07.109 [info] Added views:workbench.views.extensions.popular in workbench.view.extensions
2023-10-07 18:44:56.221 [info] Removed views:extensions.recommendedList,workbench.views.extensions.popular,workbench.views.extensions.installed from workbench.view.extensions
2023-10-07 18:44:56.316 [info] Added views:workbench.views.extensions.marketplace in workbench.view.extensions
2023-10-07 18:45:04.374 [info] Removed views:workbench.views.extensions.marketplace from workbench.view.extensions
2023-10-07 18:45:04.471 [info] Added views:workbench.views.extensions.installed,workbench.views.extensions.popular,extensions.recommendedList in workbench.view.extensions
2023-10-07 18:45:06.722 [info] Removed views:extensions.recommendedList,workbench.views.extensions.popular,workbench.views.extensions.installed from workbench.view.extensions
2023-10-07 18:45:06.756 [info] Added views:workbench.views.extensions.marketplace in workbench.view.extensions
2023-10-07 18:53:08.118 [info] Added views:workbench.panel.markers.view in workbench.panel.markers
2023-10-07 18:53:08.142 [info] Added views:workbench.panel.output in workbench.panel.output
2023-10-07 18:53:08.142 [info] Added views:terminal in terminal
2023-10-07 18:53:08.142 [info] Added views:outline in workbench.view.explorer
2023-10-07 18:53:08.142 [info] Added views:workbench.scm in workbench.view.scm
2023-10-07 18:53:08.142 [info] Added views:workbench.view.search in workbench.view.search
2023-10-07 18:53:08.142 [info] Added views:timeline in workbench.view.explorer
2023-10-07 18:53:08.142 [info] Added views:workbench.explorer.fileView in workbench.view.explorer
2023-10-07 18:53:09.018 [info] Added views:workbench.debug.variablesView,workbench.debug.watchExpressionsView,workbench.debug.callStackView,workbench.debug.breakPointsView in workbench.view.debug
2023-10-07 18:53:09.787 [info] Added views:~remote.forwardedPorts in ~remote.forwardedPortsContainer
2023-10-07 18:53:11.529 [info] Added views:workbench.panel.repl.view in workbench.panel.repl
2023-10-07 18:53:11.532 [info] Removed views:workbench.debug.breakPointsView,workbench.debug.callStackView,workbench.debug.watchExpressionsView,workbench.debug.variablesView from workbench.view.debug
2023-10-07 18:53:11.534 [info] Added views:workbench.debug.welcome in workbench.view.debug
2023-10-07 18:53:21.241 [info] Added views:workbench.view.testing in workbench.view.extension.test
2023-10-07 19:12:54.728 [info] Removed views:workbench.view.testing from workbench.view.extension.test
