2023-10-07 20:27:17.288 [info] Experiment 'python.createEnvironment.trigger' is active
2023-10-07 20:27:17.288 [info] Experiment 'pythonPromptNewFormatterExt' is active
2023-10-07 20:27:17.288 [info] Experiment 'pythonPromptNewToolsExt' is active
2023-10-07 20:27:17.288 [info] Experiment 'pythonTerminalEnvVarActivation' is active
2023-10-07 20:27:17.288 [info] Experiment 'pythonTestAdapter' is active
2023-10-07 20:27:17.542 [info] Test server listening.
2023-10-07 20:27:17.543 [info] Python interpreter path: /bin/python
2023-10-07 20:27:53.164 [info] Starting Pylance language server.
2023-10-07 20:43:38.884 [info] Discover tests for workspace name: tflat_search-1 - uri: /home/karuto/tflat_search-1/dict.py
2023-10-07 20:43:46.140 [info] Discover tests for workspace name: tflat_search-1 - uri: /home/karuto/tflat_search-1/dict.py
2023-10-07 20:44:09.358 [info] Discover tests for workspace name: tflat_search-1 - uri: /home/karuto/tflat_search-1/dict.py
2023-10-07 20:44:12.307 [info] Discover tests for workspace name: tflat_search-1 - uri: /home/karuto/tflat_search-1/dict.py
2023-10-07 20:44:20.353 [info] Discover tests for workspace name: tflat_search-1 - uri: /home/karuto/tflat_search-1/dict.py
2023-10-07 20:44:21.849 [info] Discover tests for workspace name: tflat_search-1 - uri: /home/karuto/tflat_search-1/dict.py
2023-10-07 20:44:25.486 [info] Discover tests for workspace name: tflat_search-1 - uri: /home/karuto/tflat_search-1/dict.py
2023-10-07 20:45:24.766 [info] Discover tests for workspace name: tflat_search-1 - uri: /home/karuto/tflat_search-1/dict.py
2023-10-07 20:45:29.075 [info] Discover tests for workspace name: tflat_search-1 - uri: /home/karuto/tflat_search-1/dict.py
2023-10-07 20:47:14.752 [info] Discover tests for workspace name: tflat_search-1 - uri: /home/karuto/tflat_search-1/dict.py
2023-10-07 20:48:21.440 [info] Discover tests for workspace name: tflat_search-1 - uri: /home/karuto/tflat_search-1/dict.py
2023-10-07 20:48:24.969 [info] Discover tests for workspace name: tflat_search-1 - uri: /home/karuto/tflat_search-1/dict.py
2023-10-07 20:48:44.831 [info] Discover tests for workspace name: tflat_search-1 - uri: /home/karuto/tflat_search-1/dict.py
2023-10-07 20:48:46.270 [info] Discover tests for workspace name: tflat_search-1 - uri: /home/karuto/tflat_search-1/dict.py
2023-10-07 20:50:25.863 [info] Discover tests for workspace name: tflat_search-1 - uri: /home/karuto/tflat_search-1/dict.py
2023-10-07 20:50:31.152 [info] Discover tests for workspace name: tflat_search-1 - uri: /home/karuto/tflat_search-1/dict.py
2023-10-07 20:50:35.549 [info] Discover tests for workspace name: tflat_search-1 - uri: /home/karuto/tflat_search-1/dict.py
2023-10-07 20:50:36.927 [info] Discover tests for workspace name: tflat_search-1 - uri: /home/karuto/tflat_search-1/dict.py
2023-10-07 20:50:41.933 [info] Discover tests for workspace name: tflat_search-1 - uri: /home/karuto/tflat_search-1/dict.py
2023-10-07 20:50:44.775 [info] Discover tests for workspace name: tflat_search-1 - uri: /home/karuto/tflat_search-1/dict.py
2023-10-07 20:50:54.821 [info] Discover tests for workspace name: tflat_search-1 - uri: /home/karuto/tflat_search-1/dict.py
2023-10-07 20:50:59.418 [info] Discover tests for workspace name: tflat_search-1 - uri: /home/karuto/tflat_search-1/dict.py
2023-10-07 20:51:12.719 [info] Discover tests for workspace name: tflat_search-1 - uri: /home/karuto/tflat_search-1/dict.py
2023-10-07 20:51:14.675 [info] Discover tests for workspace name: tflat_search-1 - uri: /home/karuto/tflat_search-1/dict.py
2023-10-07 20:51:19.206 [info] Discover tests for workspace name: tflat_search-1 - uri: /home/karuto/tflat_search-1/dict.py
2023-10-07 20:51:22.665 [info] Discover tests for workspace name: tflat_search-1 - uri: /home/karuto/tflat_search-1/dict.py
2023-10-07 20:51:23.798 [info] Discover tests for workspace name: tflat_search-1 - uri: /home/karuto/tflat_search-1/dict.py
2023-10-07 20:51:28.101 [info] Discover tests for workspace name: tflat_search-1 - uri: /home/karuto/tflat_search-1/dict.py
2023-10-07 20:51:31.104 [info] Discover tests for workspace name: tflat_search-1 - uri: /home/karuto/tflat_search-1/dict.py
2023-10-07 20:51:35.065 [info] Discover tests for workspace name: tflat_search-1 - uri: /home/karuto/tflat_search-1/dict.py
2023-10-07 20:51:45.871 [info] Discover tests for workspace name: tflat_search-1 - uri: /home/karuto/tflat_search-1/dict.py
