2023-10-07 21:12:24.887 [info] Extension host with pid 1248 started
2023-10-07 21:12:24.887 [info] Skipping acquiring lock for /home/karuto/.config/Code/User/workspaceStorage/6630aba7b1f79aebb1f684596d0faf8f.
2023-10-07 21:12:30.247 [info] ExtensionService#_doActivateExtension vscode.emmet, startup: false, activationEvent: 'onLanguage'
2023-10-07 21:12:30.403 [info] ExtensionService#_doActivateExtension ms-python.python, startup: false, activationEvent: 'onLanguage:python'
2023-10-07 21:12:31.026 [info] ExtensionService#_doActivateExtension vscode.extension-editing, startup: false, activationEvent: 'onLanguage:json'
2023-10-07 21:12:31.072 [info] ExtensionService#_doActivateExtension vscode.json-language-features, startup: false, activationEvent: 'onLanguage:json'
2023-10-07 21:12:31.212 [info] ExtensionService#_doActivateExtension vscode.npm, startup: false, activationEvent: 'onLanguage:json'
2023-10-07 21:12:31.583 [info] ExtensionService#_doActivateExtension vscode.git-base, startup: true, activationEvent: '*', root cause: vscode.git
2023-10-07 21:12:32.338 [info] ExtensionService#_doActivateExtension vscode.git, startup: true, activationEvent: '*'
2023-10-07 21:12:32.568 [info] ExtensionService#_doActivateExtension vscode.github, startup: true, activationEvent: '*'
2023-10-07 21:12:35.059 [info] ExtensionService#_doActivateExtension ms-python.vscode-pylance, startup: false, activationEvent: 'onLanguage:python'
2023-10-07 21:12:36.416 [info] Eager extensions activated
2023-10-07 21:12:36.504 [info] ExtensionService#_doActivateExtension vscode.microsoft-authentication, startup: false, activationEvent: 'onAuthenticationRequest:microsoft'
2023-10-07 21:12:36.707 [info] ExtensionService#_doActivateExtension vscode.debug-auto-launch, startup: false, activationEvent: 'onStartupFinished'
2023-10-07 21:12:36.784 [info] ExtensionService#_doActivateExtension vscode.merge-conflict, startup: false, activationEvent: 'onStartupFinished'
2023-10-07 21:12:36.889 [info] ExtensionService#_doActivateExtension esbenp.prettier-vscode, startup: false, activationEvent: 'onStartupFinished'
2023-10-07 21:12:40.122 [info] ExtensionService#_doActivateExtension vscode.github-authentication, startup: false, activationEvent: 'onAuthenticationRequest:github'
2023-10-07 21:12:53.361 [info] Getting edit session identifier for workspaceFolder {"$mid":1,"fsPath":"/home/karuto/tflat_search-1","external":"file:///home/karuto/tflat_search-1","path":"/home/karuto/tflat_search-1","scheme":"file"}
2023-10-07 21:12:53.361 [info] Invoking #provideEditSessionIdentity for workspaceFolder {"uri":{"$mid":1,"fsPath":"/home/karuto/tflat_search-1","external":"file:///home/karuto/tflat_search-1","path":"/home/karuto/tflat_search-1","scheme":"file"},"name":"tflat_search-1","index":0}
2023-10-07 21:12:53.361 [info] Provider for scheme file is defined:  true
2023-10-07 21:12:56.860 [info] Provider returned edit session identifier:  {"remote":"https://github.com/Taki132/tflat_search.git","ref":"main","sha":"72a058b69d938cc9b4133c0f4342be89664d4785"}
2023-10-07 21:12:56.871 [info] Getting edit session identifier for workspaceFolder {"$mid":1,"fsPath":"/home/karuto/tflat_search-1","external":"file:///home/karuto/tflat_search-1","path":"/home/karuto/tflat_search-1","scheme":"file"}
2023-10-07 21:12:56.871 [info] Invoking #provideEditSessionIdentity for workspaceFolder {"uri":{"$mid":1,"fsPath":"/home/karuto/tflat_search-1","external":"file:///home/karuto/tflat_search-1","path":"/home/karuto/tflat_search-1","scheme":"file"},"name":"tflat_search-1","index":0}
2023-10-07 21:12:56.871 [info] Provider for scheme file is defined:  true
2023-10-07 21:12:56.872 [info] Provider returned edit session identifier match result:  0
2023-10-07 21:12:59.948 [error] Actual command not found, wanted to execute git.commit /13 __vsclng470ym  undefined
