2023-10-26T12:40:56.642Z [Modules] Modules initializing
2023-10-26T12:40:56.642Z [Modules] Distribution: remote
2023-10-26T12:40:56.642Z [Modules] Host updates: enabled
2023-10-26T12:40:56.643Z [Modules] Module updates: enabled
2023-10-26T12:40:56.643Z [Modules] Module install path: /home/karuto/.config/discord/0.0.32/modules
2023-10-26T12:40:56.643Z [Modules] Module installed file path: /home/karuto/.config/discord/0.0.32/modules/installed.json
2023-10-26T12:40:56.643Z [Modules] Module download path: /home/karuto/.config/discord/0.0.32/modules/pending
2023-10-26T12:40:59.418Z [Modules] Bootstrapping...
2023-10-26T12:40:59.420Z [Modules] Installing discord_desktop_core@0 from /opt/discord/resources/bootstrap/discord_desktop_core.zip
2023-10-26T12:40:59.428Z [Modules] Failed installing discord_desktop_core@0: Error: ENOENT: no such file or directory, open '/opt/discord/resources/bootstrap/discord_desktop_core.zip'
2023-10-26T12:40:59.431Z [Modules] Installing discord_erlpack@0 from /opt/discord/resources/bootstrap/discord_erlpack.zip
2023-10-26T12:40:59.434Z [Modules] Failed installing discord_erlpack@0: Error: ENOENT: no such file or directory, open '/opt/discord/resources/bootstrap/discord_erlpack.zip'
2023-10-26T12:40:59.435Z [Modules] Installing discord_spellcheck@0 from /opt/discord/resources/bootstrap/discord_spellcheck.zip
2023-10-26T12:40:59.437Z [Modules] Failed installing discord_spellcheck@0: Error: ENOENT: no such file or directory, open '/opt/discord/resources/bootstrap/discord_spellcheck.zip'
2023-10-26T12:40:59.438Z [Modules] Installing discord_utils@0 from /opt/discord/resources/bootstrap/discord_utils.zip
2023-10-26T12:40:59.439Z [Modules] Failed installing discord_utils@0: Error: ENOENT: no such file or directory, open '/opt/discord/resources/bootstrap/discord_utils.zip'
2023-10-26T12:40:59.440Z [Modules] Installing discord_voice@0 from /opt/discord/resources/bootstrap/discord_voice.zip
2023-10-26T12:40:59.443Z [Modules] Failed installing discord_voice@0: Error: ENOENT: no such file or directory, open '/opt/discord/resources/bootstrap/discord_voice.zip'
2023-10-26T12:40:59.444Z [Modules] Finished module installations. [success: 0] [failure: 5]
2023-10-26T12:40:59.444Z [Modules] Checking for host updates.
2023-10-26T12:41:01.770Z [Modules] Host is up to date.
2023-10-26T12:41:01.771Z [Modules] Checking for module updates at https://discord.com/api/modules/stable/versions.json
2023-10-26T12:41:01.912Z [Modules] Module update available: discord_desktop_core@1 [installed: 0]
2023-10-26T12:41:01.913Z [Modules] Module update available: discord_erlpack@1 [installed: 0]
2023-10-26T12:41:01.913Z [Modules] Module update available: discord_spellcheck@1 [installed: 0]
2023-10-26T12:41:01.913Z [Modules] Module update available: discord_utils@1 [installed: 0]
2023-10-26T12:41:01.913Z [Modules] Module update available: discord_voice@1 [installed: 0]
2023-10-26T12:41:01.917Z [Modules] Fetching discord_desktop_core@1 from https://discord.com/api/modules/stable/discord_desktop_core/1
2023-10-26T12:41:01.918Z [Modules] Streaming discord_desktop_core@1 to /home/karuto/.config/discord/0.0.32/modules/pending/discord_desktop_core-1.zip
2023-10-26T12:41:02.542Z [Modules] Streaming discord_desktop_core@1 to /home/karuto/.config/discord/0.0.32/modules/pending/discord_desktop_core-1.zip: 1%
2023-10-26T12:41:02.566Z [Modules] Streaming discord_desktop_core@1 to /home/karuto/.config/discord/0.0.32/modules/pending/discord_desktop_core-1.zip: 2%
2023-10-26T12:41:02.621Z [Modules] Streaming discord_desktop_core@1 to /home/karuto/.config/discord/0.0.32/modules/pending/discord_desktop_core-1.zip: 3%
2023-10-26T12:41:02.646Z [Modules] Streaming discord_desktop_core@1 to /home/karuto/.config/discord/0.0.32/modules/pending/discord_desktop_core-1.zip: 4%
2023-10-26T12:41:02.682Z [Modules] Streaming discord_desktop_core@1 to /home/karuto/.config/discord/0.0.32/modules/pending/discord_desktop_core-1.zip: 5%
2023-10-26T12:41:02.694Z [Modules] Streaming discord_desktop_core@1 to /home/karuto/.config/discord/0.0.32/modules/pending/discord_desktop_core-1.zip: 6%
2023-10-26T12:41:02.709Z [Modules] Streaming discord_desktop_core@1 to /home/karuto/.config/discord/0.0.32/modules/pending/discord_desktop_core-1.zip: 7%
2023-10-26T12:41:02.769Z [Modules] Streaming discord_desktop_core@1 to /home/karuto/.config/discord/0.0.32/modules/pending/discord_desktop_core-1.zip: 8%
2023-10-26T12:41:02.771Z [Modules] Streaming discord_desktop_core@1 to /home/karuto/.config/discord/0.0.32/modules/pending/discord_desktop_core-1.zip: 11%
2023-10-26T12:41:02.795Z [Modules] Streaming discord_desktop_core@1 to /home/karuto/.config/discord/0.0.32/modules/pending/discord_desktop_core-1.zip: 13%
2023-10-26T12:41:02.812Z [Modules] Streaming discord_desktop_core@1 to /home/karuto/.config/discord/0.0.32/modules/pending/discord_desktop_core-1.zip: 14%
2023-10-26T12:41:02.842Z [Modules] Streaming discord_desktop_core@1 to /home/karuto/.config/discord/0.0.32/modules/pending/discord_desktop_core-1.zip: 17%
2023-10-26T12:41:02.845Z [Modules] Streaming discord_desktop_core@1 to /home/karuto/.config/discord/0.0.32/modules/pending/discord_desktop_core-1.zip: 19%
2023-10-26T12:41:02.859Z [Modules] Streaming discord_desktop_core@1 to /home/karuto/.config/discord/0.0.32/modules/pending/discord_desktop_core-1.zip: 21%
2023-10-26T12:41:02.862Z [Modules] Streaming discord_desktop_core@1 to /home/karuto/.config/discord/0.0.32/modules/pending/discord_desktop_core-1.zip: 22%
2023-10-26T12:41:02.912Z [Modules] Streaming discord_desktop_core@1 to /home/karuto/.config/discord/0.0.32/modules/pending/discord_desktop_core-1.zip: 23%
2023-10-26T12:41:02.971Z [Modules] Streaming discord_desktop_core@1 to /home/karuto/.config/discord/0.0.32/modules/pending/discord_desktop_core-1.zip: 26%
2023-10-26T12:41:02.991Z [Modules] Streaming discord_desktop_core@1 to /home/karuto/.config/discord/0.0.32/modules/pending/discord_desktop_core-1.zip: 28%
2023-10-26T12:41:03.009Z [Modules] Streaming discord_desktop_core@1 to /home/karuto/.config/discord/0.0.32/modules/pending/discord_desktop_core-1.zip: 29%
2023-10-26T12:41:03.021Z [Modules] Streaming discord_desktop_core@1 to /home/karuto/.config/discord/0.0.32/modules/pending/discord_desktop_core-1.zip: 30%
2023-10-26T12:41:03.023Z [Modules] Streaming discord_desktop_core@1 to /home/karuto/.config/discord/0.0.32/modules/pending/discord_desktop_core-1.zip: 31%
2023-10-26T12:41:03.034Z [Modules] Streaming discord_desktop_core@1 to /home/karuto/.config/discord/0.0.32/modules/pending/discord_desktop_core-1.zip: 32%
2023-10-26T12:41:03.039Z [Modules] Streaming discord_desktop_core@1 to /home/karuto/.config/discord/0.0.32/modules/pending/discord_desktop_core-1.zip: 33%
2023-10-26T12:41:03.047Z [Modules] Streaming discord_desktop_core@1 to /home/karuto/.config/discord/0.0.32/modules/pending/discord_desktop_core-1.zip: 35%
2023-10-26T12:41:03.055Z [Modules] Streaming discord_desktop_core@1 to /home/karuto/.config/discord/0.0.32/modules/pending/discord_desktop_core-1.zip: 36%
2023-10-26T12:41:03.062Z [Modules] Streaming discord_desktop_core@1 to /home/karuto/.config/discord/0.0.32/modules/pending/discord_desktop_core-1.zip: 38%
2023-10-26T12:41:03.122Z [Modules] Streaming discord_desktop_core@1 to /home/karuto/.config/discord/0.0.32/modules/pending/discord_desktop_core-1.zip: 39%
2023-10-26T12:41:03.152Z [Modules] Streaming discord_desktop_core@1 to /home/karuto/.config/discord/0.0.32/modules/pending/discord_desktop_core-1.zip: 40%
2023-10-26T12:41:03.161Z [Modules] Streaming discord_desktop_core@1 to /home/karuto/.config/discord/0.0.32/modules/pending/discord_desktop_core-1.zip: 41%
2023-10-26T12:41:03.173Z [Modules] Streaming discord_desktop_core@1 to /home/karuto/.config/discord/0.0.32/modules/pending/discord_desktop_core-1.zip: 42%
2023-10-26T12:41:03.179Z [Modules] Streaming discord_desktop_core@1 to /home/karuto/.config/discord/0.0.32/modules/pending/discord_desktop_core-1.zip: 43%
2023-10-26T12:41:03.197Z [Modules] Streaming discord_desktop_core@1 to /home/karuto/.config/discord/0.0.32/modules/pending/discord_desktop_core-1.zip: 44%
2023-10-26T12:41:03.200Z [Modules] Streaming discord_desktop_core@1 to /home/karuto/.config/discord/0.0.32/modules/pending/discord_desktop_core-1.zip: 45%
2023-10-26T12:41:03.206Z [Modules] Streaming discord_desktop_core@1 to /home/karuto/.config/discord/0.0.32/modules/pending/discord_desktop_core-1.zip: 46%
2023-10-26T12:41:03.211Z [Modules] Streaming discord_desktop_core@1 to /home/karuto/.config/discord/0.0.32/modules/pending/discord_desktop_core-1.zip: 47%
2023-10-26T12:41:03.229Z [Modules] Streaming discord_desktop_core@1 to /home/karuto/.config/discord/0.0.32/modules/pending/discord_desktop_core-1.zip: 50%
2023-10-26T12:41:03.242Z [Modules] Streaming discord_desktop_core@1 to /home/karuto/.config/discord/0.0.32/modules/pending/discord_desktop_core-1.zip: 51%
2023-10-26T12:41:03.252Z [Modules] Streaming discord_desktop_core@1 to /home/karuto/.config/discord/0.0.32/modules/pending/discord_desktop_core-1.zip: 52%
2023-10-26T12:41:03.258Z [Modules] Streaming discord_desktop_core@1 to /home/karuto/.config/discord/0.0.32/modules/pending/discord_desktop_core-1.zip: 53%
2023-10-26T12:41:03.278Z [Modules] Streaming discord_desktop_core@1 to /home/karuto/.config/discord/0.0.32/modules/pending/discord_desktop_core-1.zip: 55%
2023-10-26T12:41:03.309Z [Modules] Streaming discord_desktop_core@1 to /home/karuto/.config/discord/0.0.32/modules/pending/discord_desktop_core-1.zip: 56%
2023-10-26T12:41:03.339Z [Modules] Streaming discord_desktop_core@1 to /home/karuto/.config/discord/0.0.32/modules/pending/discord_desktop_core-1.zip: 57%
2023-10-26T12:41:03.358Z [Modules] Streaming discord_desktop_core@1 to /home/karuto/.config/discord/0.0.32/modules/pending/discord_desktop_core-1.zip: 58%
2023-10-26T12:41:03.366Z [Modules] Streaming discord_desktop_core@1 to /home/karuto/.config/discord/0.0.32/modules/pending/discord_desktop_core-1.zip: 59%
2023-10-26T12:41:03.377Z [Modules] Streaming discord_desktop_core@1 to /home/karuto/.config/discord/0.0.32/modules/pending/discord_desktop_core-1.zip: 60%
2023-10-26T12:41:03.389Z [Modules] Streaming discord_desktop_core@1 to /home/karuto/.config/discord/0.0.32/modules/pending/discord_desktop_core-1.zip: 61%
2023-10-26T12:41:03.403Z [Modules] Streaming discord_desktop_core@1 to /home/karuto/.config/discord/0.0.32/modules/pending/discord_desktop_core-1.zip: 62%
2023-10-26T12:41:03.416Z [Modules] Streaming discord_desktop_core@1 to /home/karuto/.config/discord/0.0.32/modules/pending/discord_desktop_core-1.zip: 63%
2023-10-26T12:41:03.423Z [Modules] Streaming discord_desktop_core@1 to /home/karuto/.config/discord/0.0.32/modules/pending/discord_desktop_core-1.zip: 65%
2023-10-26T12:41:03.435Z [Modules] Streaming discord_desktop_core@1 to /home/karuto/.config/discord/0.0.32/modules/pending/discord_desktop_core-1.zip: 66%
2023-10-26T12:41:03.450Z [Modules] Streaming discord_desktop_core@1 to /home/karuto/.config/discord/0.0.32/modules/pending/discord_desktop_core-1.zip: 69%
2023-10-26T12:41:03.459Z [Modules] Streaming discord_desktop_core@1 to /home/karuto/.config/discord/0.0.32/modules/pending/discord_desktop_core-1.zip: 71%
2023-10-26T12:41:03.488Z [Modules] Streaming discord_desktop_core@1 to /home/karuto/.config/discord/0.0.32/modules/pending/discord_desktop_core-1.zip: 73%
2023-10-26T12:41:03.510Z [Modules] Streaming discord_desktop_core@1 to /home/karuto/.config/discord/0.0.32/modules/pending/discord_desktop_core-1.zip: 74%
2023-10-26T12:41:03.530Z [Modules] Streaming discord_desktop_core@1 to /home/karuto/.config/discord/0.0.32/modules/pending/discord_desktop_core-1.zip: 75%
2023-10-26T12:41:03.544Z [Modules] Streaming discord_desktop_core@1 to /home/karuto/.config/discord/0.0.32/modules/pending/discord_desktop_core-1.zip: 77%
2023-10-26T12:41:03.554Z [Modules] Streaming discord_desktop_core@1 to /home/karuto/.config/discord/0.0.32/modules/pending/discord_desktop_core-1.zip: 78%
2023-10-26T12:41:03.560Z [Modules] Streaming discord_desktop_core@1 to /home/karuto/.config/discord/0.0.32/modules/pending/discord_desktop_core-1.zip: 79%
2023-10-26T12:41:03.577Z [Modules] Streaming discord_desktop_core@1 to /home/karuto/.config/discord/0.0.32/modules/pending/discord_desktop_core-1.zip: 80%
2023-10-26T12:41:03.618Z [Modules] Streaming discord_desktop_core@1 to /home/karuto/.config/discord/0.0.32/modules/pending/discord_desktop_core-1.zip: 83%
2023-10-26T12:41:03.638Z [Modules] Streaming discord_desktop_core@1 to /home/karuto/.config/discord/0.0.32/modules/pending/discord_desktop_core-1.zip: 86%
2023-10-26T12:41:03.747Z [Modules] Streaming discord_desktop_core@1 to /home/karuto/.config/discord/0.0.32/modules/pending/discord_desktop_core-1.zip: 87%
2023-10-26T12:41:03.772Z [Modules] Streaming discord_desktop_core@1 to /home/karuto/.config/discord/0.0.32/modules/pending/discord_desktop_core-1.zip: 88%
2023-10-26T12:41:03.850Z [Modules] Streaming discord_desktop_core@1 to /home/karuto/.config/discord/0.0.32/modules/pending/discord_desktop_core-1.zip: 89%
2023-10-26T12:41:03.852Z [Modules] Streaming discord_desktop_core@1 to /home/karuto/.config/discord/0.0.32/modules/pending/discord_desktop_core-1.zip: 92%
2023-10-26T12:41:03.938Z [Modules] Streaming discord_desktop_core@1 to /home/karuto/.config/discord/0.0.32/modules/pending/discord_desktop_core-1.zip: 93%
2023-10-26T12:41:03.939Z [Modules] Streaming discord_desktop_core@1 to /home/karuto/.config/discord/0.0.32/modules/pending/discord_desktop_core-1.zip: 95%
2023-10-26T12:41:03.979Z [Modules] Streaming discord_desktop_core@1 to /home/karuto/.config/discord/0.0.32/modules/pending/discord_desktop_core-1.zip: 98%
2023-10-26T12:41:03.982Z [Modules] Streaming discord_desktop_core@1 to /home/karuto/.config/discord/0.0.32/modules/pending/discord_desktop_core-1.zip: 100%
2023-10-26T12:41:03.988Z [Modules] Fetching discord_erlpack@1 from https://discord.com/api/modules/stable/discord_erlpack/1
2023-10-26T12:41:03.988Z [Modules] Streaming discord_erlpack@1 to /home/karuto/.config/discord/0.0.32/modules/pending/discord_erlpack-1.zip
2023-10-26T12:41:04.529Z [Modules] Streaming discord_erlpack@1 to /home/karuto/.config/discord/0.0.32/modules/pending/discord_erlpack-1.zip: 1%
2023-10-26T12:41:04.543Z [Modules] Streaming discord_erlpack@1 to /home/karuto/.config/discord/0.0.32/modules/pending/discord_erlpack-1.zip: 2%
2023-10-26T12:41:04.545Z [Modules] Streaming discord_erlpack@1 to /home/karuto/.config/discord/0.0.32/modules/pending/discord_erlpack-1.zip: 3%
2023-10-26T12:41:04.559Z [Modules] Streaming discord_erlpack@1 to /home/karuto/.config/discord/0.0.32/modules/pending/discord_erlpack-1.zip: 4%
2023-10-26T12:41:04.567Z [Modules] Streaming discord_erlpack@1 to /home/karuto/.config/discord/0.0.32/modules/pending/discord_erlpack-1.zip: 5%
2023-10-26T12:41:04.573Z [Modules] Streaming discord_erlpack@1 to /home/karuto/.config/discord/0.0.32/modules/pending/discord_erlpack-1.zip: 6%
2023-10-26T12:41:04.576Z [Modules] Streaming discord_erlpack@1 to /home/karuto/.config/discord/0.0.32/modules/pending/discord_erlpack-1.zip: 7%
2023-10-26T12:41:04.585Z [Modules] Streaming discord_erlpack@1 to /home/karuto/.config/discord/0.0.32/modules/pending/discord_erlpack-1.zip: 8%
2023-10-26T12:41:04.587Z [Modules] Streaming discord_erlpack@1 to /home/karuto/.config/discord/0.0.32/modules/pending/discord_erlpack-1.zip: 9%
2023-10-26T12:41:04.610Z [Modules] Streaming discord_erlpack@1 to /home/karuto/.config/discord/0.0.32/modules/pending/discord_erlpack-1.zip: 11%
2023-10-26T12:41:04.627Z [Modules] Streaming discord_erlpack@1 to /home/karuto/.config/discord/0.0.32/modules/pending/discord_erlpack-1.zip: 12%
2023-10-26T12:41:04.632Z [Modules] Streaming discord_erlpack@1 to /home/karuto/.config/discord/0.0.32/modules/pending/discord_erlpack-1.zip: 13%
2023-10-26T12:41:04.648Z [Modules] Streaming discord_erlpack@1 to /home/karuto/.config/discord/0.0.32/modules/pending/discord_erlpack-1.zip: 15%
2023-10-26T12:41:04.671Z [Modules] Streaming discord_erlpack@1 to /home/karuto/.config/discord/0.0.32/modules/pending/discord_erlpack-1.zip: 16%
2023-10-26T12:41:04.678Z [Modules] Streaming discord_erlpack@1 to /home/karuto/.config/discord/0.0.32/modules/pending/discord_erlpack-1.zip: 18%
2023-10-26T12:41:04.688Z [Modules] Streaming discord_erlpack@1 to /home/karuto/.config/discord/0.0.32/modules/pending/discord_erlpack-1.zip: 19%
2023-10-26T12:41:04.727Z [Modules] Streaming discord_erlpack@1 to /home/karuto/.config/discord/0.0.32/modules/pending/discord_erlpack-1.zip: 20%
2023-10-26T12:41:04.728Z [Modules] Streaming discord_erlpack@1 to /home/karuto/.config/discord/0.0.32/modules/pending/discord_erlpack-1.zip: 23%
2023-10-26T12:41:04.737Z [Modules] Streaming discord_erlpack@1 to /home/karuto/.config/discord/0.0.32/modules/pending/discord_erlpack-1.zip: 27%
2023-10-26T12:41:04.928Z [Modules] Streaming discord_erlpack@1 to /home/karuto/.config/discord/0.0.32/modules/pending/discord_erlpack-1.zip: 29%
2023-10-26T12:41:04.991Z [Modules] Streaming discord_erlpack@1 to /home/karuto/.config/discord/0.0.32/modules/pending/discord_erlpack-1.zip: 30%
2023-10-26T12:41:04.994Z [Modules] Streaming discord_erlpack@1 to /home/karuto/.config/discord/0.0.32/modules/pending/discord_erlpack-1.zip: 34%
2023-10-26T12:41:05.037Z [Modules] Streaming discord_erlpack@1 to /home/karuto/.config/discord/0.0.32/modules/pending/discord_erlpack-1.zip: 37%
2023-10-26T12:41:05.039Z [Modules] Streaming discord_erlpack@1 to /home/karuto/.config/discord/0.0.32/modules/pending/discord_erlpack-1.zip: 41%
2023-10-26T12:41:05.096Z [Modules] Streaming discord_erlpack@1 to /home/karuto/.config/discord/0.0.32/modules/pending/discord_erlpack-1.zip: 44%
2023-10-26T12:41:05.098Z [Modules] Streaming discord_erlpack@1 to /home/karuto/.config/discord/0.0.32/modules/pending/discord_erlpack-1.zip: 54%
2023-10-26T12:41:05.114Z [Modules] Streaming discord_erlpack@1 to /home/karuto/.config/discord/0.0.32/modules/pending/discord_erlpack-1.zip: 58%
2023-10-26T12:41:05.116Z [Modules] Streaming discord_erlpack@1 to /home/karuto/.config/discord/0.0.32/modules/pending/discord_erlpack-1.zip: 68%
2023-10-26T12:41:05.118Z [Modules] Streaming discord_erlpack@1 to /home/karuto/.config/discord/0.0.32/modules/pending/discord_erlpack-1.zip: 75%
2023-10-26T12:41:05.175Z [Modules] Streaming discord_erlpack@1 to /home/karuto/.config/discord/0.0.32/modules/pending/discord_erlpack-1.zip: 82%
2023-10-26T12:41:05.225Z [Modules] Streaming discord_erlpack@1 to /home/karuto/.config/discord/0.0.32/modules/pending/discord_erlpack-1.zip: 89%
2023-10-26T12:41:05.303Z [Modules] Streaming discord_erlpack@1 to /home/karuto/.config/discord/0.0.32/modules/pending/discord_erlpack-1.zip: 92%
2023-10-26T12:41:05.304Z [Modules] Streaming discord_erlpack@1 to /home/karuto/.config/discord/0.0.32/modules/pending/discord_erlpack-1.zip: 95%
2023-10-26T12:41:05.406Z [Modules] Streaming discord_erlpack@1 to /home/karuto/.config/discord/0.0.32/modules/pending/discord_erlpack-1.zip: 99%
2023-10-26T12:41:05.902Z [Modules] Streaming discord_erlpack@1 to /home/karuto/.config/discord/0.0.32/modules/pending/discord_erlpack-1.zip: 100%
2023-10-26T12:41:05.904Z [Modules] Fetching discord_spellcheck@1 from https://discord.com/api/modules/stable/discord_spellcheck/1
2023-10-26T12:41:05.905Z [Modules] Streaming discord_spellcheck@1 to /home/karuto/.config/discord/0.0.32/modules/pending/discord_spellcheck-1.zip
2023-10-26T12:41:06.483Z [Modules] Streaming discord_spellcheck@1 to /home/karuto/.config/discord/0.0.32/modules/pending/discord_spellcheck-1.zip: 1%
2023-10-26T12:41:06.623Z [Modules] Streaming discord_spellcheck@1 to /home/karuto/.config/discord/0.0.32/modules/pending/discord_spellcheck-1.zip: 2%
2023-10-26T12:41:06.625Z [Modules] Streaming discord_spellcheck@1 to /home/karuto/.config/discord/0.0.32/modules/pending/discord_spellcheck-1.zip: 3%
2023-10-26T12:41:06.650Z [Modules] Streaming discord_spellcheck@1 to /home/karuto/.config/discord/0.0.32/modules/pending/discord_spellcheck-1.zip: 4%
2023-10-26T12:41:06.745Z [Modules] Streaming discord_spellcheck@1 to /home/karuto/.config/discord/0.0.32/modules/pending/discord_spellcheck-1.zip: 5%
2023-10-26T12:41:06.749Z [Modules] Streaming discord_spellcheck@1 to /home/karuto/.config/discord/0.0.32/modules/pending/discord_spellcheck-1.zip: 6%
2023-10-26T12:41:06.751Z [Modules] Streaming discord_spellcheck@1 to /home/karuto/.config/discord/0.0.32/modules/pending/discord_spellcheck-1.zip: 7%
2023-10-26T12:41:06.781Z [Modules] Streaming discord_spellcheck@1 to /home/karuto/.config/discord/0.0.32/modules/pending/discord_spellcheck-1.zip: 8%
2023-10-26T12:41:06.783Z [Modules] Streaming discord_spellcheck@1 to /home/karuto/.config/discord/0.0.32/modules/pending/discord_spellcheck-1.zip: 9%
2023-10-26T12:41:06.805Z [Modules] Streaming discord_spellcheck@1 to /home/karuto/.config/discord/0.0.32/modules/pending/discord_spellcheck-1.zip: 10%
2023-10-26T12:41:06.807Z [Modules] Streaming discord_spellcheck@1 to /home/karuto/.config/discord/0.0.32/modules/pending/discord_spellcheck-1.zip: 12%
2023-10-26T12:41:06.829Z [Modules] Streaming discord_spellcheck@1 to /home/karuto/.config/discord/0.0.32/modules/pending/discord_spellcheck-1.zip: 13%
2023-10-26T12:41:06.831Z [Modules] Streaming discord_spellcheck@1 to /home/karuto/.config/discord/0.0.32/modules/pending/discord_spellcheck-1.zip: 15%
2023-10-26T12:41:06.833Z [Modules] Streaming discord_spellcheck@1 to /home/karuto/.config/discord/0.0.32/modules/pending/discord_spellcheck-1.zip: 16%
2023-10-26T12:41:06.840Z [Modules] Streaming discord_spellcheck@1 to /home/karuto/.config/discord/0.0.32/modules/pending/discord_spellcheck-1.zip: 17%
2023-10-26T12:41:06.875Z [Modules] Streaming discord_spellcheck@1 to /home/karuto/.config/discord/0.0.32/modules/pending/discord_spellcheck-1.zip: 18%
2023-10-26T12:41:06.892Z [Modules] Streaming discord_spellcheck@1 to /home/karuto/.config/discord/0.0.32/modules/pending/discord_spellcheck-1.zip: 19%
2023-10-26T12:41:06.949Z [Modules] Streaming discord_spellcheck@1 to /home/karuto/.config/discord/0.0.32/modules/pending/discord_spellcheck-1.zip: 20%
2023-10-26T12:41:06.954Z [Modules] Streaming discord_spellcheck@1 to /home/karuto/.config/discord/0.0.32/modules/pending/discord_spellcheck-1.zip: 21%
2023-10-26T12:41:07.068Z [Modules] Streaming discord_spellcheck@1 to /home/karuto/.config/discord/0.0.32/modules/pending/discord_spellcheck-1.zip: 22%
2023-10-26T12:41:07.093Z [Modules] Streaming discord_spellcheck@1 to /home/karuto/.config/discord/0.0.32/modules/pending/discord_spellcheck-1.zip: 24%
2023-10-26T12:41:07.097Z [Modules] Streaming discord_spellcheck@1 to /home/karuto/.config/discord/0.0.32/modules/pending/discord_spellcheck-1.zip: 25%
2023-10-26T12:41:07.136Z [Modules] Streaming discord_spellcheck@1 to /home/karuto/.config/discord/0.0.32/modules/pending/discord_spellcheck-1.zip: 26%
2023-10-26T12:41:07.162Z [Modules] Streaming discord_spellcheck@1 to /home/karuto/.config/discord/0.0.32/modules/pending/discord_spellcheck-1.zip: 27%
2023-10-26T12:41:07.190Z [Modules] Streaming discord_spellcheck@1 to /home/karuto/.config/discord/0.0.32/modules/pending/discord_spellcheck-1.zip: 28%
2023-10-26T12:41:07.207Z [Modules] Streaming discord_spellcheck@1 to /home/karuto/.config/discord/0.0.32/modules/pending/discord_spellcheck-1.zip: 29%
2023-10-26T12:41:07.234Z [Modules] Streaming discord_spellcheck@1 to /home/karuto/.config/discord/0.0.32/modules/pending/discord_spellcheck-1.zip: 30%
2023-10-26T12:41:07.253Z [Modules] Streaming discord_spellcheck@1 to /home/karuto/.config/discord/0.0.32/modules/pending/discord_spellcheck-1.zip: 31%
2023-10-26T12:41:07.276Z [Modules] Streaming discord_spellcheck@1 to /home/karuto/.config/discord/0.0.32/modules/pending/discord_spellcheck-1.zip: 32%
2023-10-26T12:41:07.314Z [Modules] Streaming discord_spellcheck@1 to /home/karuto/.config/discord/0.0.32/modules/pending/discord_spellcheck-1.zip: 33%
2023-10-26T12:41:07.367Z [Modules] Streaming discord_spellcheck@1 to /home/karuto/.config/discord/0.0.32/modules/pending/discord_spellcheck-1.zip: 34%
2023-10-26T12:41:07.369Z [Modules] Streaming discord_spellcheck@1 to /home/karuto/.config/discord/0.0.32/modules/pending/discord_spellcheck-1.zip: 35%
2023-10-26T12:41:07.411Z [Modules] Streaming discord_spellcheck@1 to /home/karuto/.config/discord/0.0.32/modules/pending/discord_spellcheck-1.zip: 36%
2023-10-26T12:41:07.434Z [Modules] Streaming discord_spellcheck@1 to /home/karuto/.config/discord/0.0.32/modules/pending/discord_spellcheck-1.zip: 37%
2023-10-26T12:41:07.461Z [Modules] Streaming discord_spellcheck@1 to /home/karuto/.config/discord/0.0.32/modules/pending/discord_spellcheck-1.zip: 38%
2023-10-26T12:41:08.242Z [Modules] Streaming discord_spellcheck@1 to /home/karuto/.config/discord/0.0.32/modules/pending/discord_spellcheck-1.zip: 39%
2023-10-26T12:41:08.256Z [Modules] Streaming discord_spellcheck@1 to /home/karuto/.config/discord/0.0.32/modules/pending/discord_spellcheck-1.zip: 40%
2023-10-26T12:41:08.276Z [Modules] Streaming discord_spellcheck@1 to /home/karuto/.config/discord/0.0.32/modules/pending/discord_spellcheck-1.zip: 41%
2023-10-26T12:41:08.315Z [Modules] Streaming discord_spellcheck@1 to /home/karuto/.config/discord/0.0.32/modules/pending/discord_spellcheck-1.zip: 42%
2023-10-26T12:41:08.320Z [Modules] Streaming discord_spellcheck@1 to /home/karuto/.config/discord/0.0.32/modules/pending/discord_spellcheck-1.zip: 43%
2023-10-26T12:41:08.322Z [Modules] Streaming discord_spellcheck@1 to /home/karuto/.config/discord/0.0.32/modules/pending/discord_spellcheck-1.zip: 44%
2023-10-26T12:41:08.324Z [Modules] Streaming discord_spellcheck@1 to /home/karuto/.config/discord/0.0.32/modules/pending/discord_spellcheck-1.zip: 45%
2023-10-26T12:41:08.358Z [Modules] Streaming discord_spellcheck@1 to /home/karuto/.config/discord/0.0.32/modules/pending/discord_spellcheck-1.zip: 46%
2023-10-26T12:41:08.362Z [Modules] Streaming discord_spellcheck@1 to /home/karuto/.config/discord/0.0.32/modules/pending/discord_spellcheck-1.zip: 48%
2023-10-26T12:41:08.365Z [Modules] Streaming discord_spellcheck@1 to /home/karuto/.config/discord/0.0.32/modules/pending/discord_spellcheck-1.zip: 50%
2023-10-26T12:41:08.367Z [Modules] Streaming discord_spellcheck@1 to /home/karuto/.config/discord/0.0.32/modules/pending/discord_spellcheck-1.zip: 53%
2023-10-26T12:41:08.369Z [Modules] Streaming discord_spellcheck@1 to /home/karuto/.config/discord/0.0.32/modules/pending/discord_spellcheck-1.zip: 54%
2023-10-26T12:41:08.378Z [Modules] Streaming discord_spellcheck@1 to /home/karuto/.config/discord/0.0.32/modules/pending/discord_spellcheck-1.zip: 55%
2023-10-26T12:41:08.425Z [Modules] Streaming discord_spellcheck@1 to /home/karuto/.config/discord/0.0.32/modules/pending/discord_spellcheck-1.zip: 56%
2023-10-26T12:41:08.489Z [Modules] Streaming discord_spellcheck@1 to /home/karuto/.config/discord/0.0.32/modules/pending/discord_spellcheck-1.zip: 57%
2023-10-26T12:41:08.511Z [Modules] Streaming discord_spellcheck@1 to /home/karuto/.config/discord/0.0.32/modules/pending/discord_spellcheck-1.zip: 58%
2023-10-26T12:41:08.599Z [Modules] Streaming discord_spellcheck@1 to /home/karuto/.config/discord/0.0.32/modules/pending/discord_spellcheck-1.zip: 59%
2023-10-26T12:41:08.602Z [Modules] Streaming discord_spellcheck@1 to /home/karuto/.config/discord/0.0.32/modules/pending/discord_spellcheck-1.zip: 60%
2023-10-26T12:41:08.960Z [Modules] Streaming discord_spellcheck@1 to /home/karuto/.config/discord/0.0.32/modules/pending/discord_spellcheck-1.zip: 61%
2023-10-26T12:41:08.980Z [Modules] Streaming discord_spellcheck@1 to /home/karuto/.config/discord/0.0.32/modules/pending/discord_spellcheck-1.zip: 62%
2023-10-26T12:41:09.006Z [Modules] Streaming discord_spellcheck@1 to /home/karuto/.config/discord/0.0.32/modules/pending/discord_spellcheck-1.zip: 63%
2023-10-26T12:41:09.007Z [Modules] Streaming discord_spellcheck@1 to /home/karuto/.config/discord/0.0.32/modules/pending/discord_spellcheck-1.zip: 64%
2023-10-26T12:41:09.032Z [Modules] Streaming discord_spellcheck@1 to /home/karuto/.config/discord/0.0.32/modules/pending/discord_spellcheck-1.zip: 65%
2023-10-26T12:41:09.094Z [Modules] Streaming discord_spellcheck@1 to /home/karuto/.config/discord/0.0.32/modules/pending/discord_spellcheck-1.zip: 66%
2023-10-26T12:41:09.176Z [Modules] Streaming discord_spellcheck@1 to /home/karuto/.config/discord/0.0.32/modules/pending/discord_spellcheck-1.zip: 67%
2023-10-26T12:41:09.196Z [Modules] Streaming discord_spellcheck@1 to /home/karuto/.config/discord/0.0.32/modules/pending/discord_spellcheck-1.zip: 68%
2023-10-26T12:41:09.200Z [Modules] Streaming discord_spellcheck@1 to /home/karuto/.config/discord/0.0.32/modules/pending/discord_spellcheck-1.zip: 69%
2023-10-26T12:41:09.219Z [Modules] Streaming discord_spellcheck@1 to /home/karuto/.config/discord/0.0.32/modules/pending/discord_spellcheck-1.zip: 70%
2023-10-26T12:41:09.221Z [Modules] Streaming discord_spellcheck@1 to /home/karuto/.config/discord/0.0.32/modules/pending/discord_spellcheck-1.zip: 72%
2023-10-26T12:41:09.245Z [Modules] Streaming discord_spellcheck@1 to /home/karuto/.config/discord/0.0.32/modules/pending/discord_spellcheck-1.zip: 73%
2023-10-26T12:41:09.249Z [Modules] Streaming discord_spellcheck@1 to /home/karuto/.config/discord/0.0.32/modules/pending/discord_spellcheck-1.zip: 74%
2023-10-26T12:41:09.251Z [Modules] Streaming discord_spellcheck@1 to /home/karuto/.config/discord/0.0.32/modules/pending/discord_spellcheck-1.zip: 75%
2023-10-26T12:41:09.277Z [Modules] Streaming discord_spellcheck@1 to /home/karuto/.config/discord/0.0.32/modules/pending/discord_spellcheck-1.zip: 76%
2023-10-26T12:41:09.623Z [Modules] Streaming discord_spellcheck@1 to /home/karuto/.config/discord/0.0.32/modules/pending/discord_spellcheck-1.zip: 77%
2023-10-26T12:41:09.677Z [Modules] Streaming discord_spellcheck@1 to /home/karuto/.config/discord/0.0.32/modules/pending/discord_spellcheck-1.zip: 78%
2023-10-26T12:41:09.706Z [Modules] Streaming discord_spellcheck@1 to /home/karuto/.config/discord/0.0.32/modules/pending/discord_spellcheck-1.zip: 79%
2023-10-26T12:41:09.735Z [Modules] Streaming discord_spellcheck@1 to /home/karuto/.config/discord/0.0.32/modules/pending/discord_spellcheck-1.zip: 80%
2023-10-26T12:41:09.737Z [Modules] Streaming discord_spellcheck@1 to /home/karuto/.config/discord/0.0.32/modules/pending/discord_spellcheck-1.zip: 81%
2023-10-26T12:41:09.752Z [Modules] Streaming discord_spellcheck@1 to /home/karuto/.config/discord/0.0.32/modules/pending/discord_spellcheck-1.zip: 82%
2023-10-26T12:41:09.754Z [Modules] Streaming discord_spellcheck@1 to /home/karuto/.config/discord/0.0.32/modules/pending/discord_spellcheck-1.zip: 83%
2023-10-26T12:41:10.026Z [Modules] Streaming discord_spellcheck@1 to /home/karuto/.config/discord/0.0.32/modules/pending/discord_spellcheck-1.zip: 84%
2023-10-26T12:41:10.097Z [Modules] Streaming discord_spellcheck@1 to /home/karuto/.config/discord/0.0.32/modules/pending/discord_spellcheck-1.zip: 85%
2023-10-26T12:41:10.099Z [Modules] Streaming discord_spellcheck@1 to /home/karuto/.config/discord/0.0.32/modules/pending/discord_spellcheck-1.zip: 86%
2023-10-26T12:41:10.102Z [Modules] Streaming discord_spellcheck@1 to /home/karuto/.config/discord/0.0.32/modules/pending/discord_spellcheck-1.zip: 88%
2023-10-26T12:41:10.156Z [Modules] Streaming discord_spellcheck@1 to /home/karuto/.config/discord/0.0.32/modules/pending/discord_spellcheck-1.zip: 89%
2023-10-26T12:41:10.189Z [Modules] Streaming discord_spellcheck@1 to /home/karuto/.config/discord/0.0.32/modules/pending/discord_spellcheck-1.zip: 90%
2023-10-26T12:41:10.445Z [Modules] Streaming discord_spellcheck@1 to /home/karuto/.config/discord/0.0.32/modules/pending/discord_spellcheck-1.zip: 91%
2023-10-26T12:41:10.577Z [Modules] Streaming discord_spellcheck@1 to /home/karuto/.config/discord/0.0.32/modules/pending/discord_spellcheck-1.zip: 92%
2023-10-26T12:41:10.659Z [Modules] Streaming discord_spellcheck@1 to /home/karuto/.config/discord/0.0.32/modules/pending/discord_spellcheck-1.zip: 93%
2023-10-26T12:41:10.708Z [Modules] Streaming discord_spellcheck@1 to /home/karuto/.config/discord/0.0.32/modules/pending/discord_spellcheck-1.zip: 94%
2023-10-26T12:41:10.826Z [Modules] Streaming discord_spellcheck@1 to /home/karuto/.config/discord/0.0.32/modules/pending/discord_spellcheck-1.zip: 95%
2023-10-26T12:41:10.884Z [Modules] Streaming discord_spellcheck@1 to /home/karuto/.config/discord/0.0.32/modules/pending/discord_spellcheck-1.zip: 96%
2023-10-26T12:41:10.928Z [Modules] Streaming discord_spellcheck@1 to /home/karuto/.config/discord/0.0.32/modules/pending/discord_spellcheck-1.zip: 97%
2023-10-26T12:41:11.070Z [Modules] Streaming discord_spellcheck@1 to /home/karuto/.config/discord/0.0.32/modules/pending/discord_spellcheck-1.zip: 98%
2023-10-26T12:41:11.160Z [Modules] Streaming discord_spellcheck@1 to /home/karuto/.config/discord/0.0.32/modules/pending/discord_spellcheck-1.zip: 99%
2023-10-26T12:41:11.321Z [Modules] Streaming discord_spellcheck@1 to /home/karuto/.config/discord/0.0.32/modules/pending/discord_spellcheck-1.zip: 100%
2023-10-26T12:41:11.325Z [Modules] Fetching discord_utils@1 from https://discord.com/api/modules/stable/discord_utils/1
2023-10-26T12:41:11.325Z [Modules] Streaming discord_utils@1 to /home/karuto/.config/discord/0.0.32/modules/pending/discord_utils-1.zip
2023-10-26T12:41:11.921Z [Modules] Streaming discord_utils@1 to /home/karuto/.config/discord/0.0.32/modules/pending/discord_utils-1.zip: 1%
2023-10-26T12:41:11.943Z [Modules] Streaming discord_utils@1 to /home/karuto/.config/discord/0.0.32/modules/pending/discord_utils-1.zip: 2%
2023-10-26T12:41:12.028Z [Modules] Streaming discord_utils@1 to /home/karuto/.config/discord/0.0.32/modules/pending/discord_utils-1.zip: 3%
2023-10-26T12:41:12.050Z [Modules] Streaming discord_utils@1 to /home/karuto/.config/discord/0.0.32/modules/pending/discord_utils-1.zip: 4%
2023-10-26T12:41:12.078Z [Modules] Streaming discord_utils@1 to /home/karuto/.config/discord/0.0.32/modules/pending/discord_utils-1.zip: 5%
2023-10-26T12:41:12.121Z [Modules] Streaming discord_utils@1 to /home/karuto/.config/discord/0.0.32/modules/pending/discord_utils-1.zip: 6%
2023-10-26T12:41:12.159Z [Modules] Streaming discord_utils@1 to /home/karuto/.config/discord/0.0.32/modules/pending/discord_utils-1.zip: 7%
2023-10-26T12:41:12.192Z [Modules] Streaming discord_utils@1 to /home/karuto/.config/discord/0.0.32/modules/pending/discord_utils-1.zip: 8%
2023-10-26T12:41:12.215Z [Modules] Streaming discord_utils@1 to /home/karuto/.config/discord/0.0.32/modules/pending/discord_utils-1.zip: 9%
2023-10-26T12:41:12.310Z [Modules] Streaming discord_utils@1 to /home/karuto/.config/discord/0.0.32/modules/pending/discord_utils-1.zip: 10%
2023-10-26T12:41:12.349Z [Modules] Streaming discord_utils@1 to /home/karuto/.config/discord/0.0.32/modules/pending/discord_utils-1.zip: 11%
2023-10-26T12:41:12.449Z [Modules] Streaming discord_utils@1 to /home/karuto/.config/discord/0.0.32/modules/pending/discord_utils-1.zip: 12%
2023-10-26T12:41:12.451Z [Modules] Streaming discord_utils@1 to /home/karuto/.config/discord/0.0.32/modules/pending/discord_utils-1.zip: 13%
2023-10-26T12:41:12.462Z [Modules] Streaming discord_utils@1 to /home/karuto/.config/discord/0.0.32/modules/pending/discord_utils-1.zip: 14%
2023-10-26T12:41:12.531Z [Modules] Streaming discord_utils@1 to /home/karuto/.config/discord/0.0.32/modules/pending/discord_utils-1.zip: 15%
2023-10-26T12:41:12.545Z [Modules] Streaming discord_utils@1 to /home/karuto/.config/discord/0.0.32/modules/pending/discord_utils-1.zip: 16%
2023-10-26T12:41:12.566Z [Modules] Streaming discord_utils@1 to /home/karuto/.config/discord/0.0.32/modules/pending/discord_utils-1.zip: 17%
2023-10-26T12:41:12.624Z [Modules] Streaming discord_utils@1 to /home/karuto/.config/discord/0.0.32/modules/pending/discord_utils-1.zip: 18%
2023-10-26T12:41:12.660Z [Modules] Streaming discord_utils@1 to /home/karuto/.config/discord/0.0.32/modules/pending/discord_utils-1.zip: 19%
2023-10-26T12:41:12.684Z [Modules] Streaming discord_utils@1 to /home/karuto/.config/discord/0.0.32/modules/pending/discord_utils-1.zip: 20%
2023-10-26T12:41:12.720Z [Modules] Streaming discord_utils@1 to /home/karuto/.config/discord/0.0.32/modules/pending/discord_utils-1.zip: 21%
2023-10-26T12:41:12.742Z [Modules] Streaming discord_utils@1 to /home/karuto/.config/discord/0.0.32/modules/pending/discord_utils-1.zip: 22%
2023-10-26T12:41:12.776Z [Modules] Streaming discord_utils@1 to /home/karuto/.config/discord/0.0.32/modules/pending/discord_utils-1.zip: 23%
2023-10-26T12:41:12.808Z [Modules] Streaming discord_utils@1 to /home/karuto/.config/discord/0.0.32/modules/pending/discord_utils-1.zip: 24%
2023-10-26T12:41:12.834Z [Modules] Streaming discord_utils@1 to /home/karuto/.config/discord/0.0.32/modules/pending/discord_utils-1.zip: 25%
2023-10-26T12:41:12.858Z [Modules] Streaming discord_utils@1 to /home/karuto/.config/discord/0.0.32/modules/pending/discord_utils-1.zip: 26%
2023-10-26T12:41:12.884Z [Modules] Streaming discord_utils@1 to /home/karuto/.config/discord/0.0.32/modules/pending/discord_utils-1.zip: 27%
2023-10-26T12:41:13.130Z [Modules] Streaming discord_utils@1 to /home/karuto/.config/discord/0.0.32/modules/pending/discord_utils-1.zip: 28%
2023-10-26T12:41:13.212Z [Modules] Streaming discord_utils@1 to /home/karuto/.config/discord/0.0.32/modules/pending/discord_utils-1.zip: 29%
2023-10-26T12:41:13.239Z [Modules] Streaming discord_utils@1 to /home/karuto/.config/discord/0.0.32/modules/pending/discord_utils-1.zip: 30%
2023-10-26T12:41:13.280Z [Modules] Streaming discord_utils@1 to /home/karuto/.config/discord/0.0.32/modules/pending/discord_utils-1.zip: 31%
2023-10-26T12:41:13.304Z [Modules] Streaming discord_utils@1 to /home/karuto/.config/discord/0.0.32/modules/pending/discord_utils-1.zip: 32%
2023-10-26T12:41:13.353Z [Modules] Streaming discord_utils@1 to /home/karuto/.config/discord/0.0.32/modules/pending/discord_utils-1.zip: 33%
2023-10-26T12:41:13.379Z [Modules] Streaming discord_utils@1 to /home/karuto/.config/discord/0.0.32/modules/pending/discord_utils-1.zip: 34%
2023-10-26T12:41:13.400Z [Modules] Streaming discord_utils@1 to /home/karuto/.config/discord/0.0.32/modules/pending/discord_utils-1.zip: 35%
2023-10-26T12:41:13.427Z [Modules] Streaming discord_utils@1 to /home/karuto/.config/discord/0.0.32/modules/pending/discord_utils-1.zip: 36%
2023-10-26T12:41:13.467Z [Modules] Streaming discord_utils@1 to /home/karuto/.config/discord/0.0.32/modules/pending/discord_utils-1.zip: 37%
2023-10-26T12:41:13.489Z [Modules] Streaming discord_utils@1 to /home/karuto/.config/discord/0.0.32/modules/pending/discord_utils-1.zip: 38%
2023-10-26T12:41:13.514Z [Modules] Streaming discord_utils@1 to /home/karuto/.config/discord/0.0.32/modules/pending/discord_utils-1.zip: 39%
2023-10-26T12:41:13.539Z [Modules] Streaming discord_utils@1 to /home/karuto/.config/discord/0.0.32/modules/pending/discord_utils-1.zip: 40%
2023-10-26T12:41:13.549Z [Modules] Streaming discord_utils@1 to /home/karuto/.config/discord/0.0.32/modules/pending/discord_utils-1.zip: 41%
2023-10-26T12:41:13.568Z [Modules] Streaming discord_utils@1 to /home/karuto/.config/discord/0.0.32/modules/pending/discord_utils-1.zip: 42%
2023-10-26T12:41:13.587Z [Modules] Streaming discord_utils@1 to /home/karuto/.config/discord/0.0.32/modules/pending/discord_utils-1.zip: 43%
2023-10-26T12:41:13.598Z [Modules] Streaming discord_utils@1 to /home/karuto/.config/discord/0.0.32/modules/pending/discord_utils-1.zip: 44%
2023-10-26T12:41:13.608Z [Modules] Streaming discord_utils@1 to /home/karuto/.config/discord/0.0.32/modules/pending/discord_utils-1.zip: 45%
2023-10-26T12:41:13.619Z [Modules] Streaming discord_utils@1 to /home/karuto/.config/discord/0.0.32/modules/pending/discord_utils-1.zip: 46%
2023-10-26T12:41:13.641Z [Modules] Streaming discord_utils@1 to /home/karuto/.config/discord/0.0.32/modules/pending/discord_utils-1.zip: 47%
2023-10-26T12:41:13.655Z [Modules] Streaming discord_utils@1 to /home/karuto/.config/discord/0.0.32/modules/pending/discord_utils-1.zip: 48%
2023-10-26T12:41:13.667Z [Modules] Streaming discord_utils@1 to /home/karuto/.config/discord/0.0.32/modules/pending/discord_utils-1.zip: 49%
2023-10-26T12:41:13.760Z [Modules] Streaming discord_utils@1 to /home/karuto/.config/discord/0.0.32/modules/pending/discord_utils-1.zip: 50%
2023-10-26T12:41:13.784Z [Modules] Streaming discord_utils@1 to /home/karuto/.config/discord/0.0.32/modules/pending/discord_utils-1.zip: 51%
2023-10-26T12:41:13.808Z [Modules] Streaming discord_utils@1 to /home/karuto/.config/discord/0.0.32/modules/pending/discord_utils-1.zip: 52%
2023-10-26T12:41:13.825Z [Modules] Streaming discord_utils@1 to /home/karuto/.config/discord/0.0.32/modules/pending/discord_utils-1.zip: 53%
2023-10-26T12:41:13.847Z [Modules] Streaming discord_utils@1 to /home/karuto/.config/discord/0.0.32/modules/pending/discord_utils-1.zip: 54%
2023-10-26T12:41:13.871Z [Modules] Streaming discord_utils@1 to /home/karuto/.config/discord/0.0.32/modules/pending/discord_utils-1.zip: 55%
2023-10-26T12:41:13.898Z [Modules] Streaming discord_utils@1 to /home/karuto/.config/discord/0.0.32/modules/pending/discord_utils-1.zip: 56%
2023-10-26T12:41:13.918Z [Modules] Streaming discord_utils@1 to /home/karuto/.config/discord/0.0.32/modules/pending/discord_utils-1.zip: 57%
2023-10-26T12:41:13.937Z [Modules] Streaming discord_utils@1 to /home/karuto/.config/discord/0.0.32/modules/pending/discord_utils-1.zip: 58%
2023-10-26T12:41:13.957Z [Modules] Streaming discord_utils@1 to /home/karuto/.config/discord/0.0.32/modules/pending/discord_utils-1.zip: 59%
2023-10-26T12:41:13.976Z [Modules] Streaming discord_utils@1 to /home/karuto/.config/discord/0.0.32/modules/pending/discord_utils-1.zip: 60%
2023-10-26T12:41:14.007Z [Modules] Streaming discord_utils@1 to /home/karuto/.config/discord/0.0.32/modules/pending/discord_utils-1.zip: 61%
2023-10-26T12:41:14.028Z [Modules] Streaming discord_utils@1 to /home/karuto/.config/discord/0.0.32/modules/pending/discord_utils-1.zip: 62%
2023-10-26T12:41:14.047Z [Modules] Streaming discord_utils@1 to /home/karuto/.config/discord/0.0.32/modules/pending/discord_utils-1.zip: 63%
2023-10-26T12:41:14.070Z [Modules] Streaming discord_utils@1 to /home/karuto/.config/discord/0.0.32/modules/pending/discord_utils-1.zip: 64%
2023-10-26T12:41:14.112Z [Modules] Streaming discord_utils@1 to /home/karuto/.config/discord/0.0.32/modules/pending/discord_utils-1.zip: 65%
2023-10-26T12:41:14.127Z [Modules] Streaming discord_utils@1 to /home/karuto/.config/discord/0.0.32/modules/pending/discord_utils-1.zip: 66%
2023-10-26T12:41:14.136Z [Modules] Streaming discord_utils@1 to /home/karuto/.config/discord/0.0.32/modules/pending/discord_utils-1.zip: 67%
2023-10-26T12:41:14.146Z [Modules] Streaming discord_utils@1 to /home/karuto/.config/discord/0.0.32/modules/pending/discord_utils-1.zip: 68%
2023-10-26T12:41:14.158Z [Modules] Streaming discord_utils@1 to /home/karuto/.config/discord/0.0.32/modules/pending/discord_utils-1.zip: 69%
2023-10-26T12:41:14.197Z [Modules] Streaming discord_utils@1 to /home/karuto/.config/discord/0.0.32/modules/pending/discord_utils-1.zip: 70%
2023-10-26T12:41:14.224Z [Modules] Streaming discord_utils@1 to /home/karuto/.config/discord/0.0.32/modules/pending/discord_utils-1.zip: 71%
2023-10-26T12:41:14.245Z [Modules] Streaming discord_utils@1 to /home/karuto/.config/discord/0.0.32/modules/pending/discord_utils-1.zip: 72%
2023-10-26T12:41:14.264Z [Modules] Streaming discord_utils@1 to /home/karuto/.config/discord/0.0.32/modules/pending/discord_utils-1.zip: 73%
2023-10-26T12:41:14.308Z [Modules] Streaming discord_utils@1 to /home/karuto/.config/discord/0.0.32/modules/pending/discord_utils-1.zip: 74%
2023-10-26T12:41:14.391Z [Modules] Streaming discord_utils@1 to /home/karuto/.config/discord/0.0.32/modules/pending/discord_utils-1.zip: 75%
2023-10-26T12:41:14.422Z [Modules] Streaming discord_utils@1 to /home/karuto/.config/discord/0.0.32/modules/pending/discord_utils-1.zip: 76%
2023-10-26T12:41:14.440Z [Modules] Streaming discord_utils@1 to /home/karuto/.config/discord/0.0.32/modules/pending/discord_utils-1.zip: 77%
2023-10-26T12:41:14.447Z [Modules] Streaming discord_utils@1 to /home/karuto/.config/discord/0.0.32/modules/pending/discord_utils-1.zip: 78%
2023-10-26T12:41:14.464Z [Modules] Streaming discord_utils@1 to /home/karuto/.config/discord/0.0.32/modules/pending/discord_utils-1.zip: 79%
2023-10-26T12:41:14.522Z [Modules] Streaming discord_utils@1 to /home/karuto/.config/discord/0.0.32/modules/pending/discord_utils-1.zip: 80%
2023-10-26T12:41:14.524Z [Modules] Streaming discord_utils@1 to /home/karuto/.config/discord/0.0.32/modules/pending/discord_utils-1.zip: 81%
2023-10-26T12:41:14.537Z [Modules] Streaming discord_utils@1 to /home/karuto/.config/discord/0.0.32/modules/pending/discord_utils-1.zip: 82%
2023-10-26T12:41:14.616Z [Modules] Streaming discord_utils@1 to /home/karuto/.config/discord/0.0.32/modules/pending/discord_utils-1.zip: 84%
2023-10-26T12:41:14.618Z [Modules] Streaming discord_utils@1 to /home/karuto/.config/discord/0.0.32/modules/pending/discord_utils-1.zip: 85%
2023-10-26T12:41:14.642Z [Modules] Streaming discord_utils@1 to /home/karuto/.config/discord/0.0.32/modules/pending/discord_utils-1.zip: 86%
2023-10-26T12:41:14.694Z [Modules] Streaming discord_utils@1 to /home/karuto/.config/discord/0.0.32/modules/pending/discord_utils-1.zip: 87%
2023-10-26T12:41:14.696Z [Modules] Streaming discord_utils@1 to /home/karuto/.config/discord/0.0.32/modules/pending/discord_utils-1.zip: 89%
2023-10-26T12:41:14.709Z [Modules] Streaming discord_utils@1 to /home/karuto/.config/discord/0.0.32/modules/pending/discord_utils-1.zip: 90%
2023-10-26T12:41:14.723Z [Modules] Streaming discord_utils@1 to /home/karuto/.config/discord/0.0.32/modules/pending/discord_utils-1.zip: 91%
2023-10-26T12:41:14.751Z [Modules] Streaming discord_utils@1 to /home/karuto/.config/discord/0.0.32/modules/pending/discord_utils-1.zip: 92%
2023-10-26T12:41:14.769Z [Modules] Streaming discord_utils@1 to /home/karuto/.config/discord/0.0.32/modules/pending/discord_utils-1.zip: 93%
2023-10-26T12:41:14.786Z [Modules] Streaming discord_utils@1 to /home/karuto/.config/discord/0.0.32/modules/pending/discord_utils-1.zip: 94%
2023-10-26T12:41:14.806Z [Modules] Streaming discord_utils@1 to /home/karuto/.config/discord/0.0.32/modules/pending/discord_utils-1.zip: 95%
2023-10-26T12:41:14.827Z [Modules] Streaming discord_utils@1 to /home/karuto/.config/discord/0.0.32/modules/pending/discord_utils-1.zip: 96%
2023-10-26T12:41:14.844Z [Modules] Streaming discord_utils@1 to /home/karuto/.config/discord/0.0.32/modules/pending/discord_utils-1.zip: 97%
2023-10-26T12:41:14.868Z [Modules] Streaming discord_utils@1 to /home/karuto/.config/discord/0.0.32/modules/pending/discord_utils-1.zip: 98%
2023-10-26T12:41:14.888Z [Modules] Streaming discord_utils@1 to /home/karuto/.config/discord/0.0.32/modules/pending/discord_utils-1.zip: 99%
2023-10-26T12:41:14.896Z [Modules] Streaming discord_utils@1 to /home/karuto/.config/discord/0.0.32/modules/pending/discord_utils-1.zip: 100%
2023-10-26T12:41:14.899Z [Modules] Fetching discord_voice@1 from https://discord.com/api/modules/stable/discord_voice/1
2023-10-26T12:41:14.899Z [Modules] Streaming discord_voice@1 to /home/karuto/.config/discord/0.0.32/modules/pending/discord_voice-1.zip
2023-10-26T12:41:15.604Z [Modules] Streaming discord_voice@1 to /home/karuto/.config/discord/0.0.32/modules/pending/discord_voice-1.zip: 1%
2023-10-26T12:41:15.735Z [Modules] Streaming discord_voice@1 to /home/karuto/.config/discord/0.0.32/modules/pending/discord_voice-1.zip: 2%
2023-10-26T12:41:15.929Z [Modules] Streaming discord_voice@1 to /home/karuto/.config/discord/0.0.32/modules/pending/discord_voice-1.zip: 3%
2023-10-26T12:41:16.078Z [Modules] Streaming discord_voice@1 to /home/karuto/.config/discord/0.0.32/modules/pending/discord_voice-1.zip: 4%
2023-10-26T12:41:16.195Z [Modules] Streaming discord_voice@1 to /home/karuto/.config/discord/0.0.32/modules/pending/discord_voice-1.zip: 5%
2023-10-26T12:41:16.394Z [Modules] Streaming discord_voice@1 to /home/karuto/.config/discord/0.0.32/modules/pending/discord_voice-1.zip: 6%
2023-10-26T12:41:16.911Z [Modules] Streaming discord_voice@1 to /home/karuto/.config/discord/0.0.32/modules/pending/discord_voice-1.zip: 7%
2023-10-26T12:41:16.916Z [Modules] Streaming discord_voice@1 to /home/karuto/.config/discord/0.0.32/modules/pending/discord_voice-1.zip: 8%
2023-10-26T12:41:16.994Z [Modules] Streaming discord_voice@1 to /home/karuto/.config/discord/0.0.32/modules/pending/discord_voice-1.zip: 9%
2023-10-26T12:41:17.175Z [Modules] Streaming discord_voice@1 to /home/karuto/.config/discord/0.0.32/modules/pending/discord_voice-1.zip: 10%
2023-10-26T12:41:17.311Z [Modules] Streaming discord_voice@1 to /home/karuto/.config/discord/0.0.32/modules/pending/discord_voice-1.zip: 11%
2023-10-26T12:41:17.692Z [Modules] Streaming discord_voice@1 to /home/karuto/.config/discord/0.0.32/modules/pending/discord_voice-1.zip: 12%
2023-10-26T12:41:17.822Z [Modules] Streaming discord_voice@1 to /home/karuto/.config/discord/0.0.32/modules/pending/discord_voice-1.zip: 13%
2023-10-26T12:41:17.990Z [Modules] Streaming discord_voice@1 to /home/karuto/.config/discord/0.0.32/modules/pending/discord_voice-1.zip: 14%
2023-10-26T12:41:18.095Z [Modules] Streaming discord_voice@1 to /home/karuto/.config/discord/0.0.32/modules/pending/discord_voice-1.zip: 15%
2023-10-26T12:41:18.205Z [Modules] Streaming discord_voice@1 to /home/karuto/.config/discord/0.0.32/modules/pending/discord_voice-1.zip: 16%
2023-10-26T12:41:18.478Z [Modules] Streaming discord_voice@1 to /home/karuto/.config/discord/0.0.32/modules/pending/discord_voice-1.zip: 17%
2023-10-26T12:41:18.908Z [Modules] Streaming discord_voice@1 to /home/karuto/.config/discord/0.0.32/modules/pending/discord_voice-1.zip: 18%
2023-10-26T12:41:19.039Z [Modules] Streaming discord_voice@1 to /home/karuto/.config/discord/0.0.32/modules/pending/discord_voice-1.zip: 19%
2023-10-26T12:41:19.112Z [Modules] Streaming discord_voice@1 to /home/karuto/.config/discord/0.0.32/modules/pending/discord_voice-1.zip: 20%
2023-10-26T12:41:19.225Z [Modules] Streaming discord_voice@1 to /home/karuto/.config/discord/0.0.32/modules/pending/discord_voice-1.zip: 21%
2023-10-26T12:41:19.286Z [Modules] Streaming discord_voice@1 to /home/karuto/.config/discord/0.0.32/modules/pending/discord_voice-1.zip: 22%
2023-10-26T12:41:19.476Z [Modules] Streaming discord_voice@1 to /home/karuto/.config/discord/0.0.32/modules/pending/discord_voice-1.zip: 23%
2023-10-26T12:41:19.609Z [Modules] Streaming discord_voice@1 to /home/karuto/.config/discord/0.0.32/modules/pending/discord_voice-1.zip: 24%
2023-10-26T12:41:19.708Z [Modules] Streaming discord_voice@1 to /home/karuto/.config/discord/0.0.32/modules/pending/discord_voice-1.zip: 25%
2023-10-26T12:41:19.927Z [Modules] Streaming discord_voice@1 to /home/karuto/.config/discord/0.0.32/modules/pending/discord_voice-1.zip: 26%
2023-10-26T12:41:20.042Z [Modules] Streaming discord_voice@1 to /home/karuto/.config/discord/0.0.32/modules/pending/discord_voice-1.zip: 27%
2023-10-26T12:41:20.161Z [Modules] Streaming discord_voice@1 to /home/karuto/.config/discord/0.0.32/modules/pending/discord_voice-1.zip: 28%
2023-10-26T12:41:20.255Z [Modules] Streaming discord_voice@1 to /home/karuto/.config/discord/0.0.32/modules/pending/discord_voice-1.zip: 29%
2023-10-26T12:41:20.434Z [Modules] Streaming discord_voice@1 to /home/karuto/.config/discord/0.0.32/modules/pending/discord_voice-1.zip: 30%
2023-10-26T12:41:20.521Z [Modules] Streaming discord_voice@1 to /home/karuto/.config/discord/0.0.32/modules/pending/discord_voice-1.zip: 31%
2023-10-26T12:41:20.653Z [Modules] Streaming discord_voice@1 to /home/karuto/.config/discord/0.0.32/modules/pending/discord_voice-1.zip: 32%
2023-10-26T12:41:20.787Z [Modules] Streaming discord_voice@1 to /home/karuto/.config/discord/0.0.32/modules/pending/discord_voice-1.zip: 33%
2023-10-26T12:41:20.859Z [Modules] Streaming discord_voice@1 to /home/karuto/.config/discord/0.0.32/modules/pending/discord_voice-1.zip: 34%
2023-10-26T12:41:21.091Z [Modules] Streaming discord_voice@1 to /home/karuto/.config/discord/0.0.32/modules/pending/discord_voice-1.zip: 35%
2023-10-26T12:41:21.220Z [Modules] Streaming discord_voice@1 to /home/karuto/.config/discord/0.0.32/modules/pending/discord_voice-1.zip: 36%
2023-10-26T12:41:21.307Z [Modules] Streaming discord_voice@1 to /home/karuto/.config/discord/0.0.32/modules/pending/discord_voice-1.zip: 37%
2023-10-26T12:41:21.475Z [Modules] Streaming discord_voice@1 to /home/karuto/.config/discord/0.0.32/modules/pending/discord_voice-1.zip: 38%
2023-10-26T12:41:21.586Z [Modules] Streaming discord_voice@1 to /home/karuto/.config/discord/0.0.32/modules/pending/discord_voice-1.zip: 39%
2023-10-26T12:41:21.639Z [Modules] Streaming discord_voice@1 to /home/karuto/.config/discord/0.0.32/modules/pending/discord_voice-1.zip: 40%
2023-10-26T12:41:21.844Z [Modules] Streaming discord_voice@1 to /home/karuto/.config/discord/0.0.32/modules/pending/discord_voice-1.zip: 41%
2023-10-26T12:41:21.927Z [Modules] Streaming discord_voice@1 to /home/karuto/.config/discord/0.0.32/modules/pending/discord_voice-1.zip: 42%
2023-10-26T12:41:22.009Z [Modules] Streaming discord_voice@1 to /home/karuto/.config/discord/0.0.32/modules/pending/discord_voice-1.zip: 43%
2023-10-26T12:41:22.096Z [Modules] Streaming discord_voice@1 to /home/karuto/.config/discord/0.0.32/modules/pending/discord_voice-1.zip: 44%
2023-10-26T12:41:22.173Z [Modules] Streaming discord_voice@1 to /home/karuto/.config/discord/0.0.32/modules/pending/discord_voice-1.zip: 45%
2023-10-26T12:41:22.258Z [Modules] Streaming discord_voice@1 to /home/karuto/.config/discord/0.0.32/modules/pending/discord_voice-1.zip: 46%
2023-10-26T12:41:22.359Z [Modules] Streaming discord_voice@1 to /home/karuto/.config/discord/0.0.32/modules/pending/discord_voice-1.zip: 47%
2023-10-26T12:41:22.524Z [Modules] Streaming discord_voice@1 to /home/karuto/.config/discord/0.0.32/modules/pending/discord_voice-1.zip: 48%
2023-10-26T12:41:22.588Z [Modules] Streaming discord_voice@1 to /home/karuto/.config/discord/0.0.32/modules/pending/discord_voice-1.zip: 49%
2023-10-26T12:41:22.669Z [Modules] Streaming discord_voice@1 to /home/karuto/.config/discord/0.0.32/modules/pending/discord_voice-1.zip: 50%
2023-10-26T12:41:22.826Z [Modules] Streaming discord_voice@1 to /home/karuto/.config/discord/0.0.32/modules/pending/discord_voice-1.zip: 51%
2023-10-26T12:41:23.027Z [Modules] Streaming discord_voice@1 to /home/karuto/.config/discord/0.0.32/modules/pending/discord_voice-1.zip: 52%
2023-10-26T12:41:23.108Z [Modules] Streaming discord_voice@1 to /home/karuto/.config/discord/0.0.32/modules/pending/discord_voice-1.zip: 53%
2023-10-26T12:41:23.213Z [Modules] Streaming discord_voice@1 to /home/karuto/.config/discord/0.0.32/modules/pending/discord_voice-1.zip: 54%
2023-10-26T12:41:23.347Z [Modules] Streaming discord_voice@1 to /home/karuto/.config/discord/0.0.32/modules/pending/discord_voice-1.zip: 55%
2023-10-26T12:41:23.391Z [Modules] Streaming discord_voice@1 to /home/karuto/.config/discord/0.0.32/modules/pending/discord_voice-1.zip: 56%
2023-10-26T12:41:23.392Z [Modules] Streaming discord_voice@1 to /home/karuto/.config/discord/0.0.32/modules/pending/discord_voice-1.zip: 57%
2023-10-26T12:41:23.400Z [Modules] Streaming discord_voice@1 to /home/karuto/.config/discord/0.0.32/modules/pending/discord_voice-1.zip: 58%
2023-10-26T12:41:23.402Z [Modules] Streaming discord_voice@1 to /home/karuto/.config/discord/0.0.32/modules/pending/discord_voice-1.zip: 59%
2023-10-26T12:41:23.410Z [Modules] Streaming discord_voice@1 to /home/karuto/.config/discord/0.0.32/modules/pending/discord_voice-1.zip: 60%
2023-10-26T12:41:23.475Z [Modules] Streaming discord_voice@1 to /home/karuto/.config/discord/0.0.32/modules/pending/discord_voice-1.zip: 61%
2023-10-26T12:41:23.593Z [Modules] Streaming discord_voice@1 to /home/karuto/.config/discord/0.0.32/modules/pending/discord_voice-1.zip: 62%
2023-10-26T12:41:23.642Z [Modules] Streaming discord_voice@1 to /home/karuto/.config/discord/0.0.32/modules/pending/discord_voice-1.zip: 63%
2023-10-26T12:41:23.721Z [Modules] Streaming discord_voice@1 to /home/karuto/.config/discord/0.0.32/modules/pending/discord_voice-1.zip: 64%
2023-10-26T12:41:23.844Z [Modules] Streaming discord_voice@1 to /home/karuto/.config/discord/0.0.32/modules/pending/discord_voice-1.zip: 65%
2023-10-26T12:41:23.941Z [Modules] Streaming discord_voice@1 to /home/karuto/.config/discord/0.0.32/modules/pending/discord_voice-1.zip: 66%
2023-10-26T12:41:24.045Z [Modules] Streaming discord_voice@1 to /home/karuto/.config/discord/0.0.32/modules/pending/discord_voice-1.zip: 67%
2023-10-26T12:41:24.141Z [Modules] Streaming discord_voice@1 to /home/karuto/.config/discord/0.0.32/modules/pending/discord_voice-1.zip: 68%
2023-10-26T12:41:24.260Z [Modules] Streaming discord_voice@1 to /home/karuto/.config/discord/0.0.32/modules/pending/discord_voice-1.zip: 69%
2023-10-26T12:41:24.333Z [Modules] Streaming discord_voice@1 to /home/karuto/.config/discord/0.0.32/modules/pending/discord_voice-1.zip: 70%
2023-10-26T12:41:24.395Z [Modules] Streaming discord_voice@1 to /home/karuto/.config/discord/0.0.32/modules/pending/discord_voice-1.zip: 71%
2023-10-26T12:41:24.496Z [Modules] Streaming discord_voice@1 to /home/karuto/.config/discord/0.0.32/modules/pending/discord_voice-1.zip: 72%
2023-10-26T12:41:24.588Z [Modules] Streaming discord_voice@1 to /home/karuto/.config/discord/0.0.32/modules/pending/discord_voice-1.zip: 73%
2023-10-26T12:41:24.655Z [Modules] Streaming discord_voice@1 to /home/karuto/.config/discord/0.0.32/modules/pending/discord_voice-1.zip: 74%
2023-10-26T12:41:24.744Z [Modules] Streaming discord_voice@1 to /home/karuto/.config/discord/0.0.32/modules/pending/discord_voice-1.zip: 75%
2023-10-26T12:41:24.837Z [Modules] Streaming discord_voice@1 to /home/karuto/.config/discord/0.0.32/modules/pending/discord_voice-1.zip: 76%
2023-10-26T12:41:24.905Z [Modules] Streaming discord_voice@1 to /home/karuto/.config/discord/0.0.32/modules/pending/discord_voice-1.zip: 77%
2023-10-26T12:41:24.977Z [Modules] Streaming discord_voice@1 to /home/karuto/.config/discord/0.0.32/modules/pending/discord_voice-1.zip: 78%
2023-10-26T12:41:25.123Z [Modules] Streaming discord_voice@1 to /home/karuto/.config/discord/0.0.32/modules/pending/discord_voice-1.zip: 79%
2023-10-26T12:41:25.193Z [Modules] Streaming discord_voice@1 to /home/karuto/.config/discord/0.0.32/modules/pending/discord_voice-1.zip: 80%
2023-10-26T12:41:25.291Z [Modules] Streaming discord_voice@1 to /home/karuto/.config/discord/0.0.32/modules/pending/discord_voice-1.zip: 81%
2023-10-26T12:41:25.436Z [Modules] Streaming discord_voice@1 to /home/karuto/.config/discord/0.0.32/modules/pending/discord_voice-1.zip: 82%
2023-10-26T12:41:25.528Z [Modules] Streaming discord_voice@1 to /home/karuto/.config/discord/0.0.32/modules/pending/discord_voice-1.zip: 83%
2023-10-26T12:41:25.625Z [Modules] Streaming discord_voice@1 to /home/karuto/.config/discord/0.0.32/modules/pending/discord_voice-1.zip: 84%
2023-10-26T12:41:25.992Z [Modules] Streaming discord_voice@1 to /home/karuto/.config/discord/0.0.32/modules/pending/discord_voice-1.zip: 85%
2023-10-26T12:41:26.072Z [Modules] Streaming discord_voice@1 to /home/karuto/.config/discord/0.0.32/modules/pending/discord_voice-1.zip: 86%
2023-10-26T12:41:26.161Z [Modules] Streaming discord_voice@1 to /home/karuto/.config/discord/0.0.32/modules/pending/discord_voice-1.zip: 87%
2023-10-26T12:41:26.241Z [Modules] Streaming discord_voice@1 to /home/karuto/.config/discord/0.0.32/modules/pending/discord_voice-1.zip: 88%
2023-10-26T12:41:26.292Z [Modules] Streaming discord_voice@1 to /home/karuto/.config/discord/0.0.32/modules/pending/discord_voice-1.zip: 89%
2023-10-26T12:41:26.375Z [Modules] Streaming discord_voice@1 to /home/karuto/.config/discord/0.0.32/modules/pending/discord_voice-1.zip: 90%
2023-10-26T12:41:26.459Z [Modules] Streaming discord_voice@1 to /home/karuto/.config/discord/0.0.32/modules/pending/discord_voice-1.zip: 91%
2023-10-26T12:41:26.555Z [Modules] Streaming discord_voice@1 to /home/karuto/.config/discord/0.0.32/modules/pending/discord_voice-1.zip: 92%
2023-10-26T12:41:26.608Z [Modules] Streaming discord_voice@1 to /home/karuto/.config/discord/0.0.32/modules/pending/discord_voice-1.zip: 93%
2023-10-26T12:41:26.694Z [Modules] Streaming discord_voice@1 to /home/karuto/.config/discord/0.0.32/modules/pending/discord_voice-1.zip: 94%
2023-10-26T12:41:26.777Z [Modules] Streaming discord_voice@1 to /home/karuto/.config/discord/0.0.32/modules/pending/discord_voice-1.zip: 95%
2023-10-26T12:41:26.844Z [Modules] Streaming discord_voice@1 to /home/karuto/.config/discord/0.0.32/modules/pending/discord_voice-1.zip: 96%
2023-10-26T12:41:26.932Z [Modules] Streaming discord_voice@1 to /home/karuto/.config/discord/0.0.32/modules/pending/discord_voice-1.zip: 97%
2023-10-26T12:41:27.004Z [Modules] Streaming discord_voice@1 to /home/karuto/.config/discord/0.0.32/modules/pending/discord_voice-1.zip: 98%
2023-10-26T12:41:27.108Z [Modules] Streaming discord_voice@1 to /home/karuto/.config/discord/0.0.32/modules/pending/discord_voice-1.zip: 99%
2023-10-26T12:41:27.175Z [Modules] Streaming discord_voice@1 to /home/karuto/.config/discord/0.0.32/modules/pending/discord_voice-1.zip: 100%
2023-10-26T12:41:27.178Z [Modules] Finished module downloads. [success: 5] [failure: 0]
2023-10-26T12:41:27.179Z [Modules] Installing updates...
2023-10-26T12:41:27.180Z [Modules] Installing discord_desktop_core@1 from /home/karuto/.config/discord/0.0.32/modules/pending/discord_desktop_core-1.zip
2023-10-26T12:41:27.388Z [Modules] Installing discord_erlpack@1 from /home/karuto/.config/discord/0.0.32/modules/pending/discord_erlpack-1.zip
2023-10-26T12:41:27.544Z [Modules] Installing discord_spellcheck@1 from /home/karuto/.config/discord/0.0.32/modules/pending/discord_spellcheck-1.zip
2023-10-26T12:41:29.633Z [Modules] Installing discord_utils@1 from /home/karuto/.config/discord/0.0.32/modules/pending/discord_utils-1.zip
2023-10-26T12:41:31.073Z [Modules] Installing discord_voice@1 from /home/karuto/.config/discord/0.0.32/modules/pending/discord_voice-1.zip
2023-10-26T12:41:33.032Z [Modules] Finished module installations. [success: 5] [failure: 0]
2023-10-26T12:41:33.032Z [Modules] Checking for host updates.
2023-10-26T12:41:33.340Z [Modules] Host is up to date.
2023-10-26T12:41:33.340Z [Modules] Checking for module updates at https://discord.com/api/modules/stable/versions.json
2023-10-26T12:41:33.356Z [Modules] No module updates available.
2023-10-26T12:41:45.157Z [Modules] Starting to install discord_krisp...
2023-10-26T12:41:45.158Z [Modules] Fetching discord_krisp@1 from https://discord.com/api/modules/stable/discord_krisp/1
2023-10-26T12:41:45.159Z [Modules] Streaming discord_krisp@1 to /home/karuto/.config/discord/0.0.32/modules/pending/discord_krisp-1.zip
2023-10-26T12:41:45.181Z [Modules] Starting to install discord_game_utils...
2023-10-26T12:41:46.622Z [Modules] Streaming discord_krisp@1 to /home/karuto/.config/discord/0.0.32/modules/pending/discord_krisp-1.zip: 1%
2023-10-26T12:41:46.752Z [Modules] Streaming discord_krisp@1 to /home/karuto/.config/discord/0.0.32/modules/pending/discord_krisp-1.zip: 2%
2023-10-26T12:41:47.370Z [Modules] Streaming discord_krisp@1 to /home/karuto/.config/discord/0.0.32/modules/pending/discord_krisp-1.zip: 3%
2023-10-26T12:41:47.507Z [Modules] Streaming discord_krisp@1 to /home/karuto/.config/discord/0.0.32/modules/pending/discord_krisp-1.zip: 4%
2023-10-26T12:41:47.850Z [Modules] Streaming discord_krisp@1 to /home/karuto/.config/discord/0.0.32/modules/pending/discord_krisp-1.zip: 5%
2023-10-26T12:41:47.964Z [Modules] Streaming discord_krisp@1 to /home/karuto/.config/discord/0.0.32/modules/pending/discord_krisp-1.zip: 6%
2023-10-26T12:41:47.965Z [Modules] Streaming discord_krisp@1 to /home/karuto/.config/discord/0.0.32/modules/pending/discord_krisp-1.zip: 7%
2023-10-26T12:41:48.078Z [Modules] Streaming discord_krisp@1 to /home/karuto/.config/discord/0.0.32/modules/pending/discord_krisp-1.zip: 8%
2023-10-26T12:41:48.197Z [Modules] Streaming discord_krisp@1 to /home/karuto/.config/discord/0.0.32/modules/pending/discord_krisp-1.zip: 9%
2023-10-26T12:41:48.453Z [Modules] Streaming discord_krisp@1 to /home/karuto/.config/discord/0.0.32/modules/pending/discord_krisp-1.zip: 10%
2023-10-26T12:41:48.524Z [Modules] Streaming discord_krisp@1 to /home/karuto/.config/discord/0.0.32/modules/pending/discord_krisp-1.zip: 11%
2023-10-26T12:41:48.706Z [Modules] Streaming discord_krisp@1 to /home/karuto/.config/discord/0.0.32/modules/pending/discord_krisp-1.zip: 12%
2023-10-26T12:41:49.018Z [Modules] Streaming discord_krisp@1 to /home/karuto/.config/discord/0.0.32/modules/pending/discord_krisp-1.zip: 13%
2023-10-26T12:41:49.265Z [Modules] Streaming discord_krisp@1 to /home/karuto/.config/discord/0.0.32/modules/pending/discord_krisp-1.zip: 14%
2023-10-26T12:41:49.319Z [Modules] Streaming discord_krisp@1 to /home/karuto/.config/discord/0.0.32/modules/pending/discord_krisp-1.zip: 15%
2023-10-26T12:41:49.332Z [Modules] Streaming discord_krisp@1 to /home/karuto/.config/discord/0.0.32/modules/pending/discord_krisp-1.zip: 16%
2023-10-26T12:41:49.335Z [Modules] Streaming discord_krisp@1 to /home/karuto/.config/discord/0.0.32/modules/pending/discord_krisp-1.zip: 17%
2023-10-26T12:41:49.424Z [Modules] Streaming discord_krisp@1 to /home/karuto/.config/discord/0.0.32/modules/pending/discord_krisp-1.zip: 18%
2023-10-26T12:41:49.528Z [Modules] Streaming discord_krisp@1 to /home/karuto/.config/discord/0.0.32/modules/pending/discord_krisp-1.zip: 19%
2023-10-26T12:41:49.613Z [Modules] Streaming discord_krisp@1 to /home/karuto/.config/discord/0.0.32/modules/pending/discord_krisp-1.zip: 20%
2023-10-26T12:41:49.828Z [Modules] Streaming discord_krisp@1 to /home/karuto/.config/discord/0.0.32/modules/pending/discord_krisp-1.zip: 21%
2023-10-26T12:41:49.942Z [Modules] Checking for host updates.
2023-10-26T12:41:49.964Z [Modules] Streaming discord_krisp@1 to /home/karuto/.config/discord/0.0.32/modules/pending/discord_krisp-1.zip: 22%
2023-10-26T12:41:50.074Z [Modules] Streaming discord_krisp@1 to /home/karuto/.config/discord/0.0.32/modules/pending/discord_krisp-1.zip: 23%
2023-10-26T12:41:50.241Z [Modules] Streaming discord_krisp@1 to /home/karuto/.config/discord/0.0.32/modules/pending/discord_krisp-1.zip: 24%
2023-10-26T12:41:50.414Z [Modules] Streaming discord_krisp@1 to /home/karuto/.config/discord/0.0.32/modules/pending/discord_krisp-1.zip: 25%
2023-10-26T12:41:50.434Z [Modules] Starting to install discord_rpc...
2023-10-26T12:41:50.549Z [Modules] Host is up to date.
2023-10-26T12:41:50.549Z [Modules] Checking for module updates at https://discord.com/api/modules/stable/versions.json
2023-10-26T12:41:50.558Z [Modules] Streaming discord_krisp@1 to /home/karuto/.config/discord/0.0.32/modules/pending/discord_krisp-1.zip: 26%
2023-10-26T12:41:50.589Z [Modules] No module updates available.
2023-10-26T12:41:50.730Z [Modules] Streaming discord_krisp@1 to /home/karuto/.config/discord/0.0.32/modules/pending/discord_krisp-1.zip: 27%
2023-10-26T12:41:51.053Z [Modules] Streaming discord_krisp@1 to /home/karuto/.config/discord/0.0.32/modules/pending/discord_krisp-1.zip: 28%
2023-10-26T12:41:51.178Z [Modules] Streaming discord_krisp@1 to /home/karuto/.config/discord/0.0.32/modules/pending/discord_krisp-1.zip: 29%
2023-10-26T12:41:51.477Z [Modules] Streaming discord_krisp@1 to /home/karuto/.config/discord/0.0.32/modules/pending/discord_krisp-1.zip: 30%
2023-10-26T12:41:51.711Z [Modules] Streaming discord_krisp@1 to /home/karuto/.config/discord/0.0.32/modules/pending/discord_krisp-1.zip: 31%
2023-10-26T12:41:52.004Z [Modules] Streaming discord_krisp@1 to /home/karuto/.config/discord/0.0.32/modules/pending/discord_krisp-1.zip: 32%
2023-10-26T12:41:52.063Z [Modules] Streaming discord_krisp@1 to /home/karuto/.config/discord/0.0.32/modules/pending/discord_krisp-1.zip: 33%
2023-10-26T12:41:52.065Z [Modules] Streaming discord_krisp@1 to /home/karuto/.config/discord/0.0.32/modules/pending/discord_krisp-1.zip: 34%
2023-10-26T12:41:52.068Z [Modules] Streaming discord_krisp@1 to /home/karuto/.config/discord/0.0.32/modules/pending/discord_krisp-1.zip: 35%
2023-10-26T12:41:52.071Z [Modules] Streaming discord_krisp@1 to /home/karuto/.config/discord/0.0.32/modules/pending/discord_krisp-1.zip: 36%
2023-10-26T12:41:52.072Z [Modules] Streaming discord_krisp@1 to /home/karuto/.config/discord/0.0.32/modules/pending/discord_krisp-1.zip: 37%
2023-10-26T12:41:52.262Z [Modules] Streaming discord_krisp@1 to /home/karuto/.config/discord/0.0.32/modules/pending/discord_krisp-1.zip: 38%
2023-10-26T12:41:52.451Z [Modules] Streaming discord_krisp@1 to /home/karuto/.config/discord/0.0.32/modules/pending/discord_krisp-1.zip: 39%
2023-10-26T12:41:52.590Z [Modules] Streaming discord_krisp@1 to /home/karuto/.config/discord/0.0.32/modules/pending/discord_krisp-1.zip: 40%
2023-10-26T12:41:52.835Z [Modules] Streaming discord_krisp@1 to /home/karuto/.config/discord/0.0.32/modules/pending/discord_krisp-1.zip: 41%
2023-10-26T12:41:53.110Z [Modules] Streaming discord_krisp@1 to /home/karuto/.config/discord/0.0.32/modules/pending/discord_krisp-1.zip: 42%
2023-10-26T12:41:53.305Z [Modules] Streaming discord_krisp@1 to /home/karuto/.config/discord/0.0.32/modules/pending/discord_krisp-1.zip: 43%
2023-10-26T12:41:53.492Z [Modules] Streaming discord_krisp@1 to /home/karuto/.config/discord/0.0.32/modules/pending/discord_krisp-1.zip: 44%
2023-10-26T12:41:53.742Z [Modules] Streaming discord_krisp@1 to /home/karuto/.config/discord/0.0.32/modules/pending/discord_krisp-1.zip: 45%
2023-10-26T12:41:53.808Z [Modules] Streaming discord_krisp@1 to /home/karuto/.config/discord/0.0.32/modules/pending/discord_krisp-1.zip: 46%
2023-10-26T12:41:54.051Z [Modules] Streaming discord_krisp@1 to /home/karuto/.config/discord/0.0.32/modules/pending/discord_krisp-1.zip: 47%
2023-10-26T12:41:54.275Z [Modules] Streaming discord_krisp@1 to /home/karuto/.config/discord/0.0.32/modules/pending/discord_krisp-1.zip: 48%
2023-10-26T12:41:54.412Z [Modules] Streaming discord_krisp@1 to /home/karuto/.config/discord/0.0.32/modules/pending/discord_krisp-1.zip: 49%
2023-10-26T12:41:54.500Z [Modules] Streaming discord_krisp@1 to /home/karuto/.config/discord/0.0.32/modules/pending/discord_krisp-1.zip: 50%
2023-10-26T12:41:54.558Z [Modules] Streaming discord_krisp@1 to /home/karuto/.config/discord/0.0.32/modules/pending/discord_krisp-1.zip: 51%
2023-10-26T12:41:54.583Z [Modules] Streaming discord_krisp@1 to /home/karuto/.config/discord/0.0.32/modules/pending/discord_krisp-1.zip: 52%
2023-10-26T12:41:54.642Z [Modules] Streaming discord_krisp@1 to /home/karuto/.config/discord/0.0.32/modules/pending/discord_krisp-1.zip: 53%
2023-10-26T12:41:54.661Z [Modules] Streaming discord_krisp@1 to /home/karuto/.config/discord/0.0.32/modules/pending/discord_krisp-1.zip: 55%
2023-10-26T12:41:54.663Z [Modules] Streaming discord_krisp@1 to /home/karuto/.config/discord/0.0.32/modules/pending/discord_krisp-1.zip: 56%
2023-10-26T12:41:54.671Z [Modules] Streaming discord_krisp@1 to /home/karuto/.config/discord/0.0.32/modules/pending/discord_krisp-1.zip: 57%
2023-10-26T12:41:54.794Z [Modules] Streaming discord_krisp@1 to /home/karuto/.config/discord/0.0.32/modules/pending/discord_krisp-1.zip: 58%
2023-10-26T12:41:55.107Z [Modules] Streaming discord_krisp@1 to /home/karuto/.config/discord/0.0.32/modules/pending/discord_krisp-1.zip: 59%
2023-10-26T12:41:55.151Z [Modules] Streaming discord_krisp@1 to /home/karuto/.config/discord/0.0.32/modules/pending/discord_krisp-1.zip: 60%
2023-10-26T12:41:55.167Z [Modules] Streaming discord_krisp@1 to /home/karuto/.config/discord/0.0.32/modules/pending/discord_krisp-1.zip: 61%
2023-10-26T12:41:55.171Z [Modules] Streaming discord_krisp@1 to /home/karuto/.config/discord/0.0.32/modules/pending/discord_krisp-1.zip: 62%
2023-10-26T12:41:55.197Z [Modules] Streaming discord_krisp@1 to /home/karuto/.config/discord/0.0.32/modules/pending/discord_krisp-1.zip: 63%
2023-10-26T12:41:55.304Z [Modules] Streaming discord_krisp@1 to /home/karuto/.config/discord/0.0.32/modules/pending/discord_krisp-1.zip: 64%
2023-10-26T12:41:55.635Z [Modules] Streaming discord_krisp@1 to /home/karuto/.config/discord/0.0.32/modules/pending/discord_krisp-1.zip: 65%
2023-10-26T12:41:55.698Z [Modules] Streaming discord_krisp@1 to /home/karuto/.config/discord/0.0.32/modules/pending/discord_krisp-1.zip: 66%
2023-10-26T12:41:55.701Z [Modules] Streaming discord_krisp@1 to /home/karuto/.config/discord/0.0.32/modules/pending/discord_krisp-1.zip: 67%
2023-10-26T12:41:55.751Z [Modules] Streaming discord_krisp@1 to /home/karuto/.config/discord/0.0.32/modules/pending/discord_krisp-1.zip: 68%
2023-10-26T12:41:55.928Z [Modules] Streaming discord_krisp@1 to /home/karuto/.config/discord/0.0.32/modules/pending/discord_krisp-1.zip: 69%
2023-10-26T12:41:56.061Z [Modules] Streaming discord_krisp@1 to /home/karuto/.config/discord/0.0.32/modules/pending/discord_krisp-1.zip: 70%
2023-10-26T12:41:56.154Z [Modules] Streaming discord_krisp@1 to /home/karuto/.config/discord/0.0.32/modules/pending/discord_krisp-1.zip: 71%
2023-10-26T12:41:56.489Z [Modules] Streaming discord_krisp@1 to /home/karuto/.config/discord/0.0.32/modules/pending/discord_krisp-1.zip: 72%
2023-10-26T12:41:56.540Z [Modules] Streaming discord_krisp@1 to /home/karuto/.config/discord/0.0.32/modules/pending/discord_krisp-1.zip: 73%
2023-10-26T12:41:56.553Z [Modules] Streaming discord_krisp@1 to /home/karuto/.config/discord/0.0.32/modules/pending/discord_krisp-1.zip: 74%
2023-10-26T12:41:56.555Z [Modules] Streaming discord_krisp@1 to /home/karuto/.config/discord/0.0.32/modules/pending/discord_krisp-1.zip: 75%
2023-10-26T12:41:56.586Z [Modules] Streaming discord_krisp@1 to /home/karuto/.config/discord/0.0.32/modules/pending/discord_krisp-1.zip: 76%
2023-10-26T12:41:56.677Z [Modules] Streaming discord_krisp@1 to /home/karuto/.config/discord/0.0.32/modules/pending/discord_krisp-1.zip: 77%
2023-10-26T12:41:56.733Z [Modules] Streaming discord_krisp@1 to /home/karuto/.config/discord/0.0.32/modules/pending/discord_krisp-1.zip: 78%
2023-10-26T12:41:56.802Z [Modules] Streaming discord_krisp@1 to /home/karuto/.config/discord/0.0.32/modules/pending/discord_krisp-1.zip: 79%
2023-10-26T12:41:57.027Z [Modules] Streaming discord_krisp@1 to /home/karuto/.config/discord/0.0.32/modules/pending/discord_krisp-1.zip: 80%
2023-10-26T12:41:57.319Z [Modules] Streaming discord_krisp@1 to /home/karuto/.config/discord/0.0.32/modules/pending/discord_krisp-1.zip: 81%
2023-10-26T12:41:57.474Z [Modules] Streaming discord_krisp@1 to /home/karuto/.config/discord/0.0.32/modules/pending/discord_krisp-1.zip: 82%
2023-10-26T12:41:57.558Z [Modules] Streaming discord_krisp@1 to /home/karuto/.config/discord/0.0.32/modules/pending/discord_krisp-1.zip: 83%
2023-10-26T12:41:57.740Z [Modules] Streaming discord_krisp@1 to /home/karuto/.config/discord/0.0.32/modules/pending/discord_krisp-1.zip: 84%
2023-10-26T12:41:57.924Z [Modules] Streaming discord_krisp@1 to /home/karuto/.config/discord/0.0.32/modules/pending/discord_krisp-1.zip: 85%
2023-10-26T12:41:57.995Z [Modules] Streaming discord_krisp@1 to /home/karuto/.config/discord/0.0.32/modules/pending/discord_krisp-1.zip: 86%
2023-10-26T12:41:58.118Z [Modules] Streaming discord_krisp@1 to /home/karuto/.config/discord/0.0.32/modules/pending/discord_krisp-1.zip: 87%
2023-10-26T12:41:58.156Z [Modules] Streaming discord_krisp@1 to /home/karuto/.config/discord/0.0.32/modules/pending/discord_krisp-1.zip: 88%
2023-10-26T12:41:58.300Z [Modules] Streaming discord_krisp@1 to /home/karuto/.config/discord/0.0.32/modules/pending/discord_krisp-1.zip: 89%
2023-10-26T12:41:58.303Z [Modules] Streaming discord_krisp@1 to /home/karuto/.config/discord/0.0.32/modules/pending/discord_krisp-1.zip: 90%
2023-10-26T12:41:58.601Z [Modules] Streaming discord_krisp@1 to /home/karuto/.config/discord/0.0.32/modules/pending/discord_krisp-1.zip: 91%
2023-10-26T12:41:58.846Z [Modules] Streaming discord_krisp@1 to /home/karuto/.config/discord/0.0.32/modules/pending/discord_krisp-1.zip: 92%
2023-10-26T12:41:59.039Z [Modules] Streaming discord_krisp@1 to /home/karuto/.config/discord/0.0.32/modules/pending/discord_krisp-1.zip: 93%
2023-10-26T12:41:59.259Z [Modules] Streaming discord_krisp@1 to /home/karuto/.config/discord/0.0.32/modules/pending/discord_krisp-1.zip: 94%
2023-10-26T12:41:59.351Z [Modules] Streaming discord_krisp@1 to /home/karuto/.config/discord/0.0.32/modules/pending/discord_krisp-1.zip: 95%
2023-10-26T12:41:59.472Z [Modules] Streaming discord_krisp@1 to /home/karuto/.config/discord/0.0.32/modules/pending/discord_krisp-1.zip: 96%
2023-10-26T12:41:59.539Z [Modules] Streaming discord_krisp@1 to /home/karuto/.config/discord/0.0.32/modules/pending/discord_krisp-1.zip: 97%
2023-10-26T12:41:59.671Z [Modules] Streaming discord_krisp@1 to /home/karuto/.config/discord/0.0.32/modules/pending/discord_krisp-1.zip: 98%
2023-10-26T12:41:59.673Z [Modules] Streaming discord_krisp@1 to /home/karuto/.config/discord/0.0.32/modules/pending/discord_krisp-1.zip: 99%
2023-10-26T12:41:59.739Z [Modules] Streaming discord_krisp@1 to /home/karuto/.config/discord/0.0.32/modules/pending/discord_krisp-1.zip: 100%
2023-10-26T12:41:59.742Z [Modules] Fetching discord_game_utils@1 from https://discord.com/api/modules/stable/discord_game_utils/1
2023-10-26T12:41:59.742Z [Modules] Streaming discord_game_utils@1 to /home/karuto/.config/discord/0.0.32/modules/pending/discord_game_utils-1.zip
2023-10-26T12:41:59.743Z [Modules] Installing discord_krisp@1 from /home/karuto/.config/discord/0.0.32/modules/pending/discord_krisp-1.zip
2023-10-26T12:42:00.162Z [Modules] Streaming discord_game_utils@1 to /home/karuto/.config/discord/0.0.32/modules/pending/discord_game_utils-1.zip: 2%
2023-10-26T12:42:00.164Z [Modules] Streaming discord_game_utils@1 to /home/karuto/.config/discord/0.0.32/modules/pending/discord_game_utils-1.zip: 3%
2023-10-26T12:42:00.188Z [Modules] Streaming discord_game_utils@1 to /home/karuto/.config/discord/0.0.32/modules/pending/discord_game_utils-1.zip: 5%
2023-10-26T12:42:00.195Z [Modules] Streaming discord_game_utils@1 to /home/karuto/.config/discord/0.0.32/modules/pending/discord_game_utils-1.zip: 6%
2023-10-26T12:42:00.198Z [Modules] Streaming discord_game_utils@1 to /home/karuto/.config/discord/0.0.32/modules/pending/discord_game_utils-1.zip: 7%
2023-10-26T12:42:00.210Z [Modules] Streaming discord_game_utils@1 to /home/karuto/.config/discord/0.0.32/modules/pending/discord_game_utils-1.zip: 8%
2023-10-26T12:42:00.220Z [Modules] Streaming discord_game_utils@1 to /home/karuto/.config/discord/0.0.32/modules/pending/discord_game_utils-1.zip: 9%
2023-10-26T12:42:00.233Z [Modules] Streaming discord_game_utils@1 to /home/karuto/.config/discord/0.0.32/modules/pending/discord_game_utils-1.zip: 10%
2023-10-26T12:42:00.365Z [Modules] Streaming discord_game_utils@1 to /home/karuto/.config/discord/0.0.32/modules/pending/discord_game_utils-1.zip: 11%
2023-10-26T12:42:00.691Z [Modules] Streaming discord_game_utils@1 to /home/karuto/.config/discord/0.0.32/modules/pending/discord_game_utils-1.zip: 15%
2023-10-26T12:42:00.801Z [Modules] Finished module installations. [success: 1] [failure: 0]
2023-10-26T12:42:00.840Z [Modules] Streaming discord_game_utils@1 to /home/karuto/.config/discord/0.0.32/modules/pending/discord_game_utils-1.zip: 18%
2023-10-26T12:42:00.843Z [Modules] Streaming discord_game_utils@1 to /home/karuto/.config/discord/0.0.32/modules/pending/discord_game_utils-1.zip: 20%
2023-10-26T12:42:01.028Z [Modules] Streaming discord_game_utils@1 to /home/karuto/.config/discord/0.0.32/modules/pending/discord_game_utils-1.zip: 23%
2023-10-26T12:42:01.029Z [Modules] Streaming discord_game_utils@1 to /home/karuto/.config/discord/0.0.32/modules/pending/discord_game_utils-1.zip: 25%
2023-10-26T12:42:01.075Z [Modules] Streaming discord_game_utils@1 to /home/karuto/.config/discord/0.0.32/modules/pending/discord_game_utils-1.zip: 31%
2023-10-26T12:42:01.086Z [Modules] Streaming discord_game_utils@1 to /home/karuto/.config/discord/0.0.32/modules/pending/discord_game_utils-1.zip: 33%
2023-10-26T12:42:01.087Z [Modules] Streaming discord_game_utils@1 to /home/karuto/.config/discord/0.0.32/modules/pending/discord_game_utils-1.zip: 36%
2023-10-26T12:42:01.289Z [Modules] Streaming discord_game_utils@1 to /home/karuto/.config/discord/0.0.32/modules/pending/discord_game_utils-1.zip: 38%
2023-10-26T12:42:01.290Z [Modules] Streaming discord_game_utils@1 to /home/karuto/.config/discord/0.0.32/modules/pending/discord_game_utils-1.zip: 41%
2023-10-26T12:42:01.411Z [Modules] Streaming discord_game_utils@1 to /home/karuto/.config/discord/0.0.32/modules/pending/discord_game_utils-1.zip: 44%
2023-10-26T12:42:01.414Z [Modules] Streaming discord_game_utils@1 to /home/karuto/.config/discord/0.0.32/modules/pending/discord_game_utils-1.zip: 46%
2023-10-26T12:42:01.589Z [Modules] Streaming discord_game_utils@1 to /home/karuto/.config/discord/0.0.32/modules/pending/discord_game_utils-1.zip: 49%
2023-10-26T12:42:01.590Z [Modules] Streaming discord_game_utils@1 to /home/karuto/.config/discord/0.0.32/modules/pending/discord_game_utils-1.zip: 51%
2023-10-26T12:42:01.695Z [Modules] Streaming discord_game_utils@1 to /home/karuto/.config/discord/0.0.32/modules/pending/discord_game_utils-1.zip: 54%
2023-10-26T12:42:01.696Z [Modules] Streaming discord_game_utils@1 to /home/karuto/.config/discord/0.0.32/modules/pending/discord_game_utils-1.zip: 57%
2023-10-26T12:42:01.860Z [Modules] Streaming discord_game_utils@1 to /home/karuto/.config/discord/0.0.32/modules/pending/discord_game_utils-1.zip: 59%
2023-10-26T12:42:01.862Z [Modules] Streaming discord_game_utils@1 to /home/karuto/.config/discord/0.0.32/modules/pending/discord_game_utils-1.zip: 62%
2023-10-26T12:42:02.506Z [Modules] Streaming discord_game_utils@1 to /home/karuto/.config/discord/0.0.32/modules/pending/discord_game_utils-1.zip: 64%
2023-10-26T12:42:02.507Z [Modules] Streaming discord_game_utils@1 to /home/karuto/.config/discord/0.0.32/modules/pending/discord_game_utils-1.zip: 67%
2023-10-26T12:42:02.516Z [Modules] Streaming discord_game_utils@1 to /home/karuto/.config/discord/0.0.32/modules/pending/discord_game_utils-1.zip: 72%
2023-10-26T12:42:02.529Z [Modules] Streaming discord_game_utils@1 to /home/karuto/.config/discord/0.0.32/modules/pending/discord_game_utils-1.zip: 75%
2023-10-26T12:42:02.530Z [Modules] Streaming discord_game_utils@1 to /home/karuto/.config/discord/0.0.32/modules/pending/discord_game_utils-1.zip: 77%
2023-10-26T12:42:02.533Z [Modules] Streaming discord_game_utils@1 to /home/karuto/.config/discord/0.0.32/modules/pending/discord_game_utils-1.zip: 83%
2023-10-26T12:42:02.534Z [Modules] Streaming discord_game_utils@1 to /home/karuto/.config/discord/0.0.32/modules/pending/discord_game_utils-1.zip: 90%
2023-10-26T12:42:02.535Z [Modules] Streaming discord_game_utils@1 to /home/karuto/.config/discord/0.0.32/modules/pending/discord_game_utils-1.zip: 96%
2023-10-26T12:42:02.538Z [Modules] Streaming discord_game_utils@1 to /home/karuto/.config/discord/0.0.32/modules/pending/discord_game_utils-1.zip: 100%
2023-10-26T12:42:02.540Z [Modules] Fetching discord_rpc@1 from https://discord.com/api/modules/stable/discord_rpc/1
2023-10-26T12:42:02.540Z [Modules] Streaming discord_rpc@1 to /home/karuto/.config/discord/0.0.32/modules/pending/discord_rpc-1.zip
2023-10-26T12:42:02.540Z [Modules] Installing discord_game_utils@1 from /home/karuto/.config/discord/0.0.32/modules/pending/discord_game_utils-1.zip
2023-10-26T12:42:02.645Z [Modules] Finished module installations. [success: 1] [failure: 0]
2023-10-26T12:42:02.927Z [Modules] Streaming discord_rpc@1 to /home/karuto/.config/discord/0.0.32/modules/pending/discord_rpc-1.zip: 38%
2023-10-26T12:42:02.936Z [Modules] Streaming discord_rpc@1 to /home/karuto/.config/discord/0.0.32/modules/pending/discord_rpc-1.zip: 100%
2023-10-26T12:42:02.938Z [Modules] Finished module downloads. [success: 3] [failure: 0]
2023-10-26T12:42:02.938Z [Modules] Installing discord_rpc@1 from /home/karuto/.config/discord/0.0.32/modules/pending/discord_rpc-1.zip
2023-10-26T12:42:03.002Z [Modules] Finished module installations. [success: 1] [failure: 0]
2023-10-26T12:56:21.284Z [Modules] Modules initializing
2023-10-26T12:56:21.285Z [Modules] Distribution: remote
2023-10-26T12:56:21.285Z [Modules] Host updates: enabled
2023-10-26T12:56:21.285Z [Modules] Module updates: enabled
2023-10-26T12:56:21.286Z [Modules] Module install path: /home/karuto/.config/discord/0.0.32/modules
2023-10-26T12:56:21.286Z [Modules] Module installed file path: /home/karuto/.config/discord/0.0.32/modules/installed.json
2023-10-26T12:56:21.286Z [Modules] Module download path: /home/karuto/.config/discord/0.0.32/modules/pending
2023-10-26T12:56:22.273Z [Modules] No updates to install
2023-10-26T12:56:22.274Z [Modules] Checking for host updates.
2023-10-26T12:56:23.208Z [Modules] Host is up to date.
2023-10-26T12:56:23.208Z [Modules] Checking for module updates at https://discord.com/api/modules/stable/versions.json
2023-10-26T12:56:23.262Z [Modules] No module updates available.
2023-10-26T12:56:31.424Z [Modules] Checking for host updates.
2023-10-26T12:56:31.706Z [Modules] Host is up to date.
2023-10-26T12:56:31.706Z [Modules] Checking for module updates at https://discord.com/api/modules/stable/versions.json
2023-10-26T12:56:31.711Z [Modules] No module updates available.
2023-10-26T13:56:31.437Z [Modules] Checking for host updates.
2023-10-26T13:56:31.745Z [Modules] Host is up to date.
2023-10-26T13:56:31.745Z [Modules] Checking for module updates at https://discord.com/api/modules/stable/versions.json
2023-10-26T13:56:31.814Z [Modules] No module updates available.
