2023-10-07T13:15:22.521Z 0: 

----------------------------------------------
2023-10-07T13:15:22.713Z 1: Discord starting: {"releaseChannel":"stable","version":"0.0.31"}, modulepath: /home/karuto/.config/discord/0.0.31/modules
2023-10-07T13:15:23.071Z 2: ✅ webContents.created web1 ""
2023-10-07T13:15:23.502Z 3: ✅ window.created win1 "discord"
2023-10-07T13:15:27.389Z 4: ✅ webContents.did-finish-load web1
2023-10-07T13:15:48.109Z 5: ✅ webContents.created web2 ""
2023-10-07T13:15:48.381Z 6: ✅ window.created win2 "Discord"
2023-10-07T13:16:11.375Z 7: ✅ webContents.did-finish-load web2
2023-10-07T13:16:11.475Z 8: window.close win1
2023-10-07T13:16:11.763Z 9: webContents.destroyed web1
2023-10-07T13:16:11.848Z 10: window.closed win1
2023-10-07T13:16:53.988Z 11: window.close win2
2023-10-07T13:21:12.692Z 12: window.close win2
2023-10-07T13:21:15.137Z 13: webContents.destroyed web2
2023-10-07T13:26:14.300Z 0: 

----------------------------------------------
2023-10-07T13:26:14.818Z 1: Discord starting: {"releaseChannel":"stable","version":"0.0.31"}, modulepath: /home/karuto/.config/discord/0.0.31/modules
2023-10-07T13:26:14.987Z 2: ✅ webContents.created web1 "index.html"
2023-10-07T13:26:15.105Z 3: ✅ window.created win1 "discord"
2023-10-07T13:26:15.603Z 4: ✅ webContents.did-finish-load web1
2023-10-07T13:26:16.448Z 5: ✅ webContents.created web2 ""
2023-10-07T13:26:16.487Z 6: ✅ window.created win2 "Discord"
2023-10-07T13:26:19.378Z 7: window.close win1
2023-10-07T13:26:19.431Z 8: webContents.destroyed web1
2023-10-07T13:26:19.498Z 9: window.closed win1
2023-10-07T13:26:23.310Z 10: window.close win2
2023-10-07T13:26:24.052Z 11: webContents.destroyed web2
