2023-10-07 20:27:23.935 [info] Log level: Info
2023-10-07 20:27:23.936 [info] Validating found git in: "git"
2023-10-07 20:27:23.936 [info] Using git "2.42.0" from "git"
2023-10-07 20:27:23.936 [info] > git rev-parse --show-toplevel [35ms]
2023-10-07 20:27:25.776 [info] > git rev-parse --git-dir --git-common-dir [1989ms]
2023-10-07 20:27:25.803 [info] Open repository: /home/karuto/tflat_search-1
2023-10-07 20:27:26.185 [info] > git config --get commit.template [98ms]
2023-10-07 20:27:26.286 [info] > git ls-files --stage -- /home/karuto/tflat_search-1/dict.py [53ms]
2023-10-07 20:27:26.310 [info] > git ls-files --stage -- /home/karuto/tflat_search-1/output.json [45ms]
2023-10-07 20:27:26.347 [info] > git for-each-ref --format=%(refname)%00%(upstream:short)%00%(objectname)%00%(upstream:track)%00%(upstream:remotename)%00%(upstream:remoteref) refs/heads/main refs/remotes/main [65ms]
2023-10-07 20:27:26.719 [info] > git show --textconv :dict.py [502ms]
2023-10-07 20:27:26.720 [info] > git check-ignore -v -z --stdin [7ms]
2023-10-07 20:27:26.722 [info] > git cat-file -s b487fb96da960100fbc238bc0fd0e1bdbfebe270 [422ms]
2023-10-07 20:27:26.723 [info] > git cat-file -s 0c45c21b2f74ac558d493941265f7bce5e9f60c3 [397ms]
2023-10-07 20:27:26.931 [info] > git show --textconv :output.json [681ms]
2023-10-07 20:27:30.818 [info] > git status -z -uall [4454ms]
2023-10-07 20:27:32.344 [info] > git rev-parse --show-toplevel [1221ms]
2023-10-07 20:27:32.344 [info] fatal: not a git repository (or any parent up to mount point /)
Stopping at filesystem boundary (GIT_DISCOVERY_ACROSS_FILESYSTEM not set).
2023-10-07 20:27:32.351 [info] > git config --get commit.template [1255ms]
2023-10-07 20:27:32.360 [info] > git for-each-ref --format=%(refname)%00%(upstream:short)%00%(objectname)%00%(upstream:track)%00%(upstream:remotename)%00%(upstream:remoteref) refs/heads/main refs/remotes/main [1199ms]
2023-10-07 20:27:36.420 [info] > git status -z -uall [4015ms]
2023-10-07 20:27:37.208 [info] > git config --get commit.template [642ms]
2023-10-07 20:27:37.280 [info] > git for-each-ref --format=%(refname)%00%(upstream:short)%00%(objectname)%00%(upstream:track)%00%(upstream:remotename)%00%(upstream:remoteref) refs/heads/main refs/remotes/main [43ms]
2023-10-07 20:27:37.843 [info] > git status -z -uall [531ms]
2023-10-07 20:43:39.923 [info] > git config --get commit.template [92ms]
2023-10-07 20:43:39.957 [info] > git for-each-ref --format=%(refname)%00%(upstream:short)%00%(objectname)%00%(upstream:track)%00%(upstream:remotename)%00%(upstream:remoteref) refs/heads/main refs/remotes/main [85ms]
2023-10-07 20:43:40.852 [info] > git status -z -uall [875ms]
2023-10-07 20:43:48.607 [info] > git config --get commit.template [1292ms]
2023-10-07 20:43:48.849 [info] > git for-each-ref --format=%(refname)%00%(upstream:short)%00%(objectname)%00%(upstream:track)%00%(upstream:remotename)%00%(upstream:remoteref) refs/heads/main refs/remotes/main [1511ms]
2023-10-07 20:43:50.273 [info] > git status -z -uall [1343ms]
2023-10-07 20:44:10.123 [info] > git config --get commit.template [2ms]
2023-10-07 20:44:10.139 [info] > git for-each-ref --format=%(refname)%00%(upstream:short)%00%(objectname)%00%(upstream:track)%00%(upstream:remotename)%00%(upstream:remoteref) refs/heads/main refs/remotes/main [2ms]
2023-10-07 20:44:10.374 [info] > git status -z -uall [221ms]
2023-10-07 20:44:15.459 [info] > git config --get commit.template [16ms]
2023-10-07 20:44:15.481 [info] > git for-each-ref --format=%(refname)%00%(upstream:short)%00%(objectname)%00%(upstream:track)%00%(upstream:remotename)%00%(upstream:remoteref) refs/heads/main refs/remotes/main [23ms]
2023-10-07 20:44:15.803 [info] > git status -z -uall [306ms]
2023-10-07 20:44:21.170 [info] > git config --get commit.template [3ms]
2023-10-07 20:44:21.204 [info] > git for-each-ref --format=%(refname)%00%(upstream:short)%00%(objectname)%00%(upstream:track)%00%(upstream:remotename)%00%(upstream:remoteref) refs/heads/main refs/remotes/main [15ms]
2023-10-07 20:44:21.514 [info] > git status -z -uall [296ms]
2023-10-07 20:44:26.551 [info] > git config --get commit.template [4ms]
2023-10-07 20:44:26.642 [info] > git for-each-ref --format=%(refname)%00%(upstream:short)%00%(objectname)%00%(upstream:track)%00%(upstream:remotename)%00%(upstream:remoteref) refs/heads/main refs/remotes/main [24ms]
2023-10-07 20:44:26.896 [info] > git status -z -uall [235ms]
2023-10-07 20:45:25.701 [info] > git config --get commit.template [116ms]
2023-10-07 20:45:25.760 [info] > git for-each-ref --format=%(refname)%00%(upstream:short)%00%(objectname)%00%(upstream:track)%00%(upstream:remotename)%00%(upstream:remoteref) refs/heads/main refs/remotes/main [140ms]
2023-10-07 20:45:30.765 [info] > git status -z -uall [4991ms]
2023-10-07 20:47:22.541 [info] > git config --get commit.template [85ms]
2023-10-07 20:47:22.730 [info] > git for-each-ref --format=%(refname)%00%(upstream:short)%00%(objectname)%00%(upstream:track)%00%(upstream:remotename)%00%(upstream:remoteref) refs/heads/main refs/remotes/main [231ms]
2023-10-07 20:47:23.677 [info] > git status -z -uall [923ms]
2023-10-07 20:48:22.779 [info] > git config --get commit.template [85ms]
2023-10-07 20:48:22.987 [info] > git for-each-ref --format=%(refname)%00%(upstream:short)%00%(objectname)%00%(upstream:track)%00%(upstream:remotename)%00%(upstream:remoteref) refs/heads/main refs/remotes/main [236ms]
2023-10-07 20:48:24.814 [info] > git status -z -uall [1803ms]
2023-10-07 20:48:45.632 [info] > git config --get commit.template [3ms]
2023-10-07 20:48:45.652 [info] > git for-each-ref --format=%(refname)%00%(upstream:short)%00%(objectname)%00%(upstream:track)%00%(upstream:remotename)%00%(upstream:remoteref) refs/heads/main refs/remotes/main [3ms]
2023-10-07 20:48:45.889 [info] > git status -z -uall [224ms]
2023-10-07 20:48:50.949 [info] > git config --get commit.template [28ms]
2023-10-07 20:48:50.951 [info] > git for-each-ref --format=%(refname)%00%(upstream:short)%00%(objectname)%00%(upstream:track)%00%(upstream:remotename)%00%(upstream:remoteref) refs/heads/main refs/remotes/main [3ms]
2023-10-07 20:48:51.433 [info] > git status -z -uall [448ms]
2023-10-07 20:50:26.672 [info] > git config --get commit.template [26ms]
2023-10-07 20:50:26.674 [info] > git for-each-ref --format=%(refname)%00%(upstream:short)%00%(objectname)%00%(upstream:track)%00%(upstream:remotename)%00%(upstream:remoteref) refs/heads/main refs/remotes/main [3ms]
2023-10-07 20:50:26.918 [info] > git status -z -uall [224ms]
2023-10-07 20:50:31.967 [info] > git config --get commit.template [24ms]
2023-10-07 20:50:31.969 [info] > git for-each-ref --format=%(refname)%00%(upstream:short)%00%(objectname)%00%(upstream:track)%00%(upstream:remotename)%00%(upstream:remoteref) refs/heads/main refs/remotes/main [3ms]
2023-10-07 20:50:32.354 [info] > git status -z -uall [360ms]
2023-10-07 20:50:37.383 [info] > git config --get commit.template [2ms]
2023-10-07 20:50:37.404 [info] > git for-each-ref --format=%(refname)%00%(upstream:short)%00%(objectname)%00%(upstream:track)%00%(upstream:remotename)%00%(upstream:remoteref) refs/heads/main refs/remotes/main [3ms]
2023-10-07 20:50:37.651 [info] > git status -z -uall [232ms]
2023-10-07 20:50:42.691 [info] > git config --get commit.template [17ms]
2023-10-07 20:50:42.692 [info] > git for-each-ref --format=%(refname)%00%(upstream:short)%00%(objectname)%00%(upstream:track)%00%(upstream:remotename)%00%(upstream:remoteref) refs/heads/main refs/remotes/main [2ms]
2023-10-07 20:50:42.928 [info] > git status -z -uall [221ms]
2023-10-07 20:50:47.979 [info] > git config --get commit.template [4ms]
2023-10-07 20:50:48.003 [info] > git for-each-ref --format=%(refname)%00%(upstream:short)%00%(objectname)%00%(upstream:track)%00%(upstream:remotename)%00%(upstream:remoteref) refs/heads/main refs/remotes/main [2ms]
2023-10-07 20:50:48.245 [info] > git status -z -uall [229ms]
2023-10-07 20:50:55.639 [info] > git config --get commit.template [25ms]
2023-10-07 20:50:55.642 [info] > git for-each-ref --format=%(refname)%00%(upstream:short)%00%(objectname)%00%(upstream:track)%00%(upstream:remotename)%00%(upstream:remoteref) refs/heads/main refs/remotes/main [4ms]
2023-10-07 20:50:55.878 [info] > git status -z -uall [223ms]
2023-10-07 20:51:00.931 [info] > git config --get commit.template [28ms]
2023-10-07 20:51:00.932 [info] > git for-each-ref --format=%(refname)%00%(upstream:short)%00%(objectname)%00%(upstream:track)%00%(upstream:remotename)%00%(upstream:remoteref) refs/heads/main refs/remotes/main [3ms]
2023-10-07 20:51:01.174 [info] > git status -z -uall [227ms]
2023-10-07 20:51:13.486 [info] > git config --get commit.template [3ms]
2023-10-07 20:51:13.503 [info] > git for-each-ref --format=%(refname)%00%(upstream:short)%00%(objectname)%00%(upstream:track)%00%(upstream:remotename)%00%(upstream:remoteref) refs/heads/main refs/remotes/main [2ms]
2023-10-07 20:51:13.772 [info] > git status -z -uall [255ms]
2023-10-07 20:51:18.843 [info] > git config --get commit.template [31ms]
2023-10-07 20:51:18.844 [info] > git for-each-ref --format=%(refname)%00%(upstream:short)%00%(objectname)%00%(upstream:track)%00%(upstream:remotename)%00%(upstream:remoteref) refs/heads/main refs/remotes/main [3ms]
2023-10-07 20:51:19.095 [info] > git status -z -uall [234ms]
2023-10-07 20:51:24.152 [info] > git config --get commit.template [19ms]
2023-10-07 20:51:24.153 [info] > git for-each-ref --format=%(refname)%00%(upstream:short)%00%(objectname)%00%(upstream:track)%00%(upstream:remotename)%00%(upstream:remoteref) refs/heads/main refs/remotes/main [2ms]
2023-10-07 20:51:24.479 [info] > git status -z -uall [312ms]
2023-10-07 20:51:29.530 [info] > git config --get commit.template [17ms]
2023-10-07 20:51:29.531 [info] > git for-each-ref --format=%(refname)%00%(upstream:short)%00%(objectname)%00%(upstream:track)%00%(upstream:remotename)%00%(upstream:remoteref) refs/heads/main refs/remotes/main [2ms]
2023-10-07 20:51:29.783 [info] > git status -z -uall [236ms]
2023-10-07 20:51:34.815 [info] > git config --get commit.template [6ms]
2023-10-07 20:51:34.832 [info] > git for-each-ref --format=%(refname)%00%(upstream:short)%00%(objectname)%00%(upstream:track)%00%(upstream:remotename)%00%(upstream:remoteref) refs/heads/main refs/remotes/main [2ms]
2023-10-07 20:51:35.077 [info] > git status -z -uall [230ms]
2023-10-07 20:51:46.697 [info] > git for-each-ref --format=%(refname)%00%(upstream:short)%00%(objectname)%00%(upstream:track)%00%(upstream:remotename)%00%(upstream:remoteref) refs/heads/main refs/remotes/main [5ms]
2023-10-07 20:51:46.697 [info] > git config --get commit.template [37ms]
2023-10-07 20:51:46.945 [info] > git status -z -uall [230ms]
2023-10-07 21:01:20.783 [info] > git check-ignore -v -z --stdin [110ms]
2023-10-07 21:01:20.922 [info] > git show --textconv :dict copy.py [70ms]
2023-10-07 21:01:20.925 [info] > git ls-files --stage -- /home/karuto/tflat_search-1/dict copy.py [16ms]
2023-10-07 21:01:21.912 [info] > git config --get commit.template [46ms]
2023-10-07 21:01:21.984 [info] > git for-each-ref --format=%(refname)%00%(upstream:short)%00%(objectname)%00%(upstream:track)%00%(upstream:remotename)%00%(upstream:remoteref) refs/heads/main refs/remotes/main [74ms]
2023-10-07 21:01:23.419 [info] > git status -z -uall [1345ms]
2023-10-07 21:04:15.772 [info] > git show --textconv :dict.py [1098ms]
2023-10-07 21:04:15.816 [info] > git for-each-ref --format=%(refname)%00%(upstream:short)%00%(objectname)%00%(upstream:track)%00%(upstream:remotename)%00%(upstream:remoteref) refs/heads/main refs/remotes/main [430ms]
2023-10-07 21:04:15.819 [info] > git config --get commit.template [491ms]
2023-10-07 21:04:15.887 [info] > git ls-files --stage -- /home/karuto/tflat_search-1/dict.py [1113ms]
2023-10-07 21:04:15.941 [info] > git cat-file -s b487fb96da960100fbc238bc0fd0e1bdbfebe270 [7ms]
2023-10-07 21:04:17.374 [info] > git status -z -uall [1502ms]
