2023-10-07 18:42:50.218 [info] Started initializing default profile extensions in extensions installation folder. file:///home/karuto/.vscode/extensions
2023-10-07 18:42:50.471 [warning] Failed to create default profile extensions manifest in extensions installation folder. file:///home/karuto/.vscode/extensions Unable to create file 'vscode-userdata:/home/karuto/.vscode/extensions/extensions.json' that already exists when overwrite flag is not set
2023-10-07 18:42:50.471 [info] Completed initializing default profile extensions in extensions installation folder. file:///home/karuto/.vscode/extensions
2023-10-07 18:42:50.530 [error] [uncaught exception in sharedProcess]: Error: ENOENT: no such file or directory, stat '/home/karuto/.vscode/extensions/extensions.json.vsctmp': EntryNotFound (FileSystemError): Error: ENOENT: no such file or directory, stat '/home/karuto/.vscode/extensions/extensions.json.vsctmp'
    at s.create (/opt/visual-studio-code/resources/app/out/vs/code/node/sharedProcess/sharedProcessMain.js:51:30209)
    at i (/opt/visual-studio-code/resources/app/out/vs/code/node/sharedProcess/sharedProcessMain.js:51:30329)
    at t.eb (/opt/visual-studio-code/resources/app/out/vs/code/node/sharedProcess/sharedProcessMain.js:56:35625)
    at t.stat (/opt/visual-studio-code/resources/app/out/vs/code/node/sharedProcess/sharedProcessMain.js:56:28201)
    at async w.stat (/opt/visual-studio-code/resources/app/out/vs/code/node/sharedProcess/sharedProcessMain.js:56:15579)
    at async Q.tb (/opt/visual-studio-code/resources/app/out/vs/code/node/sharedProcess/sharedProcessMain.js:109:9514)
2023-10-07 18:44:20.615 [info] Getting Manifest... ms-python.python
2023-10-07 18:44:20.633 [info] Installing extension: ms-python.python
2023-10-07 18:44:21.987 [info] Getting Manifest... ms-python.vscode-pylance
2023-10-07 18:44:21.990 [info] Getting Manifest... ms-python.vscode-pylance
2023-10-07 18:44:22.014 [info] Installing extension: ms-python.vscode-pylance
2023-10-07 18:44:22.389 [info] Waiting for already requested installing extension ms-python.vscode-pylance ms-python.python
2023-10-07 18:44:24.620 [info] Getting Manifest... ms-python.python
2023-10-07 18:44:24.913 [info] Getting Manifest... ms-vscode.cpptools
2023-10-07 18:44:25.034 [info] Installing extension: ms-vscode.cpptools
2023-10-07 18:44:37.130 [info] Getting Manifest... esbenp.prettier-vscode
2023-10-07 18:44:37.158 [info] Installing extension: esbenp.prettier-vscode
2023-10-07 18:44:38.540 [warning] Extension signature verification failed with error 'UnknownError': ms-python.python
2023-10-07 18:44:39.146 [info] Getting Manifest... ms-toolsai.vscode-jupyter-cell-tags
2023-10-07 18:44:39.188 [info] Installing extension: ms-toolsai.vscode-jupyter-cell-tags
2023-10-07 18:44:39.949 [info] Getting Manifest... ms-toolsai.vscode-jupyter-slideshow
2023-10-07 18:44:39.966 [info] Installing extension: ms-toolsai.vscode-jupyter-slideshow
2023-10-07 18:44:43.407 [warning] Extension signature verification failed with error 'UnknownError': ms-toolsai.vscode-jupyter-cell-tags
2023-10-07 18:44:43.727 [info] Extracted extension to file:///home/karuto/.vscode/extensions/ms-toolsai.vscode-jupyter-cell-tags-0.1.8: ms-toolsai.vscode-jupyter-cell-tags
2023-10-07 18:44:43.792 [info] Renamed to /home/karuto/.vscode/extensions/ms-toolsai.vscode-jupyter-cell-tags-0.1.8
2023-10-07 18:44:43.815 [info] Extracting extension completed. ms-toolsai.vscode-jupyter-cell-tags
2023-10-07 18:44:43.981 [error] [uncaught exception in sharedProcess]: Error: ENOENT: no such file or directory, stat '/home/karuto/.vscode/extensions/extensions.json.vsctmp': EntryNotFound (FileSystemError): Error: ENOENT: no such file or directory, stat '/home/karuto/.vscode/extensions/extensions.json.vsctmp'
    at s.create (/opt/visual-studio-code/resources/app/out/vs/code/node/sharedProcess/sharedProcessMain.js:51:30209)
    at i (/opt/visual-studio-code/resources/app/out/vs/code/node/sharedProcess/sharedProcessMain.js:51:30329)
    at t.eb (/opt/visual-studio-code/resources/app/out/vs/code/node/sharedProcess/sharedProcessMain.js:56:35625)
    at t.stat (/opt/visual-studio-code/resources/app/out/vs/code/node/sharedProcess/sharedProcessMain.js:56:28201)
    at async w.stat (/opt/visual-studio-code/resources/app/out/vs/code/node/sharedProcess/sharedProcessMain.js:56:15579)
    at async Q.tb (/opt/visual-studio-code/resources/app/out/vs/code/node/sharedProcess/sharedProcessMain.js:109:9514)
2023-10-07 18:44:43.987 [info] Extension installed successfully: ms-toolsai.vscode-jupyter-cell-tags
2023-10-07 18:44:44.707 [warning] Extension signature verification failed with error 'UnknownError': ms-toolsai.vscode-jupyter-slideshow
2023-10-07 18:44:44.904 [info] Extracted extension to file:///home/karuto/.vscode/extensions/ms-toolsai.vscode-jupyter-slideshow-0.1.5: ms-toolsai.vscode-jupyter-slideshow
2023-10-07 18:44:44.998 [info] Renamed to /home/karuto/.vscode/extensions/ms-toolsai.vscode-jupyter-slideshow-0.1.5
2023-10-07 18:44:44.999 [info] Extracting extension completed. ms-toolsai.vscode-jupyter-slideshow
2023-10-07 18:44:45.127 [info] Extension installed successfully: ms-toolsai.vscode-jupyter-slideshow
2023-10-07 18:44:46.974 [warning] Extension signature verification failed with error 'UnknownError': esbenp.prettier-vscode
2023-10-07 18:44:47.689 [info] Extracted extension to file:///home/karuto/.vscode/extensions/esbenp.prettier-vscode-10.1.0: esbenp.prettier-vscode
2023-10-07 18:44:47.819 [info] Renamed to /home/karuto/.vscode/extensions/esbenp.prettier-vscode-10.1.0
2023-10-07 18:44:47.838 [info] Extracting extension completed. esbenp.prettier-vscode
2023-10-07 18:44:47.989 [info] Extension installed successfully: esbenp.prettier-vscode
2023-10-07 18:44:48.321 [warning] Extension signature verification failed with error 'UnknownError': ms-python.vscode-pylance
2023-10-07 18:44:52.632 [info] Extracted extension to file:///home/karuto/.vscode/extensions/ms-python.python-2023.18.0: ms-python.python
2023-10-07 18:44:52.757 [info] Renamed to /home/karuto/.vscode/extensions/ms-python.python-2023.18.0
2023-10-07 18:44:52.778 [info] Extracting extension completed. ms-python.python
2023-10-07 18:44:52.892 [error] [uncaught exception in sharedProcess]: Error: ENOENT: no such file or directory, stat '/home/karuto/.vscode/extensions/extensions.json.vsctmp': EntryNotFound (FileSystemError): Error: ENOENT: no such file or directory, stat '/home/karuto/.vscode/extensions/extensions.json.vsctmp'
    at s.create (/opt/visual-studio-code/resources/app/out/vs/code/node/sharedProcess/sharedProcessMain.js:51:30209)
    at i (/opt/visual-studio-code/resources/app/out/vs/code/node/sharedProcess/sharedProcessMain.js:51:30329)
    at t.eb (/opt/visual-studio-code/resources/app/out/vs/code/node/sharedProcess/sharedProcessMain.js:56:35625)
    at t.stat (/opt/visual-studio-code/resources/app/out/vs/code/node/sharedProcess/sharedProcessMain.js:56:28201)
    at async w.stat (/opt/visual-studio-code/resources/app/out/vs/code/node/sharedProcess/sharedProcessMain.js:56:15579)
    at async Q.tb (/opt/visual-studio-code/resources/app/out/vs/code/node/sharedProcess/sharedProcessMain.js:109:9514)
2023-10-07 18:45:01.600 [info] Extracted extension to file:///home/karuto/.vscode/extensions/ms-python.vscode-pylance-2023.10.10: ms-python.vscode-pylance
2023-10-07 18:45:01.925 [info] Renamed to /home/karuto/.vscode/extensions/ms-python.vscode-pylance-2023.10.10
2023-10-07 18:45:01.935 [info] Extracting extension completed. ms-python.vscode-pylance
2023-10-07 18:45:02.132 [info] Extension installed successfully: ms-python.vscode-pylance
2023-10-07 18:45:02.134 [info] Finished waiting for already requested installing extension ms-python.vscode-pylance ms-python.python
2023-10-07 18:45:02.139 [info] Extension installed successfully: ms-python.python
2023-10-07 18:45:30.251 [info] Getting Manifest... sallar.vscode-duotone-dark
2023-10-07 18:45:30.279 [info] Installing extension: sallar.vscode-duotone-dark
2023-10-07 18:45:30.623 [warning] Extension signature verification failed with error 'UnknownError': ms-vscode.cpptools
2023-10-07 18:45:33.598 [warning] Extension signature verification failed with error 'UnknownError': sallar.vscode-duotone-dark
2023-10-07 18:45:33.652 [info] Extracted extension to file:///home/karuto/.vscode/extensions/sallar.vscode-duotone-dark-0.3.3: sallar.vscode-duotone-dark
2023-10-07 18:45:33.804 [info] Renamed to /home/karuto/.vscode/extensions/sallar.vscode-duotone-dark-0.3.3
2023-10-07 18:45:33.825 [info] Extracting extension completed. sallar.vscode-duotone-dark
2023-10-07 18:45:33.973 [info] Extension installed successfully: sallar.vscode-duotone-dark
2023-10-07 18:45:38.375 [info] Extracted extension to file:///home/karuto/.vscode/extensions/ms-vscode.cpptools-1.17.5-linux-x64: ms-vscode.cpptools
2023-10-07 18:45:39.385 [info] Renamed to /home/karuto/.vscode/extensions/ms-vscode.cpptools-1.17.5-linux-x64
2023-10-07 18:45:39.411 [info] Extracting extension completed. ms-vscode.cpptools
2023-10-07 18:45:40.248 [info] Extension installed successfully: ms-vscode.cpptools
2023-10-07 18:45:56.722 [info] Getting Manifest... evgeniypetukhov.dark-low-contrast
2023-10-07 18:45:56.763 [info] Installing extension: evgeniypetukhov.dark-low-contrast
2023-10-07 18:45:58.871 [warning] Extension signature verification failed with error 'UnknownError': evgeniypetukhov.dark-low-contrast
2023-10-07 18:45:58.941 [info] Extracted extension to file:///home/karuto/.vscode/extensions/evgeniypetukhov.dark-low-contrast-0.6.0: evgeniypetukhov.dark-low-contrast
2023-10-07 18:45:59.019 [info] Renamed to /home/karuto/.vscode/extensions/evgeniypetukhov.dark-low-contrast-0.6.0
2023-10-07 18:45:59.024 [info] Extracting extension completed. evgeniypetukhov.dark-low-contrast
2023-10-07 18:45:59.139 [info] Extension installed successfully: evgeniypetukhov.dark-low-contrast
2023-10-07 18:46:18.563 [info] Getting Manifest... cr-jr.chronotype-vscode-themes
2023-10-07 18:46:18.591 [info] Installing extension: cr-jr.chronotype-vscode-themes
2023-10-07 18:46:22.088 [warning] Extension signature verification failed with error 'UnknownError': cr-jr.chronotype-vscode-themes
2023-10-07 18:46:22.356 [info] Extracted extension to file:///home/karuto/.vscode/extensions/cr-jr.chronotype-vscode-themes-0.6.6: cr-jr.chronotype-vscode-themes
2023-10-07 18:46:22.403 [info] Renamed to /home/karuto/.vscode/extensions/cr-jr.chronotype-vscode-themes-0.6.6
2023-10-07 18:46:22.406 [info] Extracting extension completed. cr-jr.chronotype-vscode-themes
2023-10-07 18:46:22.461 [info] Extension installed successfully: cr-jr.chronotype-vscode-themes
2023-10-07 18:46:22.511 [error] [uncaught exception in sharedProcess]: Error: ENOENT: no such file or directory, stat '/home/karuto/.vscode/extensions/extensions.json.vsctmp': EntryNotFound (FileSystemError): Error: ENOENT: no such file or directory, stat '/home/karuto/.vscode/extensions/extensions.json.vsctmp'
    at s.create (/opt/visual-studio-code/resources/app/out/vs/code/node/sharedProcess/sharedProcessMain.js:51:30209)
    at i (/opt/visual-studio-code/resources/app/out/vs/code/node/sharedProcess/sharedProcessMain.js:51:30329)
    at t.eb (/opt/visual-studio-code/resources/app/out/vs/code/node/sharedProcess/sharedProcessMain.js:56:35625)
    at t.stat (/opt/visual-studio-code/resources/app/out/vs/code/node/sharedProcess/sharedProcessMain.js:56:28201)
    at async w.stat (/opt/visual-studio-code/resources/app/out/vs/code/node/sharedProcess/sharedProcessMain.js:56:15579)
    at async Q.tb (/opt/visual-studio-code/resources/app/out/vs/code/node/sharedProcess/sharedProcessMain.js:109:9514)
2023-10-07 18:47:35.647 [info] Getting Manifest... jryans.base16-themes
2023-10-07 18:47:35.675 [info] Installing extension: jryans.base16-themes
2023-10-07 18:47:38.694 [warning] Extension signature verification failed with error 'UnknownError': jryans.base16-themes
2023-10-07 18:47:38.865 [info] Extracted extension to file:///home/karuto/.vscode/extensions/jryans.base16-themes-1.4.0: jryans.base16-themes
2023-10-07 18:47:38.907 [info] Renamed to /home/karuto/.vscode/extensions/jryans.base16-themes-1.4.0
2023-10-07 18:47:38.912 [info] Extracting extension completed. jryans.base16-themes
2023-10-07 18:47:38.966 [info] Extension installed successfully: jryans.base16-themes
2023-10-07 18:47:39.006 [error] [uncaught exception in sharedProcess]: Error: ENOENT: no such file or directory, stat '/home/karuto/.vscode/extensions/extensions.json.vsctmp': EntryNotFound (FileSystemError): Error: ENOENT: no such file or directory, stat '/home/karuto/.vscode/extensions/extensions.json.vsctmp'
    at s.create (/opt/visual-studio-code/resources/app/out/vs/code/node/sharedProcess/sharedProcessMain.js:51:30209)
    at i (/opt/visual-studio-code/resources/app/out/vs/code/node/sharedProcess/sharedProcessMain.js:51:30329)
    at t.eb (/opt/visual-studio-code/resources/app/out/vs/code/node/sharedProcess/sharedProcessMain.js:56:35625)
    at t.stat (/opt/visual-studio-code/resources/app/out/vs/code/node/sharedProcess/sharedProcessMain.js:56:28201)
    at async w.stat (/opt/visual-studio-code/resources/app/out/vs/code/node/sharedProcess/sharedProcessMain.js:56:15579)
    at async Q.tb (/opt/visual-studio-code/resources/app/out/vs/code/node/sharedProcess/sharedProcessMain.js:109:9514)
