2023-10-07 18:53:21.057 [info] Experiment 'python.createEnvironment.trigger' is active
2023-10-07 18:53:21.057 [info] Experiment 'pythonPromptNewFormatterExt' is active
2023-10-07 18:53:21.057 [info] Experiment 'pythonPromptNewToolsExt' is active
2023-10-07 18:53:21.057 [info] Experiment 'pythonTerminalEnvVarActivation' is active
2023-10-07 18:53:21.057 [info] Experiment 'pythonTestAdapter' is active
2023-10-07 18:53:21.355 [info] Test server listening.
2023-10-07 18:53:21.403 [info] > conda info --json
2023-10-07 18:53:22.400 [warning] Retry failed, storage update failed for key PYTHON_GLOBAL_STORAGE_KEYS
2023-10-07 18:53:22.400 [warning] Retry failed, storage update failed for key PYTHON_GLOBAL_STORAGE_KEYS
2023-10-07 18:53:22.400 [warning] Retry failed, storage update failed for key PYTHON_GLOBAL_STORAGE_KEYS
2023-10-07 18:53:22.400 [warning] Retry failed, storage update failed for key PYTHON_GLOBAL_STORAGE_KEYS
2023-10-07 18:53:22.401 [info] Found: /bin/python --> /bin/python3.11
2023-10-07 18:53:22.402 [warning] Retry failed, storage update failed for key PYTHON_WORKSPACE_STORAGE_KEYS
2023-10-07 18:53:22.402 [warning] Retry failed, storage update failed for key PYTHON_WORKSPACE_STORAGE_KEYS
2023-10-07 18:53:22.402 [warning] Retry failed, storage update failed for key PYTHON_WORKSPACE_STORAGE_KEYS
2023-10-07 18:53:22.402 [info] Found: /bin/python3 --> /bin/python3.11
2023-10-07 18:53:22.403 [info] Found: /bin/python3.11 --> /bin/python3.11
2023-10-07 18:53:22.843 [info] Found: /sbin/python --> /sbin/python3.11
2023-10-07 18:53:22.845 [info] Found: /sbin/python3 --> /sbin/python3.11
2023-10-07 18:53:22.846 [info] Found: /sbin/python3.11 --> /sbin/python3.11
2023-10-07 18:53:22.858 [info] Found: /usr/bin/python --> /usr/bin/python3.11
2023-10-07 18:53:22.859 [info] Found: /usr/bin/python3 --> /usr/bin/python3.11
2023-10-07 18:53:22.861 [info] Found: /usr/bin/python3.11 --> /usr/bin/python3.11
2023-10-07 18:53:23.009 [info] Found: /usr/sbin/python --> /usr/sbin/python3.11
2023-10-07 18:53:23.012 [info] Found: /usr/sbin/python3 --> /usr/sbin/python3.11
2023-10-07 18:53:23.012 [info] Found: /usr/sbin/python3.11 --> /usr/sbin/python3.11
2023-10-07 18:53:23.104 [info] > /bin/python -I ~/.vscode/extensions/ms-python.python-2023.18.0/pythonFiles/get_output_via_markers.py ~/.vscode/extensions/ms-python.python-2023.18.0/pythonFiles/interpreterInfo.py
2023-10-07 18:53:23.163 [info] > /sbin/python -I ~/.vscode/extensions/ms-python.python-2023.18.0/pythonFiles/get_output_via_markers.py ~/.vscode/extensions/ms-python.python-2023.18.0/pythonFiles/interpreterInfo.py
2023-10-07 18:53:23.302 [info] > /usr/bin/python -I ~/.vscode/extensions/ms-python.python-2023.18.0/pythonFiles/get_output_via_markers.py ~/.vscode/extensions/ms-python.python-2023.18.0/pythonFiles/interpreterInfo.py
2023-10-07 18:53:23.335 [info] > /usr/sbin/python -I ~/.vscode/extensions/ms-python.python-2023.18.0/pythonFiles/get_output_via_markers.py ~/.vscode/extensions/ms-python.python-2023.18.0/pythonFiles/interpreterInfo.py
2023-10-07 18:53:23.502 [info] Discover tests for workspace name: tflat_search - uri: /home/karuto/tflat_search
2023-10-07 18:53:23.523 [info] Python interpreter path: /bin/python
2023-10-07 18:53:23.660 [warning] Retry failed, storage update failed for key PYTHON_GLOBAL_STORAGE_KEYS
2023-10-07 18:53:26.722 [info] Starting Pylance language server.
