2023-10-07 20:27:10.045 [info] Extension host with pid 50799 started
2023-10-07 20:27:10.045 [info] Skipping acquiring lock for /home/karuto/.config/Code/User/workspaceStorage/6630aba7b1f79aebb1f684596d0faf8f.
2023-10-07 20:27:14.839 [info] ExtensionService#_doActivateExtension vscode.emmet, startup: false, activationEvent: 'onLanguage'
2023-10-07 20:27:14.900 [info] ExtensionService#_doActivateExtension ms-python.python, startup: false, activationEvent: 'onLanguage:python'
2023-10-07 20:27:15.662 [info] ExtensionService#_doActivateExtension vscode.extension-editing, startup: false, activationEvent: 'onLanguage:json'
2023-10-07 20:27:15.783 [info] ExtensionService#_doActivateExtension vscode.json-language-features, startup: false, activationEvent: 'onLanguage:json'
2023-10-07 20:27:16.152 [info] ExtensionService#_doActivateExtension vscode.npm, startup: false, activationEvent: 'onLanguage:json'
2023-10-07 20:27:17.197 [info] ExtensionService#_doActivateExtension vscode.git-base, startup: true, activationEvent: '*', root cause: vscode.git
2023-10-07 20:27:20.209 [info] ExtensionService#_doActivateExtension ms-python.vscode-pylance, startup: false, activationEvent: 'onLanguage:python'
2023-10-07 20:27:21.525 [info] ExtensionService#_doActivateExtension vscode.git, startup: true, activationEvent: '*'
2023-10-07 20:27:21.674 [info] ExtensionService#_doActivateExtension vscode.github, startup: true, activationEvent: '*'
2023-10-07 20:27:22.143 [info] Eager extensions activated
2023-10-07 20:27:23.949 [info] ExtensionService#_doActivateExtension vscode.debug-auto-launch, startup: false, activationEvent: 'onStartupFinished'
2023-10-07 20:27:24.243 [info] ExtensionService#_doActivateExtension vscode.merge-conflict, startup: false, activationEvent: 'onStartupFinished'
2023-10-07 20:27:24.469 [info] ExtensionService#_doActivateExtension esbenp.prettier-vscode, startup: false, activationEvent: 'onStartupFinished'
2023-10-07 20:27:25.948 [info] ExtensionService#_doActivateExtension vscode.microsoft-authentication, startup: false, activationEvent: 'onAuthenticationRequest:microsoft'
2023-10-07 20:27:26.368 [info] ExtensionService#_doActivateExtension vscode.github-authentication, startup: false, activationEvent: 'onAuthenticationRequest:github'
2023-10-07 20:27:30.841 [info] Getting edit session identifier for workspaceFolder {"$mid":1,"fsPath":"/home/karuto/tflat_search-1","external":"file:///home/karuto/tflat_search-1","path":"/home/karuto/tflat_search-1","scheme":"file"}
2023-10-07 20:27:30.842 [info] Invoking #provideEditSessionIdentity for workspaceFolder {"uri":{"$mid":1,"fsPath":"/home/karuto/tflat_search-1","external":"file:///home/karuto/tflat_search-1","path":"/home/karuto/tflat_search-1","scheme":"file"},"name":"tflat_search-1","index":0}
2023-10-07 20:27:30.842 [info] Provider for scheme file is defined:  true
2023-10-07 20:27:37.852 [info] Provider returned edit session identifier:  {"remote":"https://github.com/Taki132/tflat_search.git","ref":"main","sha":"72a058b69d938cc9b4133c0f4342be89664d4785"}
2023-10-07 20:27:39.711 [info] Getting edit session identifier for workspaceFolder {"$mid":1,"fsPath":"/home/karuto/tflat_search-1","external":"file:///home/karuto/tflat_search-1","path":"/home/karuto/tflat_search-1","scheme":"file"}
2023-10-07 20:27:39.712 [info] Invoking #provideEditSessionIdentity for workspaceFolder {"uri":{"$mid":1,"fsPath":"/home/karuto/tflat_search-1","external":"file:///home/karuto/tflat_search-1","path":"/home/karuto/tflat_search-1","scheme":"file"},"name":"tflat_search-1","index":0}
2023-10-07 20:27:39.712 [info] Provider for scheme file is defined:  true
2023-10-07 20:27:39.712 [info] Provider returned edit session identifier match result:  0
